06-17 10:44 DEBUG    Starting new HTTPS connection (1): paper-api.alpaca.markets:443
06-17 10:44 DEBUG    https://paper-api.alpaca.markets:443 "GET /v2/calendar?start=2020-06-17&end=2020-06-17 HTTP/1.1" 200 99
06-17 10:44 INFO     Current time: 2020-06-17 10:44:09.301766-04:00
06-17 10:44 INFO     Market open time: 2020-06-17 09:30:00.702184-04:00
06-17 10:44 INFO     Time since market open: 1:14:08.599582
06-17 10:44 INFO     Getting current ticker data...
06-17 10:44 DEBUG    Starting new HTTPS connection (1): api.polygon.io:443
06-17 10:44 DEBUG    https://api.polygon.io:443 "GET /v2/snapshot/locale/us/markets/stocks/tickers?apiKey=PK4GVNA38G1WX8T8EG4P HTTP/1.1" 200 None
06-17 10:44 INFO     Success.
06-17 10:44 DEBUG    https://paper-api.alpaca.markets:443 "GET /v2/assets HTTP/1.1" 200 None
06-17 10:44 DEBUG    Using selector: KqueueSelector
06-17 10:44 INFO     HIBS - previous day close: $6.240000; volume today: 687561
06-17 10:44 INFO     NLS - previous day close: $6.940000; volume today: 871998
06-17 10:44 INFO     RKDA - previous day close: $3.950000; volume today: 133196
06-17 10:44 INFO     ORN - previous day close: $2.930000; volume today: 146202
06-17 10:44 INFO     UONEK - previous day close: $2.740000; volume today: 52066218
06-17 10:44 INFO     NBLX - previous day close: $9.810000; volume today: 155163
06-17 10:44 INFO     HCCH - previous day close: $11.000000; volume today: 405423
06-17 10:44 INFO     ATOM - previous day close: $9.300000; volume today: 219109
06-17 10:44 INFO     GNMK - previous day close: $11.990000; volume today: 329663
06-17 10:44 INFO     WBAI - previous day close: $4.130000; volume today: 108164
06-17 10:44 INFO     BSGM - previous day close: $10.210000; volume today: 503918
06-17 10:44 INFO     GFI - previous day close: $7.440000; volume today: 2109314
06-17 10:44 INFO     SBLK - previous day close: $6.930000; volume today: 260311
06-17 10:44 INFO     IKNX - previous day close: $3.750000; volume today: 157306
06-17 10:44 INFO     AVXL - previous day close: $4.150000; volume today: 524881
06-17 10:44 INFO     TCCO - previous day close: $3.600000; volume today: 324584
06-17 10:44 INFO     REDU - previous day close: $3.690000; volume today: 115984
06-17 10:44 INFO     IMUX - previous day close: $11.610000; volume today: 130190
06-17 10:44 INFO     NK - previous day close: $8.050000; volume today: 795453
06-17 10:44 INFO     QMCO - previous day close: $4.200000; volume today: 124566
06-17 10:44 INFO     IMTE - previous day close: $4.400000; volume today: 2330461
06-17 10:44 INFO     AAOI - previous day close: $9.190000; volume today: 229892
06-17 10:44 INFO     PSTV - previous day close: $2.110000; volume today: 157566
06-17 10:44 INFO     BDRY - previous day close: $7.220000; volume today: 312971
06-17 10:44 INFO     CLSN - previous day close: $4.880000; volume today: 5152324
06-17 10:44 INFO     EBR - previous day close: $5.590000; volume today: 388580
06-17 10:44 INFO     WATT - previous day close: $2.210000; volume today: 15616139
06-17 10:44 INFO     CAPR - previous day close: $4.730000; volume today: 402505
06-17 10:44 INFO     MBIO - previous day close: $3.400000; volume today: 769746
06-17 10:44 INFO     TIGR - previous day close: $3.880000; volume today: 147132
06-17 10:44 INFO     DRIP - previous day close: $4.270000; volume today: 4326115
06-17 10:44 INFO     HBIO - previous day close: $2.940000; volume today: 85125
06-17 10:44 INFO     JAX - previous day close: $4.930000; volume today: 133643
06-17 10:44 INFO     CRDF - previous day close: $2.600000; volume today: 126695
06-17 10:44 INFO     IRWD - previous day close: $9.530000; volume today: 479322
06-17 10:44 INFO     CMCM - previous day close: $3.120000; volume today: 237508
06-17 10:44 INFO     CLIR - previous day close: $2.370000; volume today: 33951114
06-17 10:44 INFO     ALIM - previous day close: $5.180000; volume today: 34613
06-17 10:44 INFO     UGP - previous day close: $3.330000; volume today: 265049
06-17 10:44 INFO     OSMT - previous day close: $5.480000; volume today: 231747
06-17 10:44 INFO     EYEN - previous day close: $3.250000; volume today: 23476
06-17 10:44 INFO     SECO - previous day close: $3.320000; volume today: 162516
06-17 10:44 INFO     KMDA - previous day close: $8.410000; volume today: 567377
06-17 10:44 INFO     PAVM - previous day close: $2.170000; volume today: 563798
06-17 10:44 INFO     GNSS - previous day close: $5.660000; volume today: 18562
06-17 10:44 INFO     GOGL - previous day close: $4.010000; volume today: 318616
06-17 10:44 INFO     MLND - previous day close: $2.380000; volume today: 3675694
06-17 10:44 INFO     SY - previous day close: $10.100000; volume today: 443332
06-17 10:44 INFO     MDWD - previous day close: $2.170000; volume today: 115874
06-17 10:44 INFO     ICAD - previous day close: $10.980000; volume today: 33764
06-17 10:44 INFO     HAPP - previous day close: $2.860000; volume today: 877891
06-17 10:44 INFO     VBIV - previous day close: $2.620000; volume today: 3256929
06-17 10:44 INFO     CLDR - previous day close: $12.260000; volume today: 3033817
06-17 10:44 INFO     VOXX - previous day close: $5.840000; volume today: 38280
06-17 10:44 INFO     ETTX - previous day close: $3.040000; volume today: 69953
06-17 10:44 INFO     OPRA - previous day close: $7.540000; volume today: 205440
06-17 10:44 INFO     CIG - previous day close: $2.160000; volume today: 851775
06-17 10:44 INFO     LEAF - previous day close: $2.900000; volume today: 158141
06-17 10:44 INFO     AGFS - previous day close: $3.420000; volume today: 26542
06-17 10:44 INFO     AXDX - previous day close: $11.290000; volume today: 154695
06-17 10:44 INFO     XRF - previous day close: $2.120000; volume today: 1107108
06-17 10:44 INFO     CSPR - previous day close: $8.650000; volume today: 129669
06-17 10:44 INFO     DLNG - previous day close: $3.110000; volume today: 374997
06-17 10:44 INFO     MDIA - previous day close: $6.650000; volume today: 217733
06-17 10:44 INFO     CNXM - previous day close: $8.240000; volume today: 123998
06-17 10:44 INFO     ZIOP - previous day close: $3.300000; volume today: 481542
06-17 10:44 INFO     IEA - previous day close: $2.550000; volume today: 75088
06-17 10:44 INFO     LX - previous day close: $10.760000; volume today: 1518470
06-17 10:44 INFO     CRBP - previous day close: $7.580000; volume today: 472119
06-17 10:44 INFO     CLDX - previous day close: $10.250000; volume today: 916651
06-17 10:44 INFO     Tracking 70 symbols.
06-17 10:44 INFO     Getting historical data...
06-17 10:44 DEBUG    https://api.polygon.io:443 "GET /v2/aggs/ticker/HIBS/range/1/minute/2020-06-15/2020-06-17?unadjusted=False&limit=1000&apiKey=PK4GVNA38G1WX8T8EG4P HTTP/1.1" 200 None
06-17 10:44 INFO     1/70 : HIBS
06-17 10:44 DEBUG    https://api.polygon.io:443 "GET /v2/aggs/ticker/NLS/range/1/minute/2020-06-15/2020-06-17?unadjusted=False&limit=1000&apiKey=PK4GVNA38G1WX8T8EG4P HTTP/1.1" 200 None
06-17 10:44 INFO     2/70 : NLS
06-17 10:44 DEBUG    https://api.polygon.io:443 "GET /v2/aggs/ticker/RKDA/range/1/minute/2020-06-15/2020-06-17?unadjusted=False&limit=1000&apiKey=PK4GVNA38G1WX8T8EG4P HTTP/1.1" 200 None
06-17 10:44 INFO     3/70 : RKDA
06-17 10:44 DEBUG    https://api.polygon.io:443 "GET /v2/aggs/ticker/ORN/range/1/minute/2020-06-15/2020-06-17?unadjusted=False&limit=1000&apiKey=PK4GVNA38G1WX8T8EG4P HTTP/1.1" 200 None
06-17 10:44 INFO     4/70 : ORN
06-17 10:44 DEBUG    https://api.polygon.io:443 "GET /v2/aggs/ticker/UONEK/range/1/minute/2020-06-15/2020-06-17?unadjusted=False&limit=1000&apiKey=PK4GVNA38G1WX8T8EG4P HTTP/1.1" 200 None
06-17 10:44 INFO     5/70 : UONEK
06-17 10:44 DEBUG    https://api.polygon.io:443 "GET /v2/aggs/ticker/NBLX/range/1/minute/2020-06-15/2020-06-17?unadjusted=False&limit=1000&apiKey=PK4GVNA38G1WX8T8EG4P HTTP/1.1" 200 None
06-17 10:44 INFO     6/70 : NBLX
06-17 10:44 DEBUG    https://api.polygon.io:443 "GET /v2/aggs/ticker/HCCH/range/1/minute/2020-06-15/2020-06-17?unadjusted=False&limit=1000&apiKey=PK4GVNA38G1WX8T8EG4P HTTP/1.1" 200 None
06-17 10:44 INFO     7/70 : HCCH
06-17 10:44 DEBUG    https://api.polygon.io:443 "GET /v2/aggs/ticker/ATOM/range/1/minute/2020-06-15/2020-06-17?unadjusted=False&limit=1000&apiKey=PK4GVNA38G1WX8T8EG4P HTTP/1.1" 200 None
06-17 10:44 INFO     8/70 : ATOM
06-17 10:44 DEBUG    https://api.polygon.io:443 "GET /v2/aggs/ticker/GNMK/range/1/minute/2020-06-15/2020-06-17?unadjusted=False&limit=1000&apiKey=PK4GVNA38G1WX8T8EG4P HTTP/1.1" 200 None
06-17 10:44 INFO     9/70 : GNMK
06-17 10:44 DEBUG    https://api.polygon.io:443 "GET /v2/aggs/ticker/WBAI/range/1/minute/2020-06-15/2020-06-17?unadjusted=False&limit=1000&apiKey=PK4GVNA38G1WX8T8EG4P HTTP/1.1" 200 None
06-17 10:44 INFO     10/70 : WBAI
06-17 10:44 DEBUG    https://api.polygon.io:443 "GET /v2/aggs/ticker/BSGM/range/1/minute/2020-06-15/2020-06-17?unadjusted=False&limit=1000&apiKey=PK4GVNA38G1WX8T8EG4P HTTP/1.1" 200 None
06-17 10:44 INFO     11/70 : BSGM
06-17 10:44 DEBUG    https://api.polygon.io:443 "GET /v2/aggs/ticker/GFI/range/1/minute/2020-06-15/2020-06-17?unadjusted=False&limit=1000&apiKey=PK4GVNA38G1WX8T8EG4P HTTP/1.1" 200 None
06-17 10:44 INFO     12/70 : GFI
06-17 10:44 DEBUG    https://api.polygon.io:443 "GET /v2/aggs/ticker/SBLK/range/1/minute/2020-06-15/2020-06-17?unadjusted=False&limit=1000&apiKey=PK4GVNA38G1WX8T8EG4P HTTP/1.1" 200 None
06-17 10:44 INFO     13/70 : SBLK
06-17 10:44 DEBUG    https://api.polygon.io:443 "GET /v2/aggs/ticker/IKNX/range/1/minute/2020-06-15/2020-06-17?unadjusted=False&limit=1000&apiKey=PK4GVNA38G1WX8T8EG4P HTTP/1.1" 200 None
06-17 10:44 INFO     14/70 : IKNX
06-17 10:44 DEBUG    https://api.polygon.io:443 "GET /v2/aggs/ticker/AVXL/range/1/minute/2020-06-15/2020-06-17?unadjusted=False&limit=1000&apiKey=PK4GVNA38G1WX8T8EG4P HTTP/1.1" 200 None
06-17 10:44 INFO     15/70 : AVXL
06-17 10:44 DEBUG    https://api.polygon.io:443 "GET /v2/aggs/ticker/TCCO/range/1/minute/2020-06-15/2020-06-17?unadjusted=False&limit=1000&apiKey=PK4GVNA38G1WX8T8EG4P HTTP/1.1" 200 None
06-17 10:44 INFO     16/70 : TCCO
06-17 10:44 DEBUG    https://api.polygon.io:443 "GET /v2/aggs/ticker/REDU/range/1/minute/2020-06-15/2020-06-17?unadjusted=False&limit=1000&apiKey=PK4GVNA38G1WX8T8EG4P HTTP/1.1" 200 None
06-17 10:44 INFO     17/70 : REDU
06-17 10:44 DEBUG    https://api.polygon.io:443 "GET /v2/aggs/ticker/IMUX/range/1/minute/2020-06-15/2020-06-17?unadjusted=False&limit=1000&apiKey=PK4GVNA38G1WX8T8EG4P HTTP/1.1" 200 None
06-17 10:44 INFO     18/70 : IMUX
06-17 10:44 DEBUG    https://api.polygon.io:443 "GET /v2/aggs/ticker/NK/range/1/minute/2020-06-15/2020-06-17?unadjusted=False&limit=1000&apiKey=PK4GVNA38G1WX8T8EG4P HTTP/1.1" 200 None
06-17 10:44 INFO     19/70 : NK
06-17 10:44 DEBUG    https://api.polygon.io:443 "GET /v2/aggs/ticker/QMCO/range/1/minute/2020-06-15/2020-06-17?unadjusted=False&limit=1000&apiKey=PK4GVNA38G1WX8T8EG4P HTTP/1.1" 200 None
06-17 10:44 INFO     20/70 : QMCO
06-17 10:44 DEBUG    https://api.polygon.io:443 "GET /v2/aggs/ticker/IMTE/range/1/minute/2020-06-15/2020-06-17?unadjusted=False&limit=1000&apiKey=PK4GVNA38G1WX8T8EG4P HTTP/1.1" 200 None
06-17 10:44 INFO     21/70 : IMTE
06-17 10:44 DEBUG    https://api.polygon.io:443 "GET /v2/aggs/ticker/AAOI/range/1/minute/2020-06-15/2020-06-17?unadjusted=False&limit=1000&apiKey=PK4GVNA38G1WX8T8EG4P HTTP/1.1" 200 None
06-17 10:44 INFO     22/70 : AAOI
06-17 10:44 DEBUG    https://api.polygon.io:443 "GET /v2/aggs/ticker/PSTV/range/1/minute/2020-06-15/2020-06-17?unadjusted=False&limit=1000&apiKey=PK4GVNA38G1WX8T8EG4P HTTP/1.1" 200 None
06-17 10:44 INFO     23/70 : PSTV
06-17 10:44 DEBUG    https://api.polygon.io:443 "GET /v2/aggs/ticker/BDRY/range/1/minute/2020-06-15/2020-06-17?unadjusted=False&limit=1000&apiKey=PK4GVNA38G1WX8T8EG4P HTTP/1.1" 200 None
06-17 10:44 INFO     24/70 : BDRY
06-17 10:44 DEBUG    https://api.polygon.io:443 "GET /v2/aggs/ticker/CLSN/range/1/minute/2020-06-15/2020-06-17?unadjusted=False&limit=1000&apiKey=PK4GVNA38G1WX8T8EG4P HTTP/1.1" 200 None
06-17 10:44 INFO     25/70 : CLSN
06-17 10:44 DEBUG    https://api.polygon.io:443 "GET /v2/aggs/ticker/EBR/range/1/minute/2020-06-15/2020-06-17?unadjusted=False&limit=1000&apiKey=PK4GVNA38G1WX8T8EG4P HTTP/1.1" 200 None
06-17 10:44 INFO     26/70 : EBR
06-17 10:44 DEBUG    https://api.polygon.io:443 "GET /v2/aggs/ticker/WATT/range/1/minute/2020-06-15/2020-06-17?unadjusted=False&limit=1000&apiKey=PK4GVNA38G1WX8T8EG4P HTTP/1.1" 200 None
06-17 10:44 INFO     27/70 : WATT
06-17 10:44 DEBUG    https://api.polygon.io:443 "GET /v2/aggs/ticker/CAPR/range/1/minute/2020-06-15/2020-06-17?unadjusted=False&limit=1000&apiKey=PK4GVNA38G1WX8T8EG4P HTTP/1.1" 200 None
06-17 10:44 INFO     28/70 : CAPR
06-17 10:44 DEBUG    https://api.polygon.io:443 "GET /v2/aggs/ticker/MBIO/range/1/minute/2020-06-15/2020-06-17?unadjusted=False&limit=1000&apiKey=PK4GVNA38G1WX8T8EG4P HTTP/1.1" 200 None
06-17 10:44 INFO     29/70 : MBIO
06-17 10:44 DEBUG    https://api.polygon.io:443 "GET /v2/aggs/ticker/TIGR/range/1/minute/2020-06-15/2020-06-17?unadjusted=False&limit=1000&apiKey=PK4GVNA38G1WX8T8EG4P HTTP/1.1" 200 None
06-17 10:44 INFO     30/70 : TIGR
06-17 10:44 DEBUG    https://api.polygon.io:443 "GET /v2/aggs/ticker/DRIP/range/1/minute/2020-06-15/2020-06-17?unadjusted=False&limit=1000&apiKey=PK4GVNA38G1WX8T8EG4P HTTP/1.1" 200 None
06-17 10:44 INFO     31/70 : DRIP
06-17 10:44 DEBUG    https://api.polygon.io:443 "GET /v2/aggs/ticker/HBIO/range/1/minute/2020-06-15/2020-06-17?unadjusted=False&limit=1000&apiKey=PK4GVNA38G1WX8T8EG4P HTTP/1.1" 200 None
06-17 10:44 INFO     32/70 : HBIO
06-17 10:44 DEBUG    https://api.polygon.io:443 "GET /v2/aggs/ticker/JAX/range/1/minute/2020-06-15/2020-06-17?unadjusted=False&limit=1000&apiKey=PK4GVNA38G1WX8T8EG4P HTTP/1.1" 200 None
06-17 10:44 INFO     33/70 : JAX
06-17 10:44 DEBUG    https://api.polygon.io:443 "GET /v2/aggs/ticker/CRDF/range/1/minute/2020-06-15/2020-06-17?unadjusted=False&limit=1000&apiKey=PK4GVNA38G1WX8T8EG4P HTTP/1.1" 200 None
06-17 10:44 INFO     34/70 : CRDF
06-17 10:44 DEBUG    https://api.polygon.io:443 "GET /v2/aggs/ticker/IRWD/range/1/minute/2020-06-15/2020-06-17?unadjusted=False&limit=1000&apiKey=PK4GVNA38G1WX8T8EG4P HTTP/1.1" 200 None
06-17 10:44 INFO     35/70 : IRWD
06-17 10:44 DEBUG    https://api.polygon.io:443 "GET /v2/aggs/ticker/CMCM/range/1/minute/2020-06-15/2020-06-17?unadjusted=False&limit=1000&apiKey=PK4GVNA38G1WX8T8EG4P HTTP/1.1" 200 None
06-17 10:44 INFO     36/70 : CMCM
06-17 10:44 DEBUG    https://api.polygon.io:443 "GET /v2/aggs/ticker/CLIR/range/1/minute/2020-06-15/2020-06-17?unadjusted=False&limit=1000&apiKey=PK4GVNA38G1WX8T8EG4P HTTP/1.1" 200 None
06-17 10:44 INFO     37/70 : CLIR
06-17 10:44 DEBUG    https://api.polygon.io:443 "GET /v2/aggs/ticker/ALIM/range/1/minute/2020-06-15/2020-06-17?unadjusted=False&limit=1000&apiKey=PK4GVNA38G1WX8T8EG4P HTTP/1.1" 200 None
06-17 10:44 INFO     38/70 : ALIM
06-17 10:44 DEBUG    https://api.polygon.io:443 "GET /v2/aggs/ticker/UGP/range/1/minute/2020-06-15/2020-06-17?unadjusted=False&limit=1000&apiKey=PK4GVNA38G1WX8T8EG4P HTTP/1.1" 200 None
06-17 10:44 INFO     39/70 : UGP
06-17 10:44 DEBUG    https://api.polygon.io:443 "GET /v2/aggs/ticker/OSMT/range/1/minute/2020-06-15/2020-06-17?unadjusted=False&limit=1000&apiKey=PK4GVNA38G1WX8T8EG4P HTTP/1.1" 200 None
06-17 10:44 INFO     40/70 : OSMT
06-17 10:44 DEBUG    https://api.polygon.io:443 "GET /v2/aggs/ticker/EYEN/range/1/minute/2020-06-15/2020-06-17?unadjusted=False&limit=1000&apiKey=PK4GVNA38G1WX8T8EG4P HTTP/1.1" 200 None
06-17 10:44 INFO     41/70 : EYEN
06-17 10:44 DEBUG    https://api.polygon.io:443 "GET /v2/aggs/ticker/SECO/range/1/minute/2020-06-15/2020-06-17?unadjusted=False&limit=1000&apiKey=PK4GVNA38G1WX8T8EG4P HTTP/1.1" 200 None
06-17 10:44 INFO     42/70 : SECO
06-17 10:44 DEBUG    https://api.polygon.io:443 "GET /v2/aggs/ticker/KMDA/range/1/minute/2020-06-15/2020-06-17?unadjusted=False&limit=1000&apiKey=PK4GVNA38G1WX8T8EG4P HTTP/1.1" 200 None
06-17 10:44 INFO     43/70 : KMDA
06-17 10:44 DEBUG    https://api.polygon.io:443 "GET /v2/aggs/ticker/PAVM/range/1/minute/2020-06-15/2020-06-17?unadjusted=False&limit=1000&apiKey=PK4GVNA38G1WX8T8EG4P HTTP/1.1" 200 None
06-17 10:44 INFO     44/70 : PAVM
06-17 10:44 DEBUG    https://api.polygon.io:443 "GET /v2/aggs/ticker/GNSS/range/1/minute/2020-06-15/2020-06-17?unadjusted=False&limit=1000&apiKey=PK4GVNA38G1WX8T8EG4P HTTP/1.1" 200 None
06-17 10:44 INFO     45/70 : GNSS
06-17 10:44 DEBUG    https://api.polygon.io:443 "GET /v2/aggs/ticker/GOGL/range/1/minute/2020-06-15/2020-06-17?unadjusted=False&limit=1000&apiKey=PK4GVNA38G1WX8T8EG4P HTTP/1.1" 200 None
06-17 10:44 INFO     46/70 : GOGL
06-17 10:44 DEBUG    https://api.polygon.io:443 "GET /v2/aggs/ticker/MLND/range/1/minute/2020-06-15/2020-06-17?unadjusted=False&limit=1000&apiKey=PK4GVNA38G1WX8T8EG4P HTTP/1.1" 200 None
06-17 10:44 INFO     47/70 : MLND
06-17 10:44 DEBUG    https://api.polygon.io:443 "GET /v2/aggs/ticker/SY/range/1/minute/2020-06-15/2020-06-17?unadjusted=False&limit=1000&apiKey=PK4GVNA38G1WX8T8EG4P HTTP/1.1" 200 None
06-17 10:44 INFO     48/70 : SY
06-17 10:44 DEBUG    https://api.polygon.io:443 "GET /v2/aggs/ticker/MDWD/range/1/minute/2020-06-15/2020-06-17?unadjusted=False&limit=1000&apiKey=PK4GVNA38G1WX8T8EG4P HTTP/1.1" 200 None
06-17 10:44 INFO     49/70 : MDWD
06-17 10:44 DEBUG    https://api.polygon.io:443 "GET /v2/aggs/ticker/ICAD/range/1/minute/2020-06-15/2020-06-17?unadjusted=False&limit=1000&apiKey=PK4GVNA38G1WX8T8EG4P HTTP/1.1" 200 None
06-17 10:44 INFO     50/70 : ICAD
06-17 10:44 DEBUG    https://api.polygon.io:443 "GET /v2/aggs/ticker/HAPP/range/1/minute/2020-06-15/2020-06-17?unadjusted=False&limit=1000&apiKey=PK4GVNA38G1WX8T8EG4P HTTP/1.1" 200 None
06-17 10:44 INFO     51/70 : HAPP
06-17 10:44 DEBUG    https://api.polygon.io:443 "GET /v2/aggs/ticker/VBIV/range/1/minute/2020-06-15/2020-06-17?unadjusted=False&limit=1000&apiKey=PK4GVNA38G1WX8T8EG4P HTTP/1.1" 200 None
06-17 10:44 INFO     52/70 : VBIV
06-17 10:44 DEBUG    https://api.polygon.io:443 "GET /v2/aggs/ticker/CLDR/range/1/minute/2020-06-15/2020-06-17?unadjusted=False&limit=1000&apiKey=PK4GVNA38G1WX8T8EG4P HTTP/1.1" 200 None
06-17 10:44 INFO     53/70 : CLDR
06-17 10:44 DEBUG    https://api.polygon.io:443 "GET /v2/aggs/ticker/VOXX/range/1/minute/2020-06-15/2020-06-17?unadjusted=False&limit=1000&apiKey=PK4GVNA38G1WX8T8EG4P HTTP/1.1" 200 None
06-17 10:44 INFO     54/70 : VOXX
06-17 10:44 DEBUG    https://api.polygon.io:443 "GET /v2/aggs/ticker/ETTX/range/1/minute/2020-06-15/2020-06-17?unadjusted=False&limit=1000&apiKey=PK4GVNA38G1WX8T8EG4P HTTP/1.1" 200 None
06-17 10:44 INFO     55/70 : ETTX
06-17 10:44 DEBUG    https://api.polygon.io:443 "GET /v2/aggs/ticker/OPRA/range/1/minute/2020-06-15/2020-06-17?unadjusted=False&limit=1000&apiKey=PK4GVNA38G1WX8T8EG4P HTTP/1.1" 200 None
06-17 10:44 INFO     56/70 : OPRA
06-17 10:44 DEBUG    https://api.polygon.io:443 "GET /v2/aggs/ticker/CIG/range/1/minute/2020-06-15/2020-06-17?unadjusted=False&limit=1000&apiKey=PK4GVNA38G1WX8T8EG4P HTTP/1.1" 200 None
06-17 10:44 INFO     57/70 : CIG
06-17 10:44 DEBUG    https://api.polygon.io:443 "GET /v2/aggs/ticker/LEAF/range/1/minute/2020-06-15/2020-06-17?unadjusted=False&limit=1000&apiKey=PK4GVNA38G1WX8T8EG4P HTTP/1.1" 200 None
06-17 10:44 INFO     58/70 : LEAF
06-17 10:44 DEBUG    https://api.polygon.io:443 "GET /v2/aggs/ticker/AGFS/range/1/minute/2020-06-15/2020-06-17?unadjusted=False&limit=1000&apiKey=PK4GVNA38G1WX8T8EG4P HTTP/1.1" 200 None
06-17 10:44 INFO     59/70 : AGFS
06-17 10:44 DEBUG    https://api.polygon.io:443 "GET /v2/aggs/ticker/AXDX/range/1/minute/2020-06-15/2020-06-17?unadjusted=False&limit=1000&apiKey=PK4GVNA38G1WX8T8EG4P HTTP/1.1" 200 None
06-17 10:44 INFO     60/70 : AXDX
06-17 10:44 DEBUG    https://api.polygon.io:443 "GET /v2/aggs/ticker/XRF/range/1/minute/2020-06-15/2020-06-17?unadjusted=False&limit=1000&apiKey=PK4GVNA38G1WX8T8EG4P HTTP/1.1" 200 None
06-17 10:44 INFO     61/70 : XRF
06-17 10:44 DEBUG    https://api.polygon.io:443 "GET /v2/aggs/ticker/CSPR/range/1/minute/2020-06-15/2020-06-17?unadjusted=False&limit=1000&apiKey=PK4GVNA38G1WX8T8EG4P HTTP/1.1" 200 None
06-17 10:44 INFO     62/70 : CSPR
06-17 10:44 DEBUG    https://api.polygon.io:443 "GET /v2/aggs/ticker/DLNG/range/1/minute/2020-06-15/2020-06-17?unadjusted=False&limit=1000&apiKey=PK4GVNA38G1WX8T8EG4P HTTP/1.1" 200 None
06-17 10:44 INFO     63/70 : DLNG
06-17 10:44 DEBUG    https://api.polygon.io:443 "GET /v2/aggs/ticker/MDIA/range/1/minute/2020-06-15/2020-06-17?unadjusted=False&limit=1000&apiKey=PK4GVNA38G1WX8T8EG4P HTTP/1.1" 200 None
06-17 10:44 INFO     64/70 : MDIA
06-17 10:44 DEBUG    https://api.polygon.io:443 "GET /v2/aggs/ticker/CNXM/range/1/minute/2020-06-15/2020-06-17?unadjusted=False&limit=1000&apiKey=PK4GVNA38G1WX8T8EG4P HTTP/1.1" 200 None
06-17 10:44 INFO     65/70 : CNXM
06-17 10:44 DEBUG    https://api.polygon.io:443 "GET /v2/aggs/ticker/ZIOP/range/1/minute/2020-06-15/2020-06-17?unadjusted=False&limit=1000&apiKey=PK4GVNA38G1WX8T8EG4P HTTP/1.1" 200 None
06-17 10:44 INFO     66/70 : ZIOP
06-17 10:44 DEBUG    https://api.polygon.io:443 "GET /v2/aggs/ticker/IEA/range/1/minute/2020-06-15/2020-06-17?unadjusted=False&limit=1000&apiKey=PK4GVNA38G1WX8T8EG4P HTTP/1.1" 200 None
06-17 10:44 INFO     67/70 : IEA
06-17 10:44 DEBUG    https://api.polygon.io:443 "GET /v2/aggs/ticker/LX/range/1/minute/2020-06-15/2020-06-17?unadjusted=False&limit=1000&apiKey=PK4GVNA38G1WX8T8EG4P HTTP/1.1" 200 None
06-17 10:44 INFO     68/70 : LX
06-17 10:44 DEBUG    https://api.polygon.io:443 "GET /v2/aggs/ticker/CRBP/range/1/minute/2020-06-15/2020-06-17?unadjusted=False&limit=1000&apiKey=PK4GVNA38G1WX8T8EG4P HTTP/1.1" 200 None
06-17 10:44 INFO     69/70 : CRBP
06-17 10:44 DEBUG    https://api.polygon.io:443 "GET /v2/aggs/ticker/CLDX/range/1/minute/2020-06-15/2020-06-17?unadjusted=False&limit=1000&apiKey=PK4GVNA38G1WX8T8EG4P HTTP/1.1" 200 None
06-17 10:44 INFO     70/70 : CLDX
06-17 10:44 INFO     Success.
06-17 10:44 DEBUG    https://paper-api.alpaca.markets:443 "GET /v2/account HTTP/1.1" 200 680
06-17 10:44 DEBUG    https://paper-api.alpaca.markets:443 "GET /v2/account HTTP/1.1" 200 680
06-17 10:44 INFO     Portfolio value = $23,947.42
06-17 10:44 DEBUG    https://paper-api.alpaca.markets:443 "GET /v2/orders?limit=500 HTTP/1.1" 200 2
06-17 10:44 DEBUG    https://paper-api.alpaca.markets:443 "GET /v2/positions HTTP/1.1" 200 None
06-17 10:44 INFO     Currently holding 1851 qty of stock TAST
06-17 10:44 DEBUG    https://paper-api.alpaca.markets:443 "GET /v2/account HTTP/1.1" 200 680
06-17 10:44 INFO     Submitting sell for 1851 shares of TAST at market price
06-17 10:44 DEBUG    https://paper-api.alpaca.markets:443 "POST /v2/orders HTTP/1.1" 200 687
06-17 10:44 INFO     Currently holding 1923 qty of stock PGRE
06-17 10:44 DEBUG    https://paper-api.alpaca.markets:443 "GET /v2/account HTTP/1.1" 200 680
06-17 10:44 INFO     Submitting sell for 1923 shares of PGRE at market price
06-17 10:44 DEBUG    https://paper-api.alpaca.markets:443 "POST /v2/orders HTTP/1.1" 200 687
06-17 10:44 INFO     Currently holding 1428 qty of stock PE
06-17 10:44 DEBUG    https://paper-api.alpaca.markets:443 "GET /v2/account HTTP/1.1" 200 689
