2020-05-20 10:14:25,450 DEBUG   : Debug messages are only sent to the logfile.
2020-05-20 10:14:25,451 INFO    : Info messages are not shown on the console, too.
2020-05-20 10:14:25,451 WARNING : Warnings appear both on the console and in the logfile.
2020-05-20 10:14:25,451 ERROR   : Errors get the same treatment.
2020-05-20 10:14:25,451 CRITICAL: And critical messages, of course.
2020-05-20 10:14:25,509 DEBUG   : Starting new HTTPS connection (1): paper-api.alpaca.markets:443
2020-05-20 10:14:25,770 DEBUG   : https://paper-api.alpaca.markets:443 "GET /v2/calendar?start=2020-05-20&end=2020-05-20 HTTP/1.1" 200 99
2020-05-20 10:14:25,802 DEBUG   : Starting new HTTPS connection (1): api.polygon.io:443
2020-05-20 10:14:26,642 DEBUG   : https://api.polygon.io:443 "GET /v2/snapshot/locale/us/markets/stocks/tickers?apiKey=PKTRG7HFFCPGZEYUJPQR HTTP/1.1" 200 None
2020-05-20 10:14:27,988 DEBUG   : https://paper-api.alpaca.markets:443 "GET /v2/assets HTTP/1.1" 200 None
2020-05-20 10:14:29,208 DEBUG   : Using selector: KqueueSelector
2020-05-20 10:14:29,284 DEBUG   : https://api.polygon.io:443 "GET /v2/aggs/ticker/PSNL/range/1/minute/2020-05-18/2020-05-20?unadjusted=False&limit=1000&apiKey=PKTRG7HFFCPGZEYUJPQR HTTP/1.1" 200 None
2020-05-20 10:14:29,361 DEBUG   : https://api.polygon.io:443 "GET /v2/aggs/ticker/VLRS/range/1/minute/2020-05-18/2020-05-20?unadjusted=False&limit=1000&apiKey=PKTRG7HFFCPGZEYUJPQR HTTP/1.1" 200 None
2020-05-20 10:14:29,547 DEBUG   : https://api.polygon.io:443 "GET /v2/aggs/ticker/IGT/range/1/minute/2020-05-18/2020-05-20?unadjusted=False&limit=1000&apiKey=PKTRG7HFFCPGZEYUJPQR HTTP/1.1" 200 None
2020-05-20 10:14:29,618 DEBUG   : https://api.polygon.io:443 "GET /v2/aggs/ticker/PHX/range/1/minute/2020-05-18/2020-05-20?unadjusted=False&limit=1000&apiKey=PKTRG7HFFCPGZEYUJPQR HTTP/1.1" 200 None
2020-05-20 10:14:29,794 DEBUG   : https://api.polygon.io:443 "GET /v2/aggs/ticker/RWT/range/1/minute/2020-05-18/2020-05-20?unadjusted=False&limit=1000&apiKey=PKTRG7HFFCPGZEYUJPQR HTTP/1.1" 200 None
2020-05-20 10:14:29,871 DEBUG   : https://api.polygon.io:443 "GET /v2/aggs/ticker/HONE/range/1/minute/2020-05-18/2020-05-20?unadjusted=False&limit=1000&apiKey=PKTRG7HFFCPGZEYUJPQR HTTP/1.1" 200 None
2020-05-20 10:14:29,999 DEBUG   : https://api.polygon.io:443 "GET /v2/aggs/ticker/ATOM/range/1/minute/2020-05-18/2020-05-20?unadjusted=False&limit=1000&apiKey=PKTRG7HFFCPGZEYUJPQR HTTP/1.1" 200 None
2020-05-20 10:14:30,101 DEBUG   : https://api.polygon.io:443 "GET /v2/aggs/ticker/REML/range/1/minute/2020-05-18/2020-05-20?unadjusted=False&limit=1000&apiKey=PKTRG7HFFCPGZEYUJPQR HTTP/1.1" 200 None
2020-05-20 10:14:30,179 DEBUG   : https://api.polygon.io:443 "GET /v2/aggs/ticker/AHH/range/1/minute/2020-05-18/2020-05-20?unadjusted=False&limit=1000&apiKey=PKTRG7HFFCPGZEYUJPQR HTTP/1.1" 200 None
2020-05-20 10:14:30,269 DEBUG   : https://api.polygon.io:443 "GET /v2/aggs/ticker/EVOK/range/1/minute/2020-05-18/2020-05-20?unadjusted=False&limit=1000&apiKey=PKTRG7HFFCPGZEYUJPQR HTTP/1.1" 200 None
2020-05-20 10:14:30,375 DEBUG   : https://api.polygon.io:443 "GET /v2/aggs/ticker/OVID/range/1/minute/2020-05-18/2020-05-20?unadjusted=False&limit=1000&apiKey=PKTRG7HFFCPGZEYUJPQR HTTP/1.1" 200 None
2020-05-20 10:14:30,476 DEBUG   : https://api.polygon.io:443 "GET /v2/aggs/ticker/XERS/range/1/minute/2020-05-18/2020-05-20?unadjusted=False&limit=1000&apiKey=PKTRG7HFFCPGZEYUJPQR HTTP/1.1" 200 None
2020-05-20 10:14:30,542 DEBUG   : https://api.polygon.io:443 "GET /v2/aggs/ticker/BRP/range/1/minute/2020-05-18/2020-05-20?unadjusted=False&limit=1000&apiKey=PKTRG7HFFCPGZEYUJPQR HTTP/1.1" 200 None
2020-05-20 10:14:30,662 DEBUG   : https://api.polygon.io:443 "GET /v2/aggs/ticker/FFBC/range/1/minute/2020-05-18/2020-05-20?unadjusted=False&limit=1000&apiKey=PKTRG7HFFCPGZEYUJPQR HTTP/1.1" 200 None
2020-05-20 10:14:30,778 DEBUG   : https://api.polygon.io:443 "GET /v2/aggs/ticker/ARDX/range/1/minute/2020-05-18/2020-05-20?unadjusted=False&limit=1000&apiKey=PKTRG7HFFCPGZEYUJPQR HTTP/1.1" 200 None
2020-05-20 10:14:30,879 DEBUG   : https://api.polygon.io:443 "GET /v2/aggs/ticker/RMTI/range/1/minute/2020-05-18/2020-05-20?unadjusted=False&limit=1000&apiKey=PKTRG7HFFCPGZEYUJPQR HTTP/1.1" 200 None
2020-05-20 10:14:30,968 DEBUG   : https://api.polygon.io:443 "GET /v2/aggs/ticker/SCWX/range/1/minute/2020-05-18/2020-05-20?unadjusted=False&limit=1000&apiKey=PKTRG7HFFCPGZEYUJPQR HTTP/1.1" 200 None
2020-05-20 10:14:31,038 DEBUG   : https://api.polygon.io:443 "GET /v2/aggs/ticker/GPRO/range/1/minute/2020-05-18/2020-05-20?unadjusted=False&limit=1000&apiKey=PKTRG7HFFCPGZEYUJPQR HTTP/1.1" 200 None
2020-05-20 10:14:31,151 DEBUG   : https://api.polygon.io:443 "GET /v2/aggs/ticker/TGI/range/1/minute/2020-05-18/2020-05-20?unadjusted=False&limit=1000&apiKey=PKTRG7HFFCPGZEYUJPQR HTTP/1.1" 200 None
2020-05-20 10:14:31,264 DEBUG   : https://api.polygon.io:443 "GET /v2/aggs/ticker/TALO/range/1/minute/2020-05-18/2020-05-20?unadjusted=False&limit=1000&apiKey=PKTRG7HFFCPGZEYUJPQR HTTP/1.1" 200 None
2020-05-20 10:14:31,356 DEBUG   : https://api.polygon.io:443 "GET /v2/aggs/ticker/CADE/range/1/minute/2020-05-18/2020-05-20?unadjusted=False&limit=1000&apiKey=PKTRG7HFFCPGZEYUJPQR HTTP/1.1" 200 None
2020-05-20 10:14:31,448 DEBUG   : https://api.polygon.io:443 "GET /v2/aggs/ticker/BGR/range/1/minute/2020-05-18/2020-05-20?unadjusted=False&limit=1000&apiKey=PKTRG7HFFCPGZEYUJPQR HTTP/1.1" 200 None
2020-05-20 10:14:31,516 DEBUG   : https://api.polygon.io:443 "GET /v2/aggs/ticker/CARS/range/1/minute/2020-05-18/2020-05-20?unadjusted=False&limit=1000&apiKey=PKTRG7HFFCPGZEYUJPQR HTTP/1.1" 200 None
2020-05-20 10:14:31,624 DEBUG   : https://api.polygon.io:443 "GET /v2/aggs/ticker/DFIN/range/1/minute/2020-05-18/2020-05-20?unadjusted=False&limit=1000&apiKey=PKTRG7HFFCPGZEYUJPQR HTTP/1.1" 200 None
2020-05-20 10:14:31,696 DEBUG   : https://api.polygon.io:443 "GET /v2/aggs/ticker/ACEL/range/1/minute/2020-05-18/2020-05-20?unadjusted=False&limit=1000&apiKey=PKTRG7HFFCPGZEYUJPQR HTTP/1.1" 200 None
2020-05-20 10:14:31,760 DEBUG   : https://api.polygon.io:443 "GET /v2/aggs/ticker/REV/range/1/minute/2020-05-18/2020-05-20?unadjusted=False&limit=1000&apiKey=PKTRG7HFFCPGZEYUJPQR HTTP/1.1" 200 None
2020-05-20 10:14:31,838 DEBUG   : https://api.polygon.io:443 "GET /v2/aggs/ticker/NR/range/1/minute/2020-05-18/2020-05-20?unadjusted=False&limit=1000&apiKey=PKTRG7HFFCPGZEYUJPQR HTTP/1.1" 200 None
2020-05-20 10:14:31,951 DEBUG   : https://api.polygon.io:443 "GET /v2/aggs/ticker/JMIA/range/1/minute/2020-05-18/2020-05-20?unadjusted=False&limit=1000&apiKey=PKTRG7HFFCPGZEYUJPQR HTTP/1.1" 200 None
2020-05-20 10:14:32,024 DEBUG   : https://api.polygon.io:443 "GET /v2/aggs/ticker/GOGL/range/1/minute/2020-05-18/2020-05-20?unadjusted=False&limit=1000&apiKey=PKTRG7HFFCPGZEYUJPQR HTTP/1.1" 200 None
2020-05-20 10:14:32,121 DEBUG   : https://api.polygon.io:443 "GET /v2/aggs/ticker/AVEO/range/1/minute/2020-05-18/2020-05-20?unadjusted=False&limit=1000&apiKey=PKTRG7HFFCPGZEYUJPQR HTTP/1.1" 200 None
2020-05-20 10:14:32,194 DEBUG   : https://api.polygon.io:443 "GET /v2/aggs/ticker/RVI/range/1/minute/2020-05-18/2020-05-20?unadjusted=False&limit=1000&apiKey=PKTRG7HFFCPGZEYUJPQR HTTP/1.1" 200 None
2020-05-20 10:14:32,266 DEBUG   : https://api.polygon.io:443 "GET /v2/aggs/ticker/BCBP/range/1/minute/2020-05-18/2020-05-20?unadjusted=False&limit=1000&apiKey=PKTRG7HFFCPGZEYUJPQR HTTP/1.1" 200 None
2020-05-20 10:14:32,339 DEBUG   : https://api.polygon.io:443 "GET /v2/aggs/ticker/BGCP/range/1/minute/2020-05-18/2020-05-20?unadjusted=False&limit=1000&apiKey=PKTRG7HFFCPGZEYUJPQR HTTP/1.1" 200 None
2020-05-20 10:14:32,405 DEBUG   : https://api.polygon.io:443 "GET /v2/aggs/ticker/GENC/range/1/minute/2020-05-18/2020-05-20?unadjusted=False&limit=1000&apiKey=PKTRG7HFFCPGZEYUJPQR HTTP/1.1" 200 None
2020-05-20 10:14:32,513 DEBUG   : https://api.polygon.io:443 "GET /v2/aggs/ticker/MEIP/range/1/minute/2020-05-18/2020-05-20?unadjusted=False&limit=1000&apiKey=PKTRG7HFFCPGZEYUJPQR HTTP/1.1" 200 None
2020-05-20 10:14:32,585 DEBUG   : https://api.polygon.io:443 "GET /v2/aggs/ticker/HSC/range/1/minute/2020-05-18/2020-05-20?unadjusted=False&limit=1000&apiKey=PKTRG7HFFCPGZEYUJPQR HTTP/1.1" 200 None
2020-05-20 10:14:32,657 DEBUG   : https://api.polygon.io:443 "GET /v2/aggs/ticker/NNBR/range/1/minute/2020-05-18/2020-05-20?unadjusted=False&limit=1000&apiKey=PKTRG7HFFCPGZEYUJPQR HTTP/1.1" 200 None
2020-05-20 10:14:32,721 DEBUG   : https://api.polygon.io:443 "GET /v2/aggs/ticker/MCBC/range/1/minute/2020-05-18/2020-05-20?unadjusted=False&limit=1000&apiKey=PKTRG7HFFCPGZEYUJPQR HTTP/1.1" 200 None
2020-05-20 10:14:32,804 DEBUG   : https://api.polygon.io:443 "GET /v2/aggs/ticker/WES/range/1/minute/2020-05-18/2020-05-20?unadjusted=False&limit=1000&apiKey=PKTRG7HFFCPGZEYUJPQR HTTP/1.1" 200 None
2020-05-20 10:14:32,884 DEBUG   : https://api.polygon.io:443 "GET /v2/aggs/ticker/AVXL/range/1/minute/2020-05-18/2020-05-20?unadjusted=False&limit=1000&apiKey=PKTRG7HFFCPGZEYUJPQR HTTP/1.1" 200 None
2020-05-20 10:14:32,970 DEBUG   : https://api.polygon.io:443 "GET /v2/aggs/ticker/ALDX/range/1/minute/2020-05-18/2020-05-20?unadjusted=False&limit=1000&apiKey=PKTRG7HFFCPGZEYUJPQR HTTP/1.1" 200 None
2020-05-20 10:14:33,119 DEBUG   : https://api.polygon.io:443 "GET /v2/aggs/ticker/DUSL/range/1/minute/2020-05-18/2020-05-20?unadjusted=False&limit=1000&apiKey=PKTRG7HFFCPGZEYUJPQR HTTP/1.1" 200 None
2020-05-20 10:14:33,193 DEBUG   : https://api.polygon.io:443 "GET /v2/aggs/ticker/MITT/range/1/minute/2020-05-18/2020-05-20?unadjusted=False&limit=1000&apiKey=PKTRG7HFFCPGZEYUJPQR HTTP/1.1" 200 None
2020-05-20 10:14:33,331 DEBUG   : https://api.polygon.io:443 "GET /v2/aggs/ticker/OII/range/1/minute/2020-05-18/2020-05-20?unadjusted=False&limit=1000&apiKey=PKTRG7HFFCPGZEYUJPQR HTTP/1.1" 200 None
2020-05-20 10:14:33,435 DEBUG   : https://api.polygon.io:443 "GET /v2/aggs/ticker/RIOT/range/1/minute/2020-05-18/2020-05-20?unadjusted=False&limit=1000&apiKey=PKTRG7HFFCPGZEYUJPQR HTTP/1.1" 200 None
2020-05-20 10:14:33,506 DEBUG   : https://api.polygon.io:443 "GET /v2/aggs/ticker/KMDA/range/1/minute/2020-05-18/2020-05-20?unadjusted=False&limit=1000&apiKey=PKTRG7HFFCPGZEYUJPQR HTTP/1.1" 200 None
2020-05-20 10:14:33,578 DEBUG   : https://api.polygon.io:443 "GET /v2/aggs/ticker/NNDM/range/1/minute/2020-05-18/2020-05-20?unadjusted=False&limit=1000&apiKey=PKTRG7HFFCPGZEYUJPQR HTTP/1.1" 200 None
2020-05-20 10:14:33,665 DEBUG   : https://api.polygon.io:443 "GET /v2/aggs/ticker/QUAD/range/1/minute/2020-05-18/2020-05-20?unadjusted=False&limit=1000&apiKey=PKTRG7HFFCPGZEYUJPQR HTTP/1.1" 200 None
2020-05-20 10:14:33,734 DEBUG   : https://api.polygon.io:443 "GET /v2/aggs/ticker/FLR/range/1/minute/2020-05-18/2020-05-20?unadjusted=False&limit=1000&apiKey=PKTRG7HFFCPGZEYUJPQR HTTP/1.1" 200 None
2020-05-20 10:14:33,817 DEBUG   : https://api.polygon.io:443 "GET /v2/aggs/ticker/EAF/range/1/minute/2020-05-18/2020-05-20?unadjusted=False&limit=1000&apiKey=PKTRG7HFFCPGZEYUJPQR HTTP/1.1" 200 None
2020-05-20 10:14:33,928 DEBUG   : https://api.polygon.io:443 "GET /v2/aggs/ticker/TS/range/1/minute/2020-05-18/2020-05-20?unadjusted=False&limit=1000&apiKey=PKTRG7HFFCPGZEYUJPQR HTTP/1.1" 200 None
2020-05-20 10:14:34,010 DEBUG   : https://api.polygon.io:443 "GET /v2/aggs/ticker/NPTN/range/1/minute/2020-05-18/2020-05-20?unadjusted=False&limit=1000&apiKey=PKTRG7HFFCPGZEYUJPQR HTTP/1.1" 200 None
2020-05-20 10:14:34,080 DEBUG   : https://api.polygon.io:443 "GET /v2/aggs/ticker/TESS/range/1/minute/2020-05-18/2020-05-20?unadjusted=False&limit=1000&apiKey=PKTRG7HFFCPGZEYUJPQR HTTP/1.1" 200 None
2020-05-20 10:14:34,158 DEBUG   : https://api.polygon.io:443 "GET /v2/aggs/ticker/ARNC/range/1/minute/2020-05-18/2020-05-20?unadjusted=False&limit=1000&apiKey=PKTRG7HFFCPGZEYUJPQR HTTP/1.1" 200 None
2020-05-20 10:14:34,290 DEBUG   : https://api.polygon.io:443 "GET /v2/aggs/ticker/FULT/range/1/minute/2020-05-18/2020-05-20?unadjusted=False&limit=1000&apiKey=PKTRG7HFFCPGZEYUJPQR HTTP/1.1" 200 None
2020-05-20 10:14:34,383 DEBUG   : https://api.polygon.io:443 "GET /v2/aggs/ticker/CMLS/range/1/minute/2020-05-18/2020-05-20?unadjusted=False&limit=1000&apiKey=PKTRG7HFFCPGZEYUJPQR HTTP/1.1" 200 None
2020-05-20 10:14:34,475 DEBUG   : https://api.polygon.io:443 "GET /v2/aggs/ticker/CLDT/range/1/minute/2020-05-18/2020-05-20?unadjusted=False&limit=1000&apiKey=PKTRG7HFFCPGZEYUJPQR HTTP/1.1" 200 None
2020-05-20 10:14:34,550 DEBUG   : https://api.polygon.io:443 "GET /v2/aggs/ticker/BRY/range/1/minute/2020-05-18/2020-05-20?unadjusted=False&limit=1000&apiKey=PKTRG7HFFCPGZEYUJPQR HTTP/1.1" 200 None
2020-05-20 10:14:34,621 DEBUG   : https://api.polygon.io:443 "GET /v2/aggs/ticker/SVRA/range/1/minute/2020-05-18/2020-05-20?unadjusted=False&limit=1000&apiKey=PKTRG7HFFCPGZEYUJPQR HTTP/1.1" 200 None
2020-05-20 10:14:34,697 DEBUG   : https://api.polygon.io:443 "GET /v2/aggs/ticker/GPMT/range/1/minute/2020-05-18/2020-05-20?unadjusted=False&limit=1000&apiKey=PKTRG7HFFCPGZEYUJPQR HTTP/1.1" 200 None
2020-05-20 10:14:34,788 DEBUG   : https://api.polygon.io:443 "GET /v2/aggs/ticker/SGMO/range/1/minute/2020-05-18/2020-05-20?unadjusted=False&limit=1000&apiKey=PKTRG7HFFCPGZEYUJPQR HTTP/1.1" 200 None
2020-05-20 10:14:34,985 DEBUG   : https://api.polygon.io:443 "GET /v2/aggs/ticker/CEM/range/1/minute/2020-05-18/2020-05-20?unadjusted=False&limit=1000&apiKey=PKTRG7HFFCPGZEYUJPQR HTTP/1.1" 200 None
2020-05-20 10:14:35,096 DEBUG   : https://api.polygon.io:443 "GET /v2/aggs/ticker/ONB/range/1/minute/2020-05-18/2020-05-20?unadjusted=False&limit=1000&apiKey=PKTRG7HFFCPGZEYUJPQR HTTP/1.1" 200 None
2020-05-20 10:14:35,181 DEBUG   : https://api.polygon.io:443 "GET /v2/aggs/ticker/IRS/range/1/minute/2020-05-18/2020-05-20?unadjusted=False&limit=1000&apiKey=PKTRG7HFFCPGZEYUJPQR HTTP/1.1" 200 None
2020-05-20 10:14:35,242 DEBUG   : https://api.polygon.io:443 "GET /v2/aggs/ticker/AKTS/range/1/minute/2020-05-18/2020-05-20?unadjusted=False&limit=1000&apiKey=PKTRG7HFFCPGZEYUJPQR HTTP/1.1" 200 None
2020-05-20 10:14:35,390 DEBUG   : https://api.polygon.io:443 "GET /v2/aggs/ticker/TTMI/range/1/minute/2020-05-18/2020-05-20?unadjusted=False&limit=1000&apiKey=PKTRG7HFFCPGZEYUJPQR HTTP/1.1" 200 None
2020-05-20 10:14:35,473 DEBUG   : https://api.polygon.io:443 "GET /v2/aggs/ticker/RES/range/1/minute/2020-05-18/2020-05-20?unadjusted=False&limit=1000&apiKey=PKTRG7HFFCPGZEYUJPQR HTTP/1.1" 200 None
2020-05-20 10:14:35,549 DEBUG   : https://api.polygon.io:443 "GET /v2/aggs/ticker/ACY/range/1/minute/2020-05-18/2020-05-20?unadjusted=False&limit=1000&apiKey=PKTRG7HFFCPGZEYUJPQR HTTP/1.1" 200 None
2020-05-20 10:14:35,679 DEBUG   : https://api.polygon.io:443 "GET /v2/aggs/ticker/GLRE/range/1/minute/2020-05-18/2020-05-20?unadjusted=False&limit=1000&apiKey=PKTRG7HFFCPGZEYUJPQR HTTP/1.1" 200 None
2020-05-20 10:14:35,772 DEBUG   : https://api.polygon.io:443 "GET /v2/aggs/ticker/ATI/range/1/minute/2020-05-18/2020-05-20?unadjusted=False&limit=1000&apiKey=PKTRG7HFFCPGZEYUJPQR HTTP/1.1" 200 None
2020-05-20 10:14:35,890 DEBUG   : https://api.polygon.io:443 "GET /v2/aggs/ticker/WPX/range/1/minute/2020-05-18/2020-05-20?unadjusted=False&limit=1000&apiKey=PKTRG7HFFCPGZEYUJPQR HTTP/1.1" 200 None
2020-05-20 10:14:35,969 DEBUG   : https://api.polygon.io:443 "GET /v2/aggs/ticker/MBI/range/1/minute/2020-05-18/2020-05-20?unadjusted=False&limit=1000&apiKey=PKTRG7HFFCPGZEYUJPQR HTTP/1.1" 200 None
2020-05-20 10:14:36,084 DEBUG   : https://api.polygon.io:443 "GET /v2/aggs/ticker/MTW/range/1/minute/2020-05-18/2020-05-20?unadjusted=False&limit=1000&apiKey=PKTRG7HFFCPGZEYUJPQR HTTP/1.1" 200 None
2020-05-20 10:14:36,163 DEBUG   : https://api.polygon.io:443 "GET /v2/aggs/ticker/RGP/range/1/minute/2020-05-18/2020-05-20?unadjusted=False&limit=1000&apiKey=PKTRG7HFFCPGZEYUJPQR HTTP/1.1" 200 None
2020-05-20 10:14:36,239 DEBUG   : https://api.polygon.io:443 "GET /v2/aggs/ticker/AXTI/range/1/minute/2020-05-18/2020-05-20?unadjusted=False&limit=1000&apiKey=PKTRG7HFFCPGZEYUJPQR HTTP/1.1" 200 None
2020-05-20 10:14:36,311 DEBUG   : https://api.polygon.io:443 "GET /v2/aggs/ticker/VERI/range/1/minute/2020-05-18/2020-05-20?unadjusted=False&limit=1000&apiKey=PKTRG7HFFCPGZEYUJPQR HTTP/1.1" 200 None
2020-05-20 10:14:36,392 DEBUG   : https://api.polygon.io:443 "GET /v2/aggs/ticker/KEY/range/1/minute/2020-05-18/2020-05-20?unadjusted=False&limit=1000&apiKey=PKTRG7HFFCPGZEYUJPQR HTTP/1.1" 200 None
2020-05-20 10:14:36,480 DEBUG   : https://api.polygon.io:443 "GET /v2/aggs/ticker/NDLS/range/1/minute/2020-05-18/2020-05-20?unadjusted=False&limit=1000&apiKey=PKTRG7HFFCPGZEYUJPQR HTTP/1.1" 200 None
2020-05-20 10:14:36,547 DEBUG   : https://api.polygon.io:443 "GET /v2/aggs/ticker/FARM/range/1/minute/2020-05-18/2020-05-20?unadjusted=False&limit=1000&apiKey=PKTRG7HFFCPGZEYUJPQR HTTP/1.1" 200 None
2020-05-20 10:14:36,689 DEBUG   : https://api.polygon.io:443 "GET /v2/aggs/ticker/F/range/1/minute/2020-05-18/2020-05-20?unadjusted=False&limit=1000&apiKey=PKTRG7HFFCPGZEYUJPQR HTTP/1.1" 200 None
2020-05-20 10:14:36,766 DEBUG   : https://api.polygon.io:443 "GET /v2/aggs/ticker/HTBK/range/1/minute/2020-05-18/2020-05-20?unadjusted=False&limit=1000&apiKey=PKTRG7HFFCPGZEYUJPQR HTTP/1.1" 200 None
2020-05-20 10:14:36,882 DEBUG   : https://api.polygon.io:443 "GET /v2/aggs/ticker/MRKR/range/1/minute/2020-05-18/2020-05-20?unadjusted=False&limit=1000&apiKey=PKTRG7HFFCPGZEYUJPQR HTTP/1.1" 200 None
2020-05-20 10:14:36,944 DEBUG   : https://api.polygon.io:443 "GET /v2/aggs/ticker/ACIU/range/1/minute/2020-05-18/2020-05-20?unadjusted=False&limit=1000&apiKey=PKTRG7HFFCPGZEYUJPQR HTTP/1.1" 200 None
2020-05-20 10:14:37,017 DEBUG   : https://api.polygon.io:443 "GET /v2/aggs/ticker/FMBI/range/1/minute/2020-05-18/2020-05-20?unadjusted=False&limit=1000&apiKey=PKTRG7HFFCPGZEYUJPQR HTTP/1.1" 200 None
2020-05-20 10:14:37,100 DEBUG   : https://api.polygon.io:443 "GET /v2/aggs/ticker/CBD/range/1/minute/2020-05-18/2020-05-20?unadjusted=False&limit=1000&apiKey=PKTRG7HFFCPGZEYUJPQR HTTP/1.1" 200 None
2020-05-20 10:14:37,189 DEBUG   : https://api.polygon.io:443 "GET /v2/aggs/ticker/SCS/range/1/minute/2020-05-18/2020-05-20?unadjusted=False&limit=1000&apiKey=PKTRG7HFFCPGZEYUJPQR HTTP/1.1" 200 None
2020-05-20 10:14:37,260 DEBUG   : https://api.polygon.io:443 "GET /v2/aggs/ticker/NOV/range/1/minute/2020-05-18/2020-05-20?unadjusted=False&limit=1000&apiKey=PKTRG7HFFCPGZEYUJPQR HTTP/1.1" 200 None
2020-05-20 10:14:37,357 DEBUG   : https://api.polygon.io:443 "GET /v2/aggs/ticker/RF/range/1/minute/2020-05-18/2020-05-20?unadjusted=False&limit=1000&apiKey=PKTRG7HFFCPGZEYUJPQR HTTP/1.1" 200 None
2020-05-20 10:14:37,436 DEBUG   : https://api.polygon.io:443 "GET /v2/aggs/ticker/DS/range/1/minute/2020-05-18/2020-05-20?unadjusted=False&limit=1000&apiKey=PKTRG7HFFCPGZEYUJPQR HTTP/1.1" 200 None
2020-05-20 10:14:37,504 DEBUG   : https://api.polygon.io:443 "GET /v2/aggs/ticker/ASC/range/1/minute/2020-05-18/2020-05-20?unadjusted=False&limit=1000&apiKey=PKTRG7HFFCPGZEYUJPQR HTTP/1.1" 200 None
2020-05-20 10:14:37,563 DEBUG   : https://api.polygon.io:443 "GET /v2/aggs/ticker/GSIT/range/1/minute/2020-05-18/2020-05-20?unadjusted=False&limit=1000&apiKey=PKTRG7HFFCPGZEYUJPQR HTTP/1.1" 200 None
2020-05-20 10:14:37,634 DEBUG   : https://api.polygon.io:443 "GET /v2/aggs/ticker/INFN/range/1/minute/2020-05-18/2020-05-20?unadjusted=False&limit=1000&apiKey=PKTRG7HFFCPGZEYUJPQR HTTP/1.1" 200 None
2020-05-20 10:14:37,805 DEBUG   : https://api.polygon.io:443 "GET /v2/aggs/ticker/FTAI/range/1/minute/2020-05-18/2020-05-20?unadjusted=False&limit=1000&apiKey=PKTRG7HFFCPGZEYUJPQR HTTP/1.1" 200 None
2020-05-20 10:14:37,871 DEBUG   : https://api.polygon.io:443 "GET /v2/aggs/ticker/ONCT/range/1/minute/2020-05-18/2020-05-20?unadjusted=False&limit=1000&apiKey=PKTRG7HFFCPGZEYUJPQR HTTP/1.1" 200 None
2020-05-20 10:14:37,932 DEBUG   : https://api.polygon.io:443 "GET /v2/aggs/ticker/ALLT/range/1/minute/2020-05-18/2020-05-20?unadjusted=False&limit=1000&apiKey=PKTRG7HFFCPGZEYUJPQR HTTP/1.1" 200 None
2020-05-20 10:14:38,004 DEBUG   : https://api.polygon.io:443 "GET /v2/aggs/ticker/GPRE/range/1/minute/2020-05-18/2020-05-20?unadjusted=False&limit=1000&apiKey=PKTRG7HFFCPGZEYUJPQR HTTP/1.1" 200 None
2020-05-20 10:14:38,116 DEBUG   : https://api.polygon.io:443 "GET /v2/aggs/ticker/CRBP/range/1/minute/2020-05-18/2020-05-20?unadjusted=False&limit=1000&apiKey=PKTRG7HFFCPGZEYUJPQR HTTP/1.1" 200 None
2020-05-20 10:14:38,191 DEBUG   : https://api.polygon.io:443 "GET /v2/aggs/ticker/GOGO/range/1/minute/2020-05-18/2020-05-20?unadjusted=False&limit=1000&apiKey=PKTRG7HFFCPGZEYUJPQR HTTP/1.1" 200 None
2020-05-20 10:14:38,264 DEBUG   : https://api.polygon.io:443 "GET /v2/aggs/ticker/VRTV/range/1/minute/2020-05-18/2020-05-20?unadjusted=False&limit=1000&apiKey=PKTRG7HFFCPGZEYUJPQR HTTP/1.1" 200 None
2020-05-20 10:14:38,280 DEBUG   : Resetting dropped connection: api.polygon.io
2020-05-20 10:14:38,462 DEBUG   : https://api.polygon.io:443 "GET /v2/aggs/ticker/BVN/range/1/minute/2020-05-18/2020-05-20?unadjusted=False&limit=1000&apiKey=PKTRG7HFFCPGZEYUJPQR HTTP/1.1" 200 None
2020-05-20 10:14:38,587 DEBUG   : https://api.polygon.io:443 "GET /v2/aggs/ticker/CMRE/range/1/minute/2020-05-18/2020-05-20?unadjusted=False&limit=1000&apiKey=PKTRG7HFFCPGZEYUJPQR HTTP/1.1" 200 None
2020-05-20 10:14:38,662 DEBUG   : https://api.polygon.io:443 "GET /v2/aggs/ticker/MTG/range/1/minute/2020-05-18/2020-05-20?unadjusted=False&limit=1000&apiKey=PKTRG7HFFCPGZEYUJPQR HTTP/1.1" 200 None
2020-05-20 10:14:38,750 DEBUG   : https://api.polygon.io:443 "GET /v2/aggs/ticker/CLS/range/1/minute/2020-05-18/2020-05-20?unadjusted=False&limit=1000&apiKey=PKTRG7HFFCPGZEYUJPQR HTTP/1.1" 200 None
2020-05-20 10:14:38,824 DEBUG   : https://api.polygon.io:443 "GET /v2/aggs/ticker/AR/range/1/minute/2020-05-18/2020-05-20?unadjusted=False&limit=1000&apiKey=PKTRG7HFFCPGZEYUJPQR HTTP/1.1" 200 None
2020-05-20 10:14:38,931 DEBUG   : https://api.polygon.io:443 "GET /v2/aggs/ticker/PVAC/range/1/minute/2020-05-18/2020-05-20?unadjusted=False&limit=1000&apiKey=PKTRG7HFFCPGZEYUJPQR HTTP/1.1" 200 None
2020-05-20 10:14:39,028 DEBUG   : https://api.polygon.io:443 "GET /v2/aggs/ticker/CUBI/range/1/minute/2020-05-18/2020-05-20?unadjusted=False&limit=1000&apiKey=PKTRG7HFFCPGZEYUJPQR HTTP/1.1" 200 None
2020-05-20 10:14:39,110 DEBUG   : https://api.polygon.io:443 "GET /v2/aggs/ticker/HOTH/range/1/minute/2020-05-18/2020-05-20?unadjusted=False&limit=1000&apiKey=PKTRG7HFFCPGZEYUJPQR HTTP/1.1" 200 None
2020-05-20 10:14:39,171 DEBUG   : https://api.polygon.io:443 "GET /v2/aggs/ticker/GNK/range/1/minute/2020-05-18/2020-05-20?unadjusted=False&limit=1000&apiKey=PKTRG7HFFCPGZEYUJPQR HTTP/1.1" 200 None
2020-05-20 10:14:39,236 DEBUG   : https://api.polygon.io:443 "GET /v2/aggs/ticker/PACK/range/1/minute/2020-05-18/2020-05-20?unadjusted=False&limit=1000&apiKey=PKTRG7HFFCPGZEYUJPQR HTTP/1.1" 200 None
2020-05-20 10:14:39,394 DEBUG   : https://api.polygon.io:443 "GET /v2/aggs/ticker/INSE/range/1/minute/2020-05-18/2020-05-20?unadjusted=False&limit=1000&apiKey=PKTRG7HFFCPGZEYUJPQR HTTP/1.1" 200 None
2020-05-20 10:14:39,470 DEBUG   : https://api.polygon.io:443 "GET /v2/aggs/ticker/NAT/range/1/minute/2020-05-18/2020-05-20?unadjusted=False&limit=1000&apiKey=PKTRG7HFFCPGZEYUJPQR HTTP/1.1" 200 None
2020-05-20 10:14:39,596 DEBUG   : https://api.polygon.io:443 "GET /v2/aggs/ticker/FMO/range/1/minute/2020-05-18/2020-05-20?unadjusted=False&limit=1000&apiKey=PKTRG7HFFCPGZEYUJPQR HTTP/1.1" 200 None
2020-05-20 10:14:39,690 DEBUG   : https://api.polygon.io:443 "GET /v2/aggs/ticker/VFF/range/1/minute/2020-05-18/2020-05-20?unadjusted=False&limit=1000&apiKey=PKTRG7HFFCPGZEYUJPQR HTTP/1.1" 200 None
2020-05-20 10:14:39,778 DEBUG   : https://api.polygon.io:443 "GET /v2/aggs/ticker/CONN/range/1/minute/2020-05-18/2020-05-20?unadjusted=False&limit=1000&apiKey=PKTRG7HFFCPGZEYUJPQR HTTP/1.1" 200 None
2020-05-20 10:14:39,877 DEBUG   : https://api.polygon.io:443 "GET /v2/aggs/ticker/OVV/range/1/minute/2020-05-18/2020-05-20?unadjusted=False&limit=1000&apiKey=PKTRG7HFFCPGZEYUJPQR HTTP/1.1" 200 None
2020-05-20 10:14:39,971 DEBUG   : https://api.polygon.io:443 "GET /v2/aggs/ticker/NAVI/range/1/minute/2020-05-18/2020-05-20?unadjusted=False&limit=1000&apiKey=PKTRG7HFFCPGZEYUJPQR HTTP/1.1" 200 None
2020-05-20 10:14:40,041 DEBUG   : https://api.polygon.io:443 "GET /v2/aggs/ticker/FRBK/range/1/minute/2020-05-18/2020-05-20?unadjusted=False&limit=1000&apiKey=PKTRG7HFFCPGZEYUJPQR HTTP/1.1" 200 None
2020-05-20 10:14:40,140 DEBUG   : https://api.polygon.io:443 "GET /v2/aggs/ticker/DB/range/1/minute/2020-05-18/2020-05-20?unadjusted=False&limit=1000&apiKey=PKTRG7HFFCPGZEYUJPQR HTTP/1.1" 200 None
2020-05-20 10:14:40,260 DEBUG   : https://api.polygon.io:443 "GET /v2/aggs/ticker/IMGN/range/1/minute/2020-05-18/2020-05-20?unadjusted=False&limit=1000&apiKey=PKTRG7HFFCPGZEYUJPQR HTTP/1.1" 200 None
2020-05-20 10:14:40,327 DEBUG   : https://api.polygon.io:443 "GET /v2/aggs/ticker/AA/range/1/minute/2020-05-18/2020-05-20?unadjusted=False&limit=1000&apiKey=PKTRG7HFFCPGZEYUJPQR HTTP/1.1" 200 None
2020-05-20 10:14:40,412 DEBUG   : https://api.polygon.io:443 "GET /v2/aggs/ticker/CASI/range/1/minute/2020-05-18/2020-05-20?unadjusted=False&limit=1000&apiKey=PKTRG7HFFCPGZEYUJPQR HTTP/1.1" 200 None
2020-05-20 10:14:40,517 DEBUG   : https://api.polygon.io:443 "GET /v2/aggs/ticker/PFS/range/1/minute/2020-05-18/2020-05-20?unadjusted=False&limit=1000&apiKey=PKTRG7HFFCPGZEYUJPQR HTTP/1.1" 200 None
2020-05-20 10:14:40,609 DEBUG   : https://api.polygon.io:443 "GET /v2/aggs/ticker/CLNC/range/1/minute/2020-05-18/2020-05-20?unadjusted=False&limit=1000&apiKey=PKTRG7HFFCPGZEYUJPQR HTTP/1.1" 200 None
2020-05-20 10:14:40,700 DEBUG   : https://api.polygon.io:443 "GET /v2/aggs/ticker/NRGU/range/1/minute/2020-05-18/2020-05-20?unadjusted=False&limit=1000&apiKey=PKTRG7HFFCPGZEYUJPQR HTTP/1.1" 200 None
2020-05-20 10:14:40,798 DEBUG   : https://api.polygon.io:443 "GET /v2/aggs/ticker/FRGI/range/1/minute/2020-05-18/2020-05-20?unadjusted=False&limit=1000&apiKey=PKTRG7HFFCPGZEYUJPQR HTTP/1.1" 200 None
2020-05-20 10:14:40,877 DEBUG   : https://api.polygon.io:443 "GET /v2/aggs/ticker/TDW/range/1/minute/2020-05-18/2020-05-20?unadjusted=False&limit=1000&apiKey=PKTRG7HFFCPGZEYUJPQR HTTP/1.1" 200 None
2020-05-20 10:14:40,958 DEBUG   : https://api.polygon.io:443 "GET /v2/aggs/ticker/BY/range/1/minute/2020-05-18/2020-05-20?unadjusted=False&limit=1000&apiKey=PKTRG7HFFCPGZEYUJPQR HTTP/1.1" 200 None
2020-05-20 10:14:41,039 DEBUG   : https://api.polygon.io:443 "GET /v2/aggs/ticker/COOP/range/1/minute/2020-05-18/2020-05-20?unadjusted=False&limit=1000&apiKey=PKTRG7HFFCPGZEYUJPQR HTTP/1.1" 200 None
2020-05-20 10:14:41,155 DEBUG   : https://api.polygon.io:443 "GET /v2/aggs/ticker/VKTX/range/1/minute/2020-05-18/2020-05-20?unadjusted=False&limit=1000&apiKey=PKTRG7HFFCPGZEYUJPQR HTTP/1.1" 200 None
2020-05-20 10:14:41,406 DEBUG   : https://api.polygon.io:443 "GET /v2/aggs/ticker/ATRA/range/1/minute/2020-05-18/2020-05-20?unadjusted=False&limit=1000&apiKey=PKTRG7HFFCPGZEYUJPQR HTTP/1.1" 200 None
2020-05-20 10:14:41,497 DEBUG   : https://api.polygon.io:443 "GET /v2/aggs/ticker/STXB/range/1/minute/2020-05-18/2020-05-20?unadjusted=False&limit=1000&apiKey=PKTRG7HFFCPGZEYUJPQR HTTP/1.1" 200 None
2020-05-20 10:14:41,566 DEBUG   : https://api.polygon.io:443 "GET /v2/aggs/ticker/ZUO/range/1/minute/2020-05-18/2020-05-20?unadjusted=False&limit=1000&apiKey=PKTRG7HFFCPGZEYUJPQR HTTP/1.1" 200 None
2020-05-20 10:14:41,658 DEBUG   : https://api.polygon.io:443 "GET /v2/aggs/ticker/HOME/range/1/minute/2020-05-18/2020-05-20?unadjusted=False&limit=1000&apiKey=PKTRG7HFFCPGZEYUJPQR HTTP/1.1" 200 None
2020-05-20 10:14:41,780 DEBUG   : https://api.polygon.io:443 "GET /v2/aggs/ticker/NWBI/range/1/minute/2020-05-18/2020-05-20?unadjusted=False&limit=1000&apiKey=PKTRG7HFFCPGZEYUJPQR HTTP/1.1" 200 None
2020-05-20 10:14:41,890 DEBUG   : https://api.polygon.io:443 "GET /v2/aggs/ticker/ERA/range/1/minute/2020-05-18/2020-05-20?unadjusted=False&limit=1000&apiKey=PKTRG7HFFCPGZEYUJPQR HTTP/1.1" 200 None
2020-05-20 10:14:41,976 DEBUG   : https://api.polygon.io:443 "GET /v2/aggs/ticker/MESA/range/1/minute/2020-05-18/2020-05-20?unadjusted=False&limit=1000&apiKey=PKTRG7HFFCPGZEYUJPQR HTTP/1.1" 200 None
2020-05-20 10:14:42,057 DEBUG   : https://api.polygon.io:443 "GET /v2/aggs/ticker/CLPR/range/1/minute/2020-05-18/2020-05-20?unadjusted=False&limit=1000&apiKey=PKTRG7HFFCPGZEYUJPQR HTTP/1.1" 200 None
2020-05-20 10:14:42,127 DEBUG   : https://api.polygon.io:443 "GET /v2/aggs/ticker/NLTX/range/1/minute/2020-05-18/2020-05-20?unadjusted=False&limit=1000&apiKey=PKTRG7HFFCPGZEYUJPQR HTTP/1.1" 200 None
2020-05-20 10:14:42,193 DEBUG   : https://api.polygon.io:443 "GET /v2/aggs/ticker/AJX/range/1/minute/2020-05-18/2020-05-20?unadjusted=False&limit=1000&apiKey=PKTRG7HFFCPGZEYUJPQR HTTP/1.1" 200 None
2020-05-20 10:14:42,274 DEBUG   : https://api.polygon.io:443 "GET /v2/aggs/ticker/PUMP/range/1/minute/2020-05-18/2020-05-20?unadjusted=False&limit=1000&apiKey=PKTRG7HFFCPGZEYUJPQR HTTP/1.1" 200 None
2020-05-20 10:14:42,346 DEBUG   : https://api.polygon.io:443 "GET /v2/aggs/ticker/FTSI/range/1/minute/2020-05-18/2020-05-20?unadjusted=False&limit=1000&apiKey=PKTRG7HFFCPGZEYUJPQR HTTP/1.1" 200 None
2020-05-20 10:14:42,445 DEBUG   : https://api.polygon.io:443 "GET /v2/aggs/ticker/SLCA/range/1/minute/2020-05-18/2020-05-20?unadjusted=False&limit=1000&apiKey=PKTRG7HFFCPGZEYUJPQR HTTP/1.1" 200 None
2020-05-20 10:14:42,557 DEBUG   : https://api.polygon.io:443 "GET /v2/aggs/ticker/GGB/range/1/minute/2020-05-18/2020-05-20?unadjusted=False&limit=1000&apiKey=PKTRG7HFFCPGZEYUJPQR HTTP/1.1" 200 None
2020-05-20 10:14:42,639 DEBUG   : https://api.polygon.io:443 "GET /v2/aggs/ticker/BCRX/range/1/minute/2020-05-18/2020-05-20?unadjusted=False&limit=1000&apiKey=PKTRG7HFFCPGZEYUJPQR HTTP/1.1" 200 None
2020-05-20 10:14:42,733 DEBUG   : https://api.polygon.io:443 "GET /v2/aggs/ticker/LAC/range/1/minute/2020-05-18/2020-05-20?unadjusted=False&limit=1000&apiKey=PKTRG7HFFCPGZEYUJPQR HTTP/1.1" 200 None
2020-05-20 10:14:42,819 DEBUG   : https://api.polygon.io:443 "GET /v2/aggs/ticker/HBM/range/1/minute/2020-05-18/2020-05-20?unadjusted=False&limit=1000&apiKey=PKTRG7HFFCPGZEYUJPQR HTTP/1.1" 200 None
2020-05-20 10:14:42,900 DEBUG   : https://api.polygon.io:443 "GET /v2/aggs/ticker/IBN/range/1/minute/2020-05-18/2020-05-20?unadjusted=False&limit=1000&apiKey=PKTRG7HFFCPGZEYUJPQR HTTP/1.1" 200 None
2020-05-20 10:14:42,998 DEBUG   : https://api.polygon.io:443 "GET /v2/aggs/ticker/PBF/range/1/minute/2020-05-18/2020-05-20?unadjusted=False&limit=1000&apiKey=PKTRG7HFFCPGZEYUJPQR HTTP/1.1" 200 None
2020-05-20 10:14:43,101 DEBUG   : https://api.polygon.io:443 "GET /v2/aggs/ticker/TBBK/range/1/minute/2020-05-18/2020-05-20?unadjusted=False&limit=1000&apiKey=PKTRG7HFFCPGZEYUJPQR HTTP/1.1" 200 None
2020-05-20 10:14:43,175 DEBUG   : https://api.polygon.io:443 "GET /v2/aggs/ticker/EBSB/range/1/minute/2020-05-18/2020-05-20?unadjusted=False&limit=1000&apiKey=PKTRG7HFFCPGZEYUJPQR HTTP/1.1" 200 None
2020-05-20 10:14:43,267 DEBUG   : https://api.polygon.io:443 "GET /v2/aggs/ticker/PDLI/range/1/minute/2020-05-18/2020-05-20?unadjusted=False&limit=1000&apiKey=PKTRG7HFFCPGZEYUJPQR HTTP/1.1" 200 None
2020-05-20 10:14:43,356 DEBUG   : https://api.polygon.io:443 "GET /v2/aggs/ticker/FLXS/range/1/minute/2020-05-18/2020-05-20?unadjusted=False&limit=1000&apiKey=PKTRG7HFFCPGZEYUJPQR HTTP/1.1" 200 None
2020-05-20 10:14:43,416 DEBUG   : https://api.polygon.io:443 "GET /v2/aggs/ticker/NML/range/1/minute/2020-05-18/2020-05-20?unadjusted=False&limit=1000&apiKey=PKTRG7HFFCPGZEYUJPQR HTTP/1.1" 200 None
2020-05-20 10:14:43,497 DEBUG   : https://api.polygon.io:443 "GET /v2/aggs/ticker/VET/range/1/minute/2020-05-18/2020-05-20?unadjusted=False&limit=1000&apiKey=PKTRG7HFFCPGZEYUJPQR HTTP/1.1" 200 None
2020-05-20 10:14:43,570 DEBUG   : https://api.polygon.io:443 "GET /v2/aggs/ticker/AFI/range/1/minute/2020-05-18/2020-05-20?unadjusted=False&limit=1000&apiKey=PKTRG7HFFCPGZEYUJPQR HTTP/1.1" 200 None
2020-05-20 10:14:43,631 DEBUG   : https://api.polygon.io:443 "GET /v2/aggs/ticker/NVGS/range/1/minute/2020-05-18/2020-05-20?unadjusted=False&limit=1000&apiKey=PKTRG7HFFCPGZEYUJPQR HTTP/1.1" 200 None
2020-05-20 10:14:43,722 DEBUG   : https://api.polygon.io:443 "GET /v2/aggs/ticker/DCP/range/1/minute/2020-05-18/2020-05-20?unadjusted=False&limit=1000&apiKey=PKTRG7HFFCPGZEYUJPQR HTTP/1.1" 200 None
2020-05-20 10:14:43,807 DEBUG   : https://api.polygon.io:443 "GET /v2/aggs/ticker/FBP/range/1/minute/2020-05-18/2020-05-20?unadjusted=False&limit=1000&apiKey=PKTRG7HFFCPGZEYUJPQR HTTP/1.1" 200 None
2020-05-20 10:14:43,893 DEBUG   : https://api.polygon.io:443 "GET /v2/aggs/ticker/TRTX/range/1/minute/2020-05-18/2020-05-20?unadjusted=False&limit=1000&apiKey=PKTRG7HFFCPGZEYUJPQR HTTP/1.1" 200 None
2020-05-20 10:14:43,979 DEBUG   : https://api.polygon.io:443 "GET /v2/aggs/ticker/LQDA/range/1/minute/2020-05-18/2020-05-20?unadjusted=False&limit=1000&apiKey=PKTRG7HFFCPGZEYUJPQR HTTP/1.1" 200 None
2020-05-20 10:14:44,075 DEBUG   : https://api.polygon.io:443 "GET /v2/aggs/ticker/VRRM/range/1/minute/2020-05-18/2020-05-20?unadjusted=False&limit=1000&apiKey=PKTRG7HFFCPGZEYUJPQR HTTP/1.1" 200 None
2020-05-20 10:14:44,147 DEBUG   : https://api.polygon.io:443 "GET /v2/aggs/ticker/SFE/range/1/minute/2020-05-18/2020-05-20?unadjusted=False&limit=1000&apiKey=PKTRG7HFFCPGZEYUJPQR HTTP/1.1" 200 None
2020-05-20 10:14:44,211 DEBUG   : https://api.polygon.io:443 "GET /v2/aggs/ticker/MWA/range/1/minute/2020-05-18/2020-05-20?unadjusted=False&limit=1000&apiKey=PKTRG7HFFCPGZEYUJPQR HTTP/1.1" 200 None
2020-05-20 10:14:44,287 DEBUG   : https://api.polygon.io:443 "GET /v2/aggs/ticker/DENN/range/1/minute/2020-05-18/2020-05-20?unadjusted=False&limit=1000&apiKey=PKTRG7HFFCPGZEYUJPQR HTTP/1.1" 200 None
2020-05-20 10:14:44,372 DEBUG   : https://api.polygon.io:443 "GET /v2/aggs/ticker/BCOR/range/1/minute/2020-05-18/2020-05-20?unadjusted=False&limit=1000&apiKey=PKTRG7HFFCPGZEYUJPQR HTTP/1.1" 200 None
2020-05-20 10:14:44,450 DEBUG   : https://api.polygon.io:443 "GET /v2/aggs/ticker/PGNX/range/1/minute/2020-05-18/2020-05-20?unadjusted=False&limit=1000&apiKey=PKTRG7HFFCPGZEYUJPQR HTTP/1.1" 200 None
2020-05-20 10:14:44,524 DEBUG   : https://api.polygon.io:443 "GET /v2/aggs/ticker/MRAM/range/1/minute/2020-05-18/2020-05-20?unadjusted=False&limit=1000&apiKey=PKTRG7HFFCPGZEYUJPQR HTTP/1.1" 200 None
2020-05-20 10:14:44,620 DEBUG   : https://api.polygon.io:443 "GET /v2/aggs/ticker/DBD/range/1/minute/2020-05-18/2020-05-20?unadjusted=False&limit=1000&apiKey=PKTRG7HFFCPGZEYUJPQR HTTP/1.1" 200 None
2020-05-20 10:14:44,696 DEBUG   : https://api.polygon.io:443 "GET /v2/aggs/ticker/USX/range/1/minute/2020-05-18/2020-05-20?unadjusted=False&limit=1000&apiKey=PKTRG7HFFCPGZEYUJPQR HTTP/1.1" 200 None
2020-05-20 10:14:44,798 DEBUG   : https://api.polygon.io:443 "GET /v2/aggs/ticker/ING/range/1/minute/2020-05-18/2020-05-20?unadjusted=False&limit=1000&apiKey=PKTRG7HFFCPGZEYUJPQR HTTP/1.1" 200 None
2020-05-20 10:14:44,879 DEBUG   : https://api.polygon.io:443 "GET /v2/aggs/ticker/CWK/range/1/minute/2020-05-18/2020-05-20?unadjusted=False&limit=1000&apiKey=PKTRG7HFFCPGZEYUJPQR HTTP/1.1" 200 None
2020-05-20 10:14:44,976 DEBUG   : https://api.polygon.io:443 "GET /v2/aggs/ticker/HLX/range/1/minute/2020-05-18/2020-05-20?unadjusted=False&limit=1000&apiKey=PKTRG7HFFCPGZEYUJPQR HTTP/1.1" 200 None
2020-05-20 10:14:45,062 DEBUG   : https://api.polygon.io:443 "GET /v2/aggs/ticker/CMO/range/1/minute/2020-05-18/2020-05-20?unadjusted=False&limit=1000&apiKey=PKTRG7HFFCPGZEYUJPQR HTTP/1.1" 200 None
2020-05-20 10:14:45,157 DEBUG   : https://api.polygon.io:443 "GET /v2/aggs/ticker/FNB/range/1/minute/2020-05-18/2020-05-20?unadjusted=False&limit=1000&apiKey=PKTRG7HFFCPGZEYUJPQR HTTP/1.1" 200 None
2020-05-20 10:14:45,227 DEBUG   : https://api.polygon.io:443 "GET /v2/aggs/ticker/AUTL/range/1/minute/2020-05-18/2020-05-20?unadjusted=False&limit=1000&apiKey=PKTRG7HFFCPGZEYUJPQR HTTP/1.1" 200 None
2020-05-20 10:14:45,293 DEBUG   : https://api.polygon.io:443 "GET /v2/aggs/ticker/ETRN/range/1/minute/2020-05-18/2020-05-20?unadjusted=False&limit=1000&apiKey=PKTRG7HFFCPGZEYUJPQR HTTP/1.1" 200 None
2020-05-20 10:14:45,360 DEBUG   : https://api.polygon.io:443 "GET /v2/aggs/ticker/SMHB/range/1/minute/2020-05-18/2020-05-20?unadjusted=False&limit=1000&apiKey=PKTRG7HFFCPGZEYUJPQR HTTP/1.1" 200 None
2020-05-20 10:14:45,421 DEBUG   : https://api.polygon.io:443 "GET /v2/aggs/ticker/EC/range/1/minute/2020-05-18/2020-05-20?unadjusted=False&limit=1000&apiKey=PKTRG7HFFCPGZEYUJPQR HTTP/1.1" 200 None
2020-05-20 10:14:45,507 DEBUG   : https://api.polygon.io:443 "GET /v2/aggs/ticker/TPC/range/1/minute/2020-05-18/2020-05-20?unadjusted=False&limit=1000&apiKey=PKTRG7HFFCPGZEYUJPQR HTTP/1.1" 200 None
2020-05-20 10:14:45,582 DEBUG   : https://api.polygon.io:443 "GET /v2/aggs/ticker/KZR/range/1/minute/2020-05-18/2020-05-20?unadjusted=False&limit=1000&apiKey=PKTRG7HFFCPGZEYUJPQR HTTP/1.1" 200 None
2020-05-20 10:14:45,678 DEBUG   : https://api.polygon.io:443 "GET /v2/aggs/ticker/FHN/range/1/minute/2020-05-18/2020-05-20?unadjusted=False&limit=1000&apiKey=PKTRG7HFFCPGZEYUJPQR HTTP/1.1" 200 None
2020-05-20 10:14:45,765 DEBUG   : https://api.polygon.io:443 "GET /v2/aggs/ticker/CNSL/range/1/minute/2020-05-18/2020-05-20?unadjusted=False&limit=1000&apiKey=PKTRG7HFFCPGZEYUJPQR HTTP/1.1" 200 None
2020-05-20 10:14:45,851 DEBUG   : https://api.polygon.io:443 "GET /v2/aggs/ticker/ATEC/range/1/minute/2020-05-18/2020-05-20?unadjusted=False&limit=1000&apiKey=PKTRG7HFFCPGZEYUJPQR HTTP/1.1" 200 None
2020-05-20 10:14:45,915 DEBUG   : https://api.polygon.io:443 "GET /v2/aggs/ticker/ICAD/range/1/minute/2020-05-18/2020-05-20?unadjusted=False&limit=1000&apiKey=PKTRG7HFFCPGZEYUJPQR HTTP/1.1" 200 None
2020-05-20 10:14:45,976 DEBUG   : https://api.polygon.io:443 "GET /v2/aggs/ticker/HCHC/range/1/minute/2020-05-18/2020-05-20?unadjusted=False&limit=1000&apiKey=PKTRG7HFFCPGZEYUJPQR HTTP/1.1" 200 None
2020-05-20 10:14:46,083 DEBUG   : https://api.polygon.io:443 "GET /v2/aggs/ticker/CMRX/range/1/minute/2020-05-18/2020-05-20?unadjusted=False&limit=1000&apiKey=PKTRG7HFFCPGZEYUJPQR HTTP/1.1" 200 None
2020-05-20 10:14:46,179 DEBUG   : https://api.polygon.io:443 "GET /v2/aggs/ticker/OPTN/range/1/minute/2020-05-18/2020-05-20?unadjusted=False&limit=1000&apiKey=PKTRG7HFFCPGZEYUJPQR HTTP/1.1" 200 None
2020-05-20 10:14:46,279 DEBUG   : https://api.polygon.io:443 "GET /v2/aggs/ticker/BBD/range/1/minute/2020-05-18/2020-05-20?unadjusted=False&limit=1000&apiKey=PKTRG7HFFCPGZEYUJPQR HTTP/1.1" 200 None
2020-05-20 10:14:46,375 DEBUG   : https://api.polygon.io:443 "GET /v2/aggs/ticker/ARR/range/1/minute/2020-05-18/2020-05-20?unadjusted=False&limit=1000&apiKey=PKTRG7HFFCPGZEYUJPQR HTTP/1.1" 200 None
2020-05-20 10:14:46,474 DEBUG   : https://api.polygon.io:443 "GET /v2/aggs/ticker/PBR.A/range/1/minute/2020-05-18/2020-05-20?unadjusted=False&limit=1000&apiKey=PKTRG7HFFCPGZEYUJPQR HTTP/1.1" 200 None
2020-05-20 10:14:46,551 DEBUG   : https://api.polygon.io:443 "GET /v2/aggs/ticker/BXRX/range/1/minute/2020-05-18/2020-05-20?unadjusted=False&limit=1000&apiKey=PKTRG7HFFCPGZEYUJPQR HTTP/1.1" 200 None
2020-05-20 10:14:46,628 DEBUG   : https://api.polygon.io:443 "GET /v2/aggs/ticker/PROS/range/1/minute/2020-05-18/2020-05-20?unadjusted=False&limit=1000&apiKey=PKTRG7HFFCPGZEYUJPQR HTTP/1.1" 200 None
2020-05-20 10:14:46,693 DEBUG   : https://api.polygon.io:443 "GET /v2/aggs/ticker/DOYU/range/1/minute/2020-05-18/2020-05-20?unadjusted=False&limit=1000&apiKey=PKTRG7HFFCPGZEYUJPQR HTTP/1.1" 200 None
2020-05-20 10:14:46,764 DEBUG   : https://api.polygon.io:443 "GET /v2/aggs/ticker/FRTA/range/1/minute/2020-05-18/2020-05-20?unadjusted=False&limit=1000&apiKey=PKTRG7HFFCPGZEYUJPQR HTTP/1.1" 200 None
2020-05-20 10:14:46,840 DEBUG   : https://api.polygon.io:443 "GET /v2/aggs/ticker/CIR/range/1/minute/2020-05-18/2020-05-20?unadjusted=False&limit=1000&apiKey=PKTRG7HFFCPGZEYUJPQR HTTP/1.1" 200 None
2020-05-20 10:14:46,956 DEBUG   : https://api.polygon.io:443 "GET /v2/aggs/ticker/ZIOP/range/1/minute/2020-05-18/2020-05-20?unadjusted=False&limit=1000&apiKey=PKTRG7HFFCPGZEYUJPQR HTTP/1.1" 200 None
2020-05-20 10:14:47,026 DEBUG   : https://api.polygon.io:443 "GET /v2/aggs/ticker/TK/range/1/minute/2020-05-18/2020-05-20?unadjusted=False&limit=1000&apiKey=PKTRG7HFFCPGZEYUJPQR HTTP/1.1" 200 None
2020-05-20 10:14:47,110 DEBUG   : https://api.polygon.io:443 "GET /v2/aggs/ticker/SLS/range/1/minute/2020-05-18/2020-05-20?unadjusted=False&limit=1000&apiKey=PKTRG7HFFCPGZEYUJPQR HTTP/1.1" 200 None
2020-05-20 10:14:47,183 DEBUG   : https://api.polygon.io:443 "GET /v2/aggs/ticker/MRO/range/1/minute/2020-05-18/2020-05-20?unadjusted=False&limit=1000&apiKey=PKTRG7HFFCPGZEYUJPQR HTTP/1.1" 200 None
2020-05-20 10:14:47,238 DEBUG   : Resetting dropped connection: api.polygon.io
2020-05-20 10:14:47,393 DEBUG   : https://api.polygon.io:443 "GET /v2/aggs/ticker/ARCO/range/1/minute/2020-05-18/2020-05-20?unadjusted=False&limit=1000&apiKey=PKTRG7HFFCPGZEYUJPQR HTTP/1.1" 200 None
2020-05-20 10:14:47,478 DEBUG   : https://api.polygon.io:443 "GET /v2/aggs/ticker/HOOK/range/1/minute/2020-05-18/2020-05-20?unadjusted=False&limit=1000&apiKey=PKTRG7HFFCPGZEYUJPQR HTTP/1.1" 200 None
2020-05-20 10:14:47,560 DEBUG   : https://api.polygon.io:443 "GET /v2/aggs/ticker/ATHX/range/1/minute/2020-05-18/2020-05-20?unadjusted=False&limit=1000&apiKey=PKTRG7HFFCPGZEYUJPQR HTTP/1.1" 200 None
2020-05-20 10:14:47,666 DEBUG   : https://api.polygon.io:443 "GET /v2/aggs/ticker/AMAG/range/1/minute/2020-05-18/2020-05-20?unadjusted=False&limit=1000&apiKey=PKTRG7HFFCPGZEYUJPQR HTTP/1.1" 200 None
2020-05-20 10:14:47,768 DEBUG   : https://api.polygon.io:443 "GET /v2/aggs/ticker/TWO/range/1/minute/2020-05-18/2020-05-20?unadjusted=False&limit=1000&apiKey=PKTRG7HFFCPGZEYUJPQR HTTP/1.1" 200 None
2020-05-20 10:14:47,858 DEBUG   : https://api.polygon.io:443 "GET /v2/aggs/ticker/FCF/range/1/minute/2020-05-18/2020-05-20?unadjusted=False&limit=1000&apiKey=PKTRG7HFFCPGZEYUJPQR HTTP/1.1" 200 None
2020-05-20 10:14:47,944 DEBUG   : https://api.polygon.io:443 "GET /v2/aggs/ticker/KDMN/range/1/minute/2020-05-18/2020-05-20?unadjusted=False&limit=1000&apiKey=PKTRG7HFFCPGZEYUJPQR HTTP/1.1" 200 None
2020-05-20 10:14:48,017 DEBUG   : https://api.polygon.io:443 "GET /v2/aggs/ticker/HAFC/range/1/minute/2020-05-18/2020-05-20?unadjusted=False&limit=1000&apiKey=PKTRG7HFFCPGZEYUJPQR HTTP/1.1" 200 None
2020-05-20 10:14:48,099 DEBUG   : https://api.polygon.io:443 "GET /v2/aggs/ticker/HL/range/1/minute/2020-05-18/2020-05-20?unadjusted=False&limit=1000&apiKey=PKTRG7HFFCPGZEYUJPQR HTTP/1.1" 200 None
2020-05-20 10:14:48,167 DEBUG   : https://api.polygon.io:443 "GET /v2/aggs/ticker/MSON/range/1/minute/2020-05-18/2020-05-20?unadjusted=False&limit=1000&apiKey=PKTRG7HFFCPGZEYUJPQR HTTP/1.1" 200 None
2020-05-20 10:14:48,246 DEBUG   : https://api.polygon.io:443 "GET /v2/aggs/ticker/ORBC/range/1/minute/2020-05-18/2020-05-20?unadjusted=False&limit=1000&apiKey=PKTRG7HFFCPGZEYUJPQR HTTP/1.1" 200 None
2020-05-20 10:14:48,324 DEBUG   : https://api.polygon.io:443 "GET /v2/aggs/ticker/MGY/range/1/minute/2020-05-18/2020-05-20?unadjusted=False&limit=1000&apiKey=PKTRG7HFFCPGZEYUJPQR HTTP/1.1" 200 None
2020-05-20 10:14:48,398 DEBUG   : https://api.polygon.io:443 "GET /v2/aggs/ticker/AGEN/range/1/minute/2020-05-18/2020-05-20?unadjusted=False&limit=1000&apiKey=PKTRG7HFFCPGZEYUJPQR HTTP/1.1" 200 None
2020-05-20 10:14:48,460 DEBUG   : https://api.polygon.io:443 "GET /v2/aggs/ticker/GRTX/range/1/minute/2020-05-18/2020-05-20?unadjusted=False&limit=1000&apiKey=PKTRG7HFFCPGZEYUJPQR HTTP/1.1" 200 None
2020-05-20 10:14:48,542 DEBUG   : https://api.polygon.io:443 "GET /v2/aggs/ticker/RRR/range/1/minute/2020-05-18/2020-05-20?unadjusted=False&limit=1000&apiKey=PKTRG7HFFCPGZEYUJPQR HTTP/1.1" 200 None
2020-05-20 10:14:48,630 DEBUG   : https://api.polygon.io:443 "GET /v2/aggs/ticker/OMI/range/1/minute/2020-05-18/2020-05-20?unadjusted=False&limit=1000&apiKey=PKTRG7HFFCPGZEYUJPQR HTTP/1.1" 200 None
2020-05-20 10:14:48,729 DEBUG   : https://api.polygon.io:443 "GET /v2/aggs/ticker/BTU/range/1/minute/2020-05-18/2020-05-20?unadjusted=False&limit=1000&apiKey=PKTRG7HFFCPGZEYUJPQR HTTP/1.1" 200 None
2020-05-20 10:14:48,829 DEBUG   : https://api.polygon.io:443 "GET /v2/aggs/ticker/CBAY/range/1/minute/2020-05-18/2020-05-20?unadjusted=False&limit=1000&apiKey=PKTRG7HFFCPGZEYUJPQR HTTP/1.1" 200 None
2020-05-20 10:14:48,914 DEBUG   : https://api.polygon.io:443 "GET /v2/aggs/ticker/RLGY/range/1/minute/2020-05-18/2020-05-20?unadjusted=False&limit=1000&apiKey=PKTRG7HFFCPGZEYUJPQR HTTP/1.1" 200 None
2020-05-20 10:14:49,010 DEBUG   : https://api.polygon.io:443 "GET /v2/aggs/ticker/FENY/range/1/minute/2020-05-18/2020-05-20?unadjusted=False&limit=1000&apiKey=PKTRG7HFFCPGZEYUJPQR HTTP/1.1" 200 None
2020-05-20 10:14:49,098 DEBUG   : https://api.polygon.io:443 "GET /v2/aggs/ticker/CLDR/range/1/minute/2020-05-18/2020-05-20?unadjusted=False&limit=1000&apiKey=PKTRG7HFFCPGZEYUJPQR HTTP/1.1" 200 None
2020-05-20 10:14:49,190 DEBUG   : https://api.polygon.io:443 "GET /v2/aggs/ticker/RMBL/range/1/minute/2020-05-18/2020-05-20?unadjusted=False&limit=1000&apiKey=PKTRG7HFFCPGZEYUJPQR HTTP/1.1" 200 None
2020-05-20 10:14:49,286 DEBUG   : https://api.polygon.io:443 "GET /v2/aggs/ticker/WTTR/range/1/minute/2020-05-18/2020-05-20?unadjusted=False&limit=1000&apiKey=PKTRG7HFFCPGZEYUJPQR HTTP/1.1" 200 None
2020-05-20 10:14:49,382 DEBUG   : https://api.polygon.io:443 "GET /v2/aggs/ticker/WBK/range/1/minute/2020-05-18/2020-05-20?unadjusted=False&limit=1000&apiKey=PKTRG7HFFCPGZEYUJPQR HTTP/1.1" 200 None
2020-05-20 10:14:49,688 DEBUG   : https://api.polygon.io:443 "GET /v2/aggs/ticker/FXN/range/1/minute/2020-05-18/2020-05-20?unadjusted=False&limit=1000&apiKey=PKTRG7HFFCPGZEYUJPQR HTTP/1.1" 200 None
2020-05-20 10:14:49,774 DEBUG   : https://api.polygon.io:443 "GET /v2/aggs/ticker/ABEV/range/1/minute/2020-05-18/2020-05-20?unadjusted=False&limit=1000&apiKey=PKTRG7HFFCPGZEYUJPQR HTTP/1.1" 200 None
2020-05-20 10:14:49,983 DEBUG   : https://api.polygon.io:443 "GET /v2/aggs/ticker/MRC/range/1/minute/2020-05-18/2020-05-20?unadjusted=False&limit=1000&apiKey=PKTRG7HFFCPGZEYUJPQR HTTP/1.1" 200 None
2020-05-20 10:14:50,059 DEBUG   : https://api.polygon.io:443 "GET /v2/aggs/ticker/OSBC/range/1/minute/2020-05-18/2020-05-20?unadjusted=False&limit=1000&apiKey=PKTRG7HFFCPGZEYUJPQR HTTP/1.1" 200 None
2020-05-20 10:14:50,601 DEBUG   : https://api.polygon.io:443 "GET /v2/aggs/ticker/ODP/range/1/minute/2020-05-18/2020-05-20?unadjusted=False&limit=1000&apiKey=PKTRG7HFFCPGZEYUJPQR HTTP/1.1" 200 None
2020-05-20 10:14:51,106 DEBUG   : https://api.polygon.io:443 "GET /v2/aggs/ticker/SONA/range/1/minute/2020-05-18/2020-05-20?unadjusted=False&limit=1000&apiKey=PKTRG7HFFCPGZEYUJPQR HTTP/1.1" 200 None
2020-05-20 10:14:51,595 DEBUG   : https://api.polygon.io:443 "GET /v2/aggs/ticker/HTZ/range/1/minute/2020-05-18/2020-05-20?unadjusted=False&limit=1000&apiKey=PKTRG7HFFCPGZEYUJPQR HTTP/1.1" 200 None
2020-05-20 10:14:52,005 DEBUG   : https://api.polygon.io:443 "GET /v2/aggs/ticker/PEB/range/1/minute/2020-05-18/2020-05-20?unadjusted=False&limit=1000&apiKey=PKTRG7HFFCPGZEYUJPQR HTTP/1.1" 200 None
2020-05-20 10:14:52,123 DEBUG   : https://api.polygon.io:443 "GET /v2/aggs/ticker/SYBX/range/1/minute/2020-05-18/2020-05-20?unadjusted=False&limit=1000&apiKey=PKTRG7HFFCPGZEYUJPQR HTTP/1.1" 200 None
2020-05-20 10:14:52,215 DEBUG   : https://api.polygon.io:443 "GET /v2/aggs/ticker/VNDA/range/1/minute/2020-05-18/2020-05-20?unadjusted=False&limit=1000&apiKey=PKTRG7HFFCPGZEYUJPQR HTTP/1.1" 200 None
2020-05-20 10:14:52,901 DEBUG   : https://api.polygon.io:443 "GET /v2/aggs/ticker/TNP/range/1/minute/2020-05-18/2020-05-20?unadjusted=False&limit=1000&apiKey=PKTRG7HFFCPGZEYUJPQR HTTP/1.1" 200 None
2020-05-20 10:14:53,023 DEBUG   : https://api.polygon.io:443 "GET /v2/aggs/ticker/JAX/range/1/minute/2020-05-18/2020-05-20?unadjusted=False&limit=1000&apiKey=PKTRG7HFFCPGZEYUJPQR HTTP/1.1" 200 None
2020-05-20 10:14:53,103 DEBUG   : https://api.polygon.io:443 "GET /v2/aggs/ticker/WBT/range/1/minute/2020-05-18/2020-05-20?unadjusted=False&limit=1000&apiKey=PKTRG7HFFCPGZEYUJPQR HTTP/1.1" 200 None
2020-05-20 10:14:53,196 DEBUG   : https://api.polygon.io:443 "GET /v2/aggs/ticker/XHR/range/1/minute/2020-05-18/2020-05-20?unadjusted=False&limit=1000&apiKey=PKTRG7HFFCPGZEYUJPQR HTTP/1.1" 200 None
2020-05-20 10:14:53,284 DEBUG   : https://api.polygon.io:443 "GET /v2/aggs/ticker/BB/range/1/minute/2020-05-18/2020-05-20?unadjusted=False&limit=1000&apiKey=PKTRG7HFFCPGZEYUJPQR HTTP/1.1" 200 None
2020-05-20 10:14:53,383 DEBUG   : https://api.polygon.io:443 "GET /v2/aggs/ticker/VECO/range/1/minute/2020-05-18/2020-05-20?unadjusted=False&limit=1000&apiKey=PKTRG7HFFCPGZEYUJPQR HTTP/1.1" 200 None
2020-05-20 10:14:53,464 DEBUG   : https://api.polygon.io:443 "GET /v2/aggs/ticker/PIRS/range/1/minute/2020-05-18/2020-05-20?unadjusted=False&limit=1000&apiKey=PKTRG7HFFCPGZEYUJPQR HTTP/1.1" 200 None
2020-05-20 10:14:53,557 DEBUG   : https://api.polygon.io:443 "GET /v2/aggs/ticker/WOW/range/1/minute/2020-05-18/2020-05-20?unadjusted=False&limit=1000&apiKey=PKTRG7HFFCPGZEYUJPQR HTTP/1.1" 200 None
2020-05-20 10:14:53,630 DEBUG   : https://api.polygon.io:443 "GET /v2/aggs/ticker/RLGT/range/1/minute/2020-05-18/2020-05-20?unadjusted=False&limit=1000&apiKey=PKTRG7HFFCPGZEYUJPQR HTTP/1.1" 200 None
2020-05-20 10:14:53,707 DEBUG   : https://api.polygon.io:443 "GET /v2/aggs/ticker/ENLC/range/1/minute/2020-05-18/2020-05-20?unadjusted=False&limit=1000&apiKey=PKTRG7HFFCPGZEYUJPQR HTTP/1.1" 200 None
2020-05-20 10:14:53,801 DEBUG   : https://api.polygon.io:443 "GET /v2/aggs/ticker/PBCT/range/1/minute/2020-05-18/2020-05-20?unadjusted=False&limit=1000&apiKey=PKTRG7HFFCPGZEYUJPQR HTTP/1.1" 200 None
2020-05-20 10:14:53,887 DEBUG   : https://api.polygon.io:443 "GET /v2/aggs/ticker/MX/range/1/minute/2020-05-18/2020-05-20?unadjusted=False&limit=1000&apiKey=PKTRG7HFFCPGZEYUJPQR HTTP/1.1" 200 None
2020-05-20 10:14:53,985 DEBUG   : https://api.polygon.io:443 "GET /v2/aggs/ticker/SAN/range/1/minute/2020-05-18/2020-05-20?unadjusted=False&limit=1000&apiKey=PKTRG7HFFCPGZEYUJPQR HTTP/1.1" 200 None
2020-05-20 10:14:54,092 DEBUG   : https://api.polygon.io:443 "GET /v2/aggs/ticker/TRST/range/1/minute/2020-05-18/2020-05-20?unadjusted=False&limit=1000&apiKey=PKTRG7HFFCPGZEYUJPQR HTTP/1.1" 200 None
2020-05-20 10:14:54,181 DEBUG   : https://api.polygon.io:443 "GET /v2/aggs/ticker/KRO/range/1/minute/2020-05-18/2020-05-20?unadjusted=False&limit=1000&apiKey=PKTRG7HFFCPGZEYUJPQR HTTP/1.1" 200 None
2020-05-20 10:14:54,294 DEBUG   : https://api.polygon.io:443 "GET /v2/aggs/ticker/EVRI/range/1/minute/2020-05-18/2020-05-20?unadjusted=False&limit=1000&apiKey=PKTRG7HFFCPGZEYUJPQR HTTP/1.1" 200 None
2020-05-20 10:14:54,386 DEBUG   : https://api.polygon.io:443 "GET /v2/aggs/ticker/HLIT/range/1/minute/2020-05-18/2020-05-20?unadjusted=False&limit=1000&apiKey=PKTRG7HFFCPGZEYUJPQR HTTP/1.1" 200 None
2020-05-20 10:14:54,459 DEBUG   : https://api.polygon.io:443 "GET /v2/aggs/ticker/MORT/range/1/minute/2020-05-18/2020-05-20?unadjusted=False&limit=1000&apiKey=PKTRG7HFFCPGZEYUJPQR HTTP/1.1" 200 None
2020-05-20 10:14:54,554 DEBUG   : https://api.polygon.io:443 "GET /v2/aggs/ticker/SBBP/range/1/minute/2020-05-18/2020-05-20?unadjusted=False&limit=1000&apiKey=PKTRG7HFFCPGZEYUJPQR HTTP/1.1" 200 None
2020-05-20 10:14:54,657 DEBUG   : https://api.polygon.io:443 "GET /v2/aggs/ticker/CC/range/1/minute/2020-05-18/2020-05-20?unadjusted=False&limit=1000&apiKey=PKTRG7HFFCPGZEYUJPQR HTTP/1.1" 200 None
2020-05-20 10:14:54,748 DEBUG   : https://api.polygon.io:443 "GET /v2/aggs/ticker/TA/range/1/minute/2020-05-18/2020-05-20?unadjusted=False&limit=1000&apiKey=PKTRG7HFFCPGZEYUJPQR HTTP/1.1" 200 None
2020-05-20 10:14:54,852 DEBUG   : https://api.polygon.io:443 "GET /v2/aggs/ticker/TACO/range/1/minute/2020-05-18/2020-05-20?unadjusted=False&limit=1000&apiKey=PKTRG7HFFCPGZEYUJPQR HTTP/1.1" 200 None
2020-05-20 10:14:54,920 DEBUG   : https://api.polygon.io:443 "GET /v2/aggs/ticker/NRGX/range/1/minute/2020-05-18/2020-05-20?unadjusted=False&limit=1000&apiKey=PKTRG7HFFCPGZEYUJPQR HTTP/1.1" 200 None
2020-05-20 10:14:55,008 DEBUG   : https://api.polygon.io:443 "GET /v2/aggs/ticker/LBRT/range/1/minute/2020-05-18/2020-05-20?unadjusted=False&limit=1000&apiKey=PKTRG7HFFCPGZEYUJPQR HTTP/1.1" 200 None
2020-05-20 10:14:55,100 DEBUG   : https://api.polygon.io:443 "GET /v2/aggs/ticker/SPKE/range/1/minute/2020-05-18/2020-05-20?unadjusted=False&limit=1000&apiKey=PKTRG7HFFCPGZEYUJPQR HTTP/1.1" 200 None
2020-05-20 10:14:55,220 DEBUG   : https://api.polygon.io:443 "GET /v2/aggs/ticker/DNOW/range/1/minute/2020-05-18/2020-05-20?unadjusted=False&limit=1000&apiKey=PKTRG7HFFCPGZEYUJPQR HTTP/1.1" 200 None
2020-05-20 10:14:55,337 DEBUG   : https://api.polygon.io:443 "GET /v2/aggs/ticker/TROX/range/1/minute/2020-05-18/2020-05-20?unadjusted=False&limit=1000&apiKey=PKTRG7HFFCPGZEYUJPQR HTTP/1.1" 200 None
2020-05-20 10:14:55,413 DEBUG   : https://api.polygon.io:443 "GET /v2/aggs/ticker/GPRK/range/1/minute/2020-05-18/2020-05-20?unadjusted=False&limit=1000&apiKey=PKTRG7HFFCPGZEYUJPQR HTTP/1.1" 200 None
2020-05-20 10:14:55,483 DEBUG   : https://api.polygon.io:443 "GET /v2/aggs/ticker/FBIO/range/1/minute/2020-05-18/2020-05-20?unadjusted=False&limit=1000&apiKey=PKTRG7HFFCPGZEYUJPQR HTTP/1.1" 200 None
2020-05-20 10:14:55,562 DEBUG   : https://api.polygon.io:443 "GET /v2/aggs/ticker/NBLX/range/1/minute/2020-05-18/2020-05-20?unadjusted=False&limit=1000&apiKey=PKTRG7HFFCPGZEYUJPQR HTTP/1.1" 200 None
2020-05-20 10:14:55,651 DEBUG   : https://api.polygon.io:443 "GET /v2/aggs/ticker/DAKT/range/1/minute/2020-05-18/2020-05-20?unadjusted=False&limit=1000&apiKey=PKTRG7HFFCPGZEYUJPQR HTTP/1.1" 200 None
2020-05-20 10:14:55,731 DEBUG   : https://api.polygon.io:443 "GET /v2/aggs/ticker/CENX/range/1/minute/2020-05-18/2020-05-20?unadjusted=False&limit=1000&apiKey=PKTRG7HFFCPGZEYUJPQR HTTP/1.1" 200 None
2020-05-20 10:14:55,814 DEBUG   : https://api.polygon.io:443 "GET /v2/aggs/ticker/ABEO/range/1/minute/2020-05-18/2020-05-20?unadjusted=False&limit=1000&apiKey=PKTRG7HFFCPGZEYUJPQR HTTP/1.1" 200 None
2020-05-20 10:14:55,898 DEBUG   : https://api.polygon.io:443 "GET /v2/aggs/ticker/RYAM/range/1/minute/2020-05-18/2020-05-20?unadjusted=False&limit=1000&apiKey=PKTRG7HFFCPGZEYUJPQR HTTP/1.1" 200 None
2020-05-20 10:14:55,966 DEBUG   : https://api.polygon.io:443 "GET /v2/aggs/ticker/EBR/range/1/minute/2020-05-18/2020-05-20?unadjusted=False&limit=1000&apiKey=PKTRG7HFFCPGZEYUJPQR HTTP/1.1" 200 None
2020-05-20 10:14:56,043 DEBUG   : https://api.polygon.io:443 "GET /v2/aggs/ticker/ADRO/range/1/minute/2020-05-18/2020-05-20?unadjusted=False&limit=1000&apiKey=PKTRG7HFFCPGZEYUJPQR HTTP/1.1" 200 None
2020-05-20 10:14:56,126 DEBUG   : https://api.polygon.io:443 "GET /v2/aggs/ticker/CLNE/range/1/minute/2020-05-18/2020-05-20?unadjusted=False&limit=1000&apiKey=PKTRG7HFFCPGZEYUJPQR HTTP/1.1" 200 None
2020-05-20 10:14:56,226 DEBUG   : https://api.polygon.io:443 "GET /v2/aggs/ticker/SABR/range/1/minute/2020-05-18/2020-05-20?unadjusted=False&limit=1000&apiKey=PKTRG7HFFCPGZEYUJPQR HTTP/1.1" 200 None
2020-05-20 10:14:56,341 DEBUG   : https://api.polygon.io:443 "GET /v2/aggs/ticker/VXRT/range/1/minute/2020-05-18/2020-05-20?unadjusted=False&limit=1000&apiKey=PKTRG7HFFCPGZEYUJPQR HTTP/1.1" 200 None
2020-05-20 10:14:56,426 DEBUG   : https://api.polygon.io:443 "GET /v2/aggs/ticker/DGII/range/1/minute/2020-05-18/2020-05-20?unadjusted=False&limit=1000&apiKey=PKTRG7HFFCPGZEYUJPQR HTTP/1.1" 200 None
2020-05-20 10:14:56,495 DEBUG   : https://api.polygon.io:443 "GET /v2/aggs/ticker/IMXI/range/1/minute/2020-05-18/2020-05-20?unadjusted=False&limit=1000&apiKey=PKTRG7HFFCPGZEYUJPQR HTTP/1.1" 200 None
2020-05-20 10:14:56,585 DEBUG   : https://api.polygon.io:443 "GET /v2/aggs/ticker/FLEX/range/1/minute/2020-05-18/2020-05-20?unadjusted=False&limit=1000&apiKey=PKTRG7HFFCPGZEYUJPQR HTTP/1.1" 200 None
2020-05-20 10:14:56,687 DEBUG   : https://api.polygon.io:443 "GET /v2/aggs/ticker/LIND/range/1/minute/2020-05-18/2020-05-20?unadjusted=False&limit=1000&apiKey=PKTRG7HFFCPGZEYUJPQR HTTP/1.1" 200 None
2020-05-20 10:14:56,909 DEBUG   : https://api.polygon.io:443 "GET /v2/aggs/ticker/AGFS/range/1/minute/2020-05-18/2020-05-20?unadjusted=False&limit=1000&apiKey=PKTRG7HFFCPGZEYUJPQR HTTP/1.1" 200 None
2020-05-20 10:14:56,989 DEBUG   : https://api.polygon.io:443 "GET /v2/aggs/ticker/PRTS/range/1/minute/2020-05-18/2020-05-20?unadjusted=False&limit=1000&apiKey=PKTRG7HFFCPGZEYUJPQR HTTP/1.1" 200 None
2020-05-20 10:14:57,085 DEBUG   : https://api.polygon.io:443 "GET /v2/aggs/ticker/CURO/range/1/minute/2020-05-18/2020-05-20?unadjusted=False&limit=1000&apiKey=PKTRG7HFFCPGZEYUJPQR HTTP/1.1" 200 None
2020-05-20 10:14:57,217 DEBUG   : https://api.polygon.io:443 "GET /v2/aggs/ticker/HGLB/range/1/minute/2020-05-18/2020-05-20?unadjusted=False&limit=1000&apiKey=PKTRG7HFFCPGZEYUJPQR HTTP/1.1" 200 None
2020-05-20 10:14:57,290 DEBUG   : https://api.polygon.io:443 "GET /v2/aggs/ticker/GRBK/range/1/minute/2020-05-18/2020-05-20?unadjusted=False&limit=1000&apiKey=PKTRG7HFFCPGZEYUJPQR HTTP/1.1" 200 None
2020-05-20 10:14:57,415 DEBUG   : https://api.polygon.io:443 "GET /v2/aggs/ticker/CSTM/range/1/minute/2020-05-18/2020-05-20?unadjusted=False&limit=1000&apiKey=PKTRG7HFFCPGZEYUJPQR HTTP/1.1" 200 None
2020-05-20 10:14:57,509 DEBUG   : https://api.polygon.io:443 "GET /v2/aggs/ticker/DFEN/range/1/minute/2020-05-18/2020-05-20?unadjusted=False&limit=1000&apiKey=PKTRG7HFFCPGZEYUJPQR HTTP/1.1" 200 None
2020-05-20 10:14:57,592 DEBUG   : https://api.polygon.io:443 "GET /v2/aggs/ticker/GOL/range/1/minute/2020-05-18/2020-05-20?unadjusted=False&limit=1000&apiKey=PKTRG7HFFCPGZEYUJPQR HTTP/1.1" 200 None
2020-05-20 10:14:57,723 DEBUG   : https://api.polygon.io:443 "GET /v2/aggs/ticker/MERC/range/1/minute/2020-05-18/2020-05-20?unadjusted=False&limit=1000&apiKey=PKTRG7HFFCPGZEYUJPQR HTTP/1.1" 200 None
2020-05-20 10:14:57,796 DEBUG   : https://api.polygon.io:443 "GET /v2/aggs/ticker/CLAR/range/1/minute/2020-05-18/2020-05-20?unadjusted=False&limit=1000&apiKey=PKTRG7HFFCPGZEYUJPQR HTTP/1.1" 200 None
2020-05-20 10:14:57,875 DEBUG   : https://api.polygon.io:443 "GET /v2/aggs/ticker/SCU/range/1/minute/2020-05-18/2020-05-20?unadjusted=False&limit=1000&apiKey=PKTRG7HFFCPGZEYUJPQR HTTP/1.1" 200 None
2020-05-20 10:14:57,958 DEBUG   : https://api.polygon.io:443 "GET /v2/aggs/ticker/QMCO/range/1/minute/2020-05-18/2020-05-20?unadjusted=False&limit=1000&apiKey=PKTRG7HFFCPGZEYUJPQR HTTP/1.1" 200 None
2020-05-20 10:14:58,041 DEBUG   : https://api.polygon.io:443 "GET /v2/aggs/ticker/NEX/range/1/minute/2020-05-18/2020-05-20?unadjusted=False&limit=1000&apiKey=PKTRG7HFFCPGZEYUJPQR HTTP/1.1" 200 None
2020-05-20 10:14:58,130 DEBUG   : https://api.polygon.io:443 "GET /v2/aggs/ticker/ASIX/range/1/minute/2020-05-18/2020-05-20?unadjusted=False&limit=1000&apiKey=PKTRG7HFFCPGZEYUJPQR HTTP/1.1" 200 None
2020-05-20 10:14:58,207 DEBUG   : https://api.polygon.io:443 "GET /v2/aggs/ticker/FLMN/range/1/minute/2020-05-18/2020-05-20?unadjusted=False&limit=1000&apiKey=PKTRG7HFFCPGZEYUJPQR HTTP/1.1" 200 None
2020-05-20 10:14:58,299 DEBUG   : https://api.polygon.io:443 "GET /v2/aggs/ticker/AKBA/range/1/minute/2020-05-18/2020-05-20?unadjusted=False&limit=1000&apiKey=PKTRG7HFFCPGZEYUJPQR HTTP/1.1" 200 None
2020-05-20 10:14:58,397 DEBUG   : https://api.polygon.io:443 "GET /v2/aggs/ticker/OCUL/range/1/minute/2020-05-18/2020-05-20?unadjusted=False&limit=1000&apiKey=PKTRG7HFFCPGZEYUJPQR HTTP/1.1" 200 None
2020-05-20 10:14:58,533 DEBUG   : https://api.polygon.io:443 "GET /v2/aggs/ticker/HAL/range/1/minute/2020-05-18/2020-05-20?unadjusted=False&limit=1000&apiKey=PKTRG7HFFCPGZEYUJPQR HTTP/1.1" 200 None
2020-05-20 10:14:58,651 DEBUG   : https://api.polygon.io:443 "GET /v2/aggs/ticker/MNK/range/1/minute/2020-05-18/2020-05-20?unadjusted=False&limit=1000&apiKey=PKTRG7HFFCPGZEYUJPQR HTTP/1.1" 200 None
2020-05-20 10:14:58,768 DEBUG   : https://api.polygon.io:443 "GET /v2/aggs/ticker/OFG/range/1/minute/2020-05-18/2020-05-20?unadjusted=False&limit=1000&apiKey=PKTRG7HFFCPGZEYUJPQR HTTP/1.1" 200 None
2020-05-20 10:14:58,846 DEBUG   : https://api.polygon.io:443 "GET /v2/aggs/ticker/ALT/range/1/minute/2020-05-18/2020-05-20?unadjusted=False&limit=1000&apiKey=PKTRG7HFFCPGZEYUJPQR HTTP/1.1" 200 None
2020-05-20 10:14:59,106 DEBUG   : https://api.polygon.io:443 "GET /v2/aggs/ticker/NOA/range/1/minute/2020-05-18/2020-05-20?unadjusted=False&limit=1000&apiKey=PKTRG7HFFCPGZEYUJPQR HTTP/1.1" 200 None
2020-05-20 10:14:59,205 DEBUG   : https://api.polygon.io:443 "GET /v2/aggs/ticker/QNST/range/1/minute/2020-05-18/2020-05-20?unadjusted=False&limit=1000&apiKey=PKTRG7HFFCPGZEYUJPQR HTTP/1.1" 200 None
2020-05-20 10:14:59,225 DEBUG   : Resetting dropped connection: api.polygon.io
2020-05-20 10:14:59,396 DEBUG   : https://api.polygon.io:443 "GET /v2/aggs/ticker/ITI/range/1/minute/2020-05-18/2020-05-20?unadjusted=False&limit=1000&apiKey=PKTRG7HFFCPGZEYUJPQR HTTP/1.1" 200 None
2020-05-20 10:14:59,486 DEBUG   : https://api.polygon.io:443 "GET /v2/aggs/ticker/VG/range/1/minute/2020-05-18/2020-05-20?unadjusted=False&limit=1000&apiKey=PKTRG7HFFCPGZEYUJPQR HTTP/1.1" 200 None
2020-05-20 10:14:59,702 DEBUG   : https://api.polygon.io:443 "GET /v2/aggs/ticker/ACBI/range/1/minute/2020-05-18/2020-05-20?unadjusted=False&limit=1000&apiKey=PKTRG7HFFCPGZEYUJPQR HTTP/1.1" 200 None
2020-05-20 10:14:59,764 DEBUG   : https://api.polygon.io:443 "GET /v2/aggs/ticker/EGAN/range/1/minute/2020-05-18/2020-05-20?unadjusted=False&limit=1000&apiKey=PKTRG7HFFCPGZEYUJPQR HTTP/1.1" 200 None
2020-05-20 10:14:59,843 DEBUG   : https://api.polygon.io:443 "GET /v2/aggs/ticker/SOI/range/1/minute/2020-05-18/2020-05-20?unadjusted=False&limit=1000&apiKey=PKTRG7HFFCPGZEYUJPQR HTTP/1.1" 200 None
2020-05-20 10:14:59,936 DEBUG   : https://api.polygon.io:443 "GET /v2/aggs/ticker/ATRS/range/1/minute/2020-05-18/2020-05-20?unadjusted=False&limit=1000&apiKey=PKTRG7HFFCPGZEYUJPQR HTTP/1.1" 200 None
2020-05-20 10:15:00,089 DEBUG   : https://api.polygon.io:443 "GET /v2/aggs/ticker/AOSL/range/1/minute/2020-05-18/2020-05-20?unadjusted=False&limit=1000&apiKey=PKTRG7HFFCPGZEYUJPQR HTTP/1.1" 200 None
2020-05-20 10:15:00,301 DEBUG   : https://api.polygon.io:443 "GET /v2/aggs/ticker/TCRR/range/1/minute/2020-05-18/2020-05-20?unadjusted=False&limit=1000&apiKey=PKTRG7HFFCPGZEYUJPQR HTTP/1.1" 200 None
2020-05-20 10:15:00,367 DEBUG   : https://api.polygon.io:443 "GET /v2/aggs/ticker/BSGM/range/1/minute/2020-05-18/2020-05-20?unadjusted=False&limit=1000&apiKey=PKTRG7HFFCPGZEYUJPQR HTTP/1.1" 200 None
2020-05-20 10:15:00,547 DEBUG   : https://api.polygon.io:443 "GET /v2/aggs/ticker/MRNS/range/1/minute/2020-05-18/2020-05-20?unadjusted=False&limit=1000&apiKey=PKTRG7HFFCPGZEYUJPQR HTTP/1.1" 200 None
2020-05-20 10:15:00,693 DEBUG   : https://api.polygon.io:443 "GET /v2/aggs/ticker/SPNE/range/1/minute/2020-05-18/2020-05-20?unadjusted=False&limit=1000&apiKey=PKTRG7HFFCPGZEYUJPQR HTTP/1.1" 200 None
2020-05-20 10:15:00,773 DEBUG   : https://api.polygon.io:443 "GET /v2/aggs/ticker/FEYE/range/1/minute/2020-05-18/2020-05-20?unadjusted=False&limit=1000&apiKey=PKTRG7HFFCPGZEYUJPQR HTTP/1.1" 200 None
2020-05-20 10:15:00,876 DEBUG   : https://api.polygon.io:443 "GET /v2/aggs/ticker/BHR/range/1/minute/2020-05-18/2020-05-20?unadjusted=False&limit=1000&apiKey=PKTRG7HFFCPGZEYUJPQR HTTP/1.1" 200 None
2020-05-20 10:15:00,997 DEBUG   : https://api.polygon.io:443 "GET /v2/aggs/ticker/TEN/range/1/minute/2020-05-18/2020-05-20?unadjusted=False&limit=1000&apiKey=PKTRG7HFFCPGZEYUJPQR HTTP/1.1" 200 None
2020-05-20 10:15:01,079 DEBUG   : https://api.polygon.io:443 "GET /v2/aggs/ticker/ASPS/range/1/minute/2020-05-18/2020-05-20?unadjusted=False&limit=1000&apiKey=PKTRG7HFFCPGZEYUJPQR HTTP/1.1" 200 None
2020-05-20 10:15:01,219 DEBUG   : https://api.polygon.io:443 "GET /v2/aggs/ticker/NYMX/range/1/minute/2020-05-18/2020-05-20?unadjusted=False&limit=1000&apiKey=PKTRG7HFFCPGZEYUJPQR HTTP/1.1" 200 None
2020-05-20 10:15:01,489 DEBUG   : https://api.polygon.io:443 "GET /v2/aggs/ticker/GDEN/range/1/minute/2020-05-18/2020-05-20?unadjusted=False&limit=1000&apiKey=PKTRG7HFFCPGZEYUJPQR HTTP/1.1" 200 None
2020-05-20 10:15:01,570 DEBUG   : https://api.polygon.io:443 "GET /v2/aggs/ticker/FOE/range/1/minute/2020-05-18/2020-05-20?unadjusted=False&limit=1000&apiKey=PKTRG7HFFCPGZEYUJPQR HTTP/1.1" 200 None
2020-05-20 10:15:01,657 DEBUG   : https://api.polygon.io:443 "GET /v2/aggs/ticker/ARAV/range/1/minute/2020-05-18/2020-05-20?unadjusted=False&limit=1000&apiKey=PKTRG7HFFCPGZEYUJPQR HTTP/1.1" 200 None
2020-05-20 10:15:02,000 DEBUG   : https://api.polygon.io:443 "GET /v2/aggs/ticker/MUR/range/1/minute/2020-05-18/2020-05-20?unadjusted=False&limit=1000&apiKey=PKTRG7HFFCPGZEYUJPQR HTTP/1.1" 200 None
2020-05-20 10:15:02,126 DEBUG   : https://api.polygon.io:443 "GET /v2/aggs/ticker/PGEN/range/1/minute/2020-05-18/2020-05-20?unadjusted=False&limit=1000&apiKey=PKTRG7HFFCPGZEYUJPQR HTTP/1.1" 200 None
2020-05-20 10:15:02,217 DEBUG   : https://api.polygon.io:443 "GET /v2/aggs/ticker/CFB/range/1/minute/2020-05-18/2020-05-20?unadjusted=False&limit=1000&apiKey=PKTRG7HFFCPGZEYUJPQR HTTP/1.1" 200 None
2020-05-20 10:15:02,293 DEBUG   : https://api.polygon.io:443 "GET /v2/aggs/ticker/ORC/range/1/minute/2020-05-18/2020-05-20?unadjusted=False&limit=1000&apiKey=PKTRG7HFFCPGZEYUJPQR HTTP/1.1" 200 None
2020-05-20 10:15:02,384 DEBUG   : https://api.polygon.io:443 "GET /v2/aggs/ticker/TVTY/range/1/minute/2020-05-18/2020-05-20?unadjusted=False&limit=1000&apiKey=PKTRG7HFFCPGZEYUJPQR HTTP/1.1" 200 None
2020-05-20 10:15:02,508 DEBUG   : https://api.polygon.io:443 "GET /v2/aggs/ticker/LGF.A/range/1/minute/2020-05-18/2020-05-20?unadjusted=False&limit=1000&apiKey=PKTRG7HFFCPGZEYUJPQR HTTP/1.1" 200 None
2020-05-20 10:15:02,616 DEBUG   : https://api.polygon.io:443 "GET /v2/aggs/ticker/VHC/range/1/minute/2020-05-18/2020-05-20?unadjusted=False&limit=1000&apiKey=PKTRG7HFFCPGZEYUJPQR HTTP/1.1" 200 None
2020-05-20 10:15:02,881 DEBUG   : https://api.polygon.io:443 "GET /v2/aggs/ticker/BRKL/range/1/minute/2020-05-18/2020-05-20?unadjusted=False&limit=1000&apiKey=PKTRG7HFFCPGZEYUJPQR HTTP/1.1" 200 None
2020-05-20 10:15:02,980 DEBUG   : https://api.polygon.io:443 "GET /v2/aggs/ticker/SURF/range/1/minute/2020-05-18/2020-05-20?unadjusted=False&limit=1000&apiKey=PKTRG7HFFCPGZEYUJPQR HTTP/1.1" 200 None
2020-05-20 10:15:03,160 DEBUG   : https://api.polygon.io:443 "GET /v2/aggs/ticker/KYN/range/1/minute/2020-05-18/2020-05-20?unadjusted=False&limit=1000&apiKey=PKTRG7HFFCPGZEYUJPQR HTTP/1.1" 200 None
2020-05-20 10:15:03,917 DEBUG   : https://api.polygon.io:443 "GET /v2/aggs/ticker/ACCO/range/1/minute/2020-05-18/2020-05-20?unadjusted=False&limit=1000&apiKey=PKTRG7HFFCPGZEYUJPQR HTTP/1.1" 200 None
2020-05-20 10:15:04,204 DEBUG   : https://api.polygon.io:443 "GET /v2/aggs/ticker/SXC/range/1/minute/2020-05-18/2020-05-20?unadjusted=False&limit=1000&apiKey=PKTRG7HFFCPGZEYUJPQR HTTP/1.1" 200 None
2020-05-20 10:15:04,661 DEBUG   : https://api.polygon.io:443 "GET /v2/aggs/ticker/TWIN/range/1/minute/2020-05-18/2020-05-20?unadjusted=False&limit=1000&apiKey=PKTRG7HFFCPGZEYUJPQR HTTP/1.1" 200 None
2020-05-20 10:15:05,885 DEBUG   : https://api.polygon.io:443 "GET /v2/aggs/ticker/NBL/range/1/minute/2020-05-18/2020-05-20?unadjusted=False&limit=1000&apiKey=PKTRG7HFFCPGZEYUJPQR HTTP/1.1" 200 None
2020-05-20 10:15:06,572 DEBUG   : https://api.polygon.io:443 "GET /v2/aggs/ticker/DHC/range/1/minute/2020-05-18/2020-05-20?unadjusted=False&limit=1000&apiKey=PKTRG7HFFCPGZEYUJPQR HTTP/1.1" 200 None
2020-05-20 10:15:06,893 DEBUG   : https://api.polygon.io:443 "GET /v2/aggs/ticker/GHL/range/1/minute/2020-05-18/2020-05-20?unadjusted=False&limit=1000&apiKey=PKTRG7HFFCPGZEYUJPQR HTTP/1.1" 200 None
2020-05-20 10:15:07,046 DEBUG   : https://api.polygon.io:443 "GET /v2/aggs/ticker/CRDF/range/1/minute/2020-05-18/2020-05-20?unadjusted=False&limit=1000&apiKey=PKTRG7HFFCPGZEYUJPQR HTTP/1.1" 200 None
2020-05-20 10:15:07,602 DEBUG   : https://api.polygon.io:443 "GET /v2/aggs/ticker/CLDX/range/1/minute/2020-05-18/2020-05-20?unadjusted=False&limit=1000&apiKey=PKTRG7HFFCPGZEYUJPQR HTTP/1.1" 200 None
2020-05-20 10:15:07,946 DEBUG   : https://api.polygon.io:443 "GET /v2/aggs/ticker/CSTR/range/1/minute/2020-05-18/2020-05-20?unadjusted=False&limit=1000&apiKey=PKTRG7HFFCPGZEYUJPQR HTTP/1.1" 200 None
2020-05-20 10:15:08,023 DEBUG   : https://api.polygon.io:443 "GET /v2/aggs/ticker/LBC/range/1/minute/2020-05-18/2020-05-20?unadjusted=False&limit=1000&apiKey=PKTRG7HFFCPGZEYUJPQR HTTP/1.1" 200 None
2020-05-20 10:15:08,115 DEBUG   : https://api.polygon.io:443 "GET /v2/aggs/ticker/PBR/range/1/minute/2020-05-18/2020-05-20?unadjusted=False&limit=1000&apiKey=PKTRG7HFFCPGZEYUJPQR HTTP/1.1" 200 None
2020-05-20 10:15:08,226 DEBUG   : https://api.polygon.io:443 "GET /v2/aggs/ticker/AMAL/range/1/minute/2020-05-18/2020-05-20?unadjusted=False&limit=1000&apiKey=PKTRG7HFFCPGZEYUJPQR HTTP/1.1" 200 None
2020-05-20 10:15:08,318 DEBUG   : https://api.polygon.io:443 "GET /v2/aggs/ticker/FCEL/range/1/minute/2020-05-18/2020-05-20?unadjusted=False&limit=1000&apiKey=PKTRG7HFFCPGZEYUJPQR HTTP/1.1" 200 None
2020-05-20 10:15:08,478 DEBUG   : https://api.polygon.io:443 "GET /v2/aggs/ticker/AZUL/range/1/minute/2020-05-18/2020-05-20?unadjusted=False&limit=1000&apiKey=PKTRG7HFFCPGZEYUJPQR HTTP/1.1" 200 None
2020-05-20 10:15:08,566 DEBUG   : https://api.polygon.io:443 "GET /v2/aggs/ticker/TNAV/range/1/minute/2020-05-18/2020-05-20?unadjusted=False&limit=1000&apiKey=PKTRG7HFFCPGZEYUJPQR HTTP/1.1" 200 None
2020-05-20 10:15:08,695 DEBUG   : https://api.polygon.io:443 "GET /v2/aggs/ticker/PHUN/range/1/minute/2020-05-18/2020-05-20?unadjusted=False&limit=1000&apiKey=PKTRG7HFFCPGZEYUJPQR HTTP/1.1" 200 None
2020-05-20 10:15:09,648 DEBUG   : https://api.polygon.io:443 "GET /v2/aggs/ticker/GNW/range/1/minute/2020-05-18/2020-05-20?unadjusted=False&limit=1000&apiKey=PKTRG7HFFCPGZEYUJPQR HTTP/1.1" 200 None
2020-05-20 10:15:11,013 DEBUG   : https://api.polygon.io:443 "GET /v2/aggs/ticker/MTRX/range/1/minute/2020-05-18/2020-05-20?unadjusted=False&limit=1000&apiKey=PKTRG7HFFCPGZEYUJPQR HTTP/1.1" 200 None
