2020-06-08 12:43:07,819 DEBUG   : Debug messages are only sent to the logfile.
2020-06-08 12:43:07,819 INFO    : Info messages are not shown on the console, too.
2020-06-08 12:43:07,819 WARNING : Warnings appear both on the console and in the logfile.
2020-06-08 12:43:07,819 ERROR   : Errors get the same treatment.
2020-06-08 12:43:07,820 CRITICAL: And critical messages, of course.
2020-06-08 12:43:07,991 DEBUG   : Starting new HTTPS connection (1): api.alpaca.markets:443
2020-06-08 12:43:08,496 DEBUG   : https://api.alpaca.markets:443 "GET /v2/calendar?start=2020-06-08&end=2020-06-08 HTTP/1.1" 200 99
2020-06-08 12:43:08,547 DEBUG   : Starting new HTTPS connection (1): api.polygon.io:443
2020-06-08 12:43:11,449 DEBUG   : https://api.polygon.io:443 "GET /v2/snapshot/locale/us/markets/stocks/tickers?apiKey=AKHBM7693SBN740K49B1 HTTP/1.1" 200 None
2020-06-08 12:43:14,690 DEBUG   : https://api.alpaca.markets:443 "GET /v2/assets HTTP/1.1" 200 None
2020-06-08 12:43:16,901 DEBUG   : Using selector: KqueueSelector
2020-06-08 12:43:16,998 DEBUG   : https://api.polygon.io:443 "GET /v2/aggs/ticker/CFRX/range/1/minute/2020-06-06/2020-06-08?unadjusted=False&limit=1000&apiKey=AKHBM7693SBN740K49B1 HTTP/1.1" 200 None
2020-06-08 12:43:17,205 DEBUG   : https://api.polygon.io:443 "GET /v2/aggs/ticker/SELB/range/1/minute/2020-06-06/2020-06-08?unadjusted=False&limit=1000&apiKey=AKHBM7693SBN740K49B1 HTTP/1.1" 200 None
2020-06-08 12:43:17,356 DEBUG   : https://api.polygon.io:443 "GET /v2/aggs/ticker/TH/range/1/minute/2020-06-06/2020-06-08?unadjusted=False&limit=1000&apiKey=AKHBM7693SBN740K49B1 HTTP/1.1" 200 None
2020-06-08 12:43:17,435 DEBUG   : https://api.polygon.io:443 "GET /v2/aggs/ticker/SNDE/range/1/minute/2020-06-06/2020-06-08?unadjusted=False&limit=1000&apiKey=AKHBM7693SBN740K49B1 HTTP/1.1" 200 None
2020-06-08 12:43:17,573 DEBUG   : https://api.polygon.io:443 "GET /v2/aggs/ticker/MMX/range/1/minute/2020-06-06/2020-06-08?unadjusted=False&limit=1000&apiKey=AKHBM7693SBN740K49B1 HTTP/1.1" 200 None
2020-06-08 12:43:17,783 DEBUG   : https://api.polygon.io:443 "GET /v2/aggs/ticker/ICAD/range/1/minute/2020-06-06/2020-06-08?unadjusted=False&limit=1000&apiKey=AKHBM7693SBN740K49B1 HTTP/1.1" 200 None
2020-06-08 12:43:17,972 DEBUG   : https://api.polygon.io:443 "GET /v2/aggs/ticker/EARN/range/1/minute/2020-06-06/2020-06-08?unadjusted=False&limit=1000&apiKey=AKHBM7693SBN740K49B1 HTTP/1.1" 200 None
2020-06-08 12:43:18,040 DEBUG   : https://api.polygon.io:443 "GET /v2/aggs/ticker/YRD/range/1/minute/2020-06-06/2020-06-08?unadjusted=False&limit=1000&apiKey=AKHBM7693SBN740K49B1 HTTP/1.1" 200 None
2020-06-08 12:43:18,144 DEBUG   : https://api.polygon.io:443 "GET /v2/aggs/ticker/INN/range/1/minute/2020-06-06/2020-06-08?unadjusted=False&limit=1000&apiKey=AKHBM7693SBN740K49B1 HTTP/1.1" 200 None
2020-06-08 12:43:18,205 DEBUG   : https://api.polygon.io:443 "GET /v2/aggs/ticker/FNHC/range/1/minute/2020-06-06/2020-06-08?unadjusted=False&limit=1000&apiKey=AKHBM7693SBN740K49B1 HTTP/1.1" 200 None
2020-06-08 12:43:18,269 DEBUG   : https://api.polygon.io:443 "GET /v2/aggs/ticker/WPX/range/1/minute/2020-06-06/2020-06-08?unadjusted=False&limit=1000&apiKey=AKHBM7693SBN740K49B1 HTTP/1.1" 200 None
2020-06-08 12:43:18,381 DEBUG   : https://api.polygon.io:443 "GET /v2/aggs/ticker/CNDT/range/1/minute/2020-06-06/2020-06-08?unadjusted=False&limit=1000&apiKey=AKHBM7693SBN740K49B1 HTTP/1.1" 200 None
2020-06-08 12:43:18,566 DEBUG   : https://api.polygon.io:443 "GET /v2/aggs/ticker/ONCY/range/1/minute/2020-06-06/2020-06-08?unadjusted=False&limit=1000&apiKey=AKHBM7693SBN740K49B1 HTTP/1.1" 200 None
2020-06-08 12:43:18,664 DEBUG   : https://api.polygon.io:443 "GET /v2/aggs/ticker/DL/range/1/minute/2020-06-06/2020-06-08?unadjusted=False&limit=1000&apiKey=AKHBM7693SBN740K49B1 HTTP/1.1" 200 None
2020-06-08 12:43:18,720 DEBUG   : https://api.polygon.io:443 "GET /v2/aggs/ticker/ENDP/range/1/minute/2020-06-06/2020-06-08?unadjusted=False&limit=1000&apiKey=AKHBM7693SBN740K49B1 HTTP/1.1" 200 None
2020-06-08 12:43:18,779 DEBUG   : https://api.polygon.io:443 "GET /v2/aggs/ticker/PLSE/range/1/minute/2020-06-06/2020-06-08?unadjusted=False&limit=1000&apiKey=AKHBM7693SBN740K49B1 HTTP/1.1" 200 None
2020-06-08 12:43:18,843 DEBUG   : https://api.polygon.io:443 "GET /v2/aggs/ticker/ABR/range/1/minute/2020-06-06/2020-06-08?unadjusted=False&limit=1000&apiKey=AKHBM7693SBN740K49B1 HTTP/1.1" 200 None
2020-06-08 12:43:19,011 DEBUG   : https://api.polygon.io:443 "GET /v2/aggs/ticker/NAT/range/1/minute/2020-06-06/2020-06-08?unadjusted=False&limit=1000&apiKey=AKHBM7693SBN740K49B1 HTTP/1.1" 200 None
2020-06-08 12:43:19,223 DEBUG   : https://api.polygon.io:443 "GET /v2/aggs/ticker/AMSC/range/1/minute/2020-06-06/2020-06-08?unadjusted=False&limit=1000&apiKey=AKHBM7693SBN740K49B1 HTTP/1.1" 200 None
2020-06-08 12:43:19,288 DEBUG   : https://api.polygon.io:443 "GET /v2/aggs/ticker/SYNL/range/1/minute/2020-06-06/2020-06-08?unadjusted=False&limit=1000&apiKey=AKHBM7693SBN740K49B1 HTTP/1.1" 200 None
2020-06-08 12:43:19,403 DEBUG   : https://api.polygon.io:443 "GET /v2/aggs/ticker/TRTX/range/1/minute/2020-06-06/2020-06-08?unadjusted=False&limit=1000&apiKey=AKHBM7693SBN740K49B1 HTTP/1.1" 200 None
2020-06-08 12:43:19,536 DEBUG   : https://api.polygon.io:443 "GET /v2/aggs/ticker/PHIO/range/1/minute/2020-06-06/2020-06-08?unadjusted=False&limit=1000&apiKey=AKHBM7693SBN740K49B1 HTTP/1.1" 200 None
2020-06-08 12:43:19,599 DEBUG   : https://api.polygon.io:443 "GET /v2/aggs/ticker/GLAD/range/1/minute/2020-06-06/2020-06-08?unadjusted=False&limit=1000&apiKey=AKHBM7693SBN740K49B1 HTTP/1.1" 200 None
2020-06-08 12:43:19,656 DEBUG   : https://api.polygon.io:443 "GET /v2/aggs/ticker/LILA/range/1/minute/2020-06-06/2020-06-08?unadjusted=False&limit=1000&apiKey=AKHBM7693SBN740K49B1 HTTP/1.1" 200 None
2020-06-08 12:43:19,722 DEBUG   : https://api.polygon.io:443 "GET /v2/aggs/ticker/PFNX/range/1/minute/2020-06-06/2020-06-08?unadjusted=False&limit=1000&apiKey=AKHBM7693SBN740K49B1 HTTP/1.1" 200 None
2020-06-08 12:43:19,900 DEBUG   : https://api.polygon.io:443 "GET /v2/aggs/ticker/IRS/range/1/minute/2020-06-06/2020-06-08?unadjusted=False&limit=1000&apiKey=AKHBM7693SBN740K49B1 HTTP/1.1" 200 None
2020-06-08 12:43:20,005 DEBUG   : https://api.polygon.io:443 "GET /v2/aggs/ticker/CLDR/range/1/minute/2020-06-06/2020-06-08?unadjusted=False&limit=1000&apiKey=AKHBM7693SBN740K49B1 HTTP/1.1" 200 None
2020-06-08 12:43:20,079 DEBUG   : https://api.polygon.io:443 "GET /v2/aggs/ticker/NBL/range/1/minute/2020-06-06/2020-06-08?unadjusted=False&limit=1000&apiKey=AKHBM7693SBN740K49B1 HTTP/1.1" 200 None
2020-06-08 12:43:20,137 DEBUG   : https://api.polygon.io:443 "GET /v2/aggs/ticker/PLYA/range/1/minute/2020-06-06/2020-06-08?unadjusted=False&limit=1000&apiKey=AKHBM7693SBN740K49B1 HTTP/1.1" 200 None
2020-06-08 12:43:20,222 DEBUG   : https://api.polygon.io:443 "GET /v2/aggs/ticker/PCYG/range/1/minute/2020-06-06/2020-06-08?unadjusted=False&limit=1000&apiKey=AKHBM7693SBN740K49B1 HTTP/1.1" 200 None
2020-06-08 12:43:20,355 DEBUG   : https://api.polygon.io:443 "GET /v2/aggs/ticker/TCS/range/1/minute/2020-06-06/2020-06-08?unadjusted=False&limit=1000&apiKey=AKHBM7693SBN740K49B1 HTTP/1.1" 200 None
2020-06-08 12:43:20,500 DEBUG   : https://api.polygon.io:443 "GET /v2/aggs/ticker/PGEN/range/1/minute/2020-06-06/2020-06-08?unadjusted=False&limit=1000&apiKey=AKHBM7693SBN740K49B1 HTTP/1.1" 200 None
2020-06-08 12:43:20,604 DEBUG   : https://api.polygon.io:443 "GET /v2/aggs/ticker/GNLN/range/1/minute/2020-06-06/2020-06-08?unadjusted=False&limit=1000&apiKey=AKHBM7693SBN740K49B1 HTTP/1.1" 200 None
2020-06-08 12:43:20,722 DEBUG   : https://api.polygon.io:443 "GET /v2/aggs/ticker/SNR/range/1/minute/2020-06-06/2020-06-08?unadjusted=False&limit=1000&apiKey=AKHBM7693SBN740K49B1 HTTP/1.1" 200 None
2020-06-08 12:43:20,765 DEBUG   : https://api.polygon.io:443 "GET /v2/aggs/ticker/LAZY/range/1/minute/2020-06-06/2020-06-08?unadjusted=False&limit=1000&apiKey=AKHBM7693SBN740K49B1 HTTP/1.1" 200 None
2020-06-08 12:43:20,827 DEBUG   : https://api.polygon.io:443 "GET /v2/aggs/ticker/SMLP/range/1/minute/2020-06-06/2020-06-08?unadjusted=False&limit=1000&apiKey=AKHBM7693SBN740K49B1 HTTP/1.1" 200 None
2020-06-08 12:43:20,917 DEBUG   : https://api.polygon.io:443 "GET /v2/aggs/ticker/PHX/range/1/minute/2020-06-06/2020-06-08?unadjusted=False&limit=1000&apiKey=AKHBM7693SBN740K49B1 HTTP/1.1" 200 None
2020-06-08 12:43:20,970 DEBUG   : https://api.polygon.io:443 "GET /v2/aggs/ticker/EMO/range/1/minute/2020-06-06/2020-06-08?unadjusted=False&limit=1000&apiKey=AKHBM7693SBN740K49B1 HTTP/1.1" 200 None
2020-06-08 12:43:21,031 DEBUG   : https://api.polygon.io:443 "GET /v2/aggs/ticker/SXC/range/1/minute/2020-06-06/2020-06-08?unadjusted=False&limit=1000&apiKey=AKHBM7693SBN740K49B1 HTTP/1.1" 200 None
2020-06-08 12:43:21,099 DEBUG   : https://api.polygon.io:443 "GET /v2/aggs/ticker/SMSI/range/1/minute/2020-06-06/2020-06-08?unadjusted=False&limit=1000&apiKey=AKHBM7693SBN740K49B1 HTTP/1.1" 200 None
2020-06-08 12:43:21,228 DEBUG   : https://api.polygon.io:443 "GET /v2/aggs/ticker/CIG/range/1/minute/2020-06-06/2020-06-08?unadjusted=False&limit=1000&apiKey=AKHBM7693SBN740K49B1 HTTP/1.1" 200 None
2020-06-08 12:43:21,319 DEBUG   : https://api.polygon.io:443 "GET /v2/aggs/ticker/TWO/range/1/minute/2020-06-06/2020-06-08?unadjusted=False&limit=1000&apiKey=AKHBM7693SBN740K49B1 HTTP/1.1" 200 None
2020-06-08 12:43:21,373 DEBUG   : https://api.polygon.io:443 "GET /v2/aggs/ticker/NAVB/range/1/minute/2020-06-06/2020-06-08?unadjusted=False&limit=1000&apiKey=AKHBM7693SBN740K49B1 HTTP/1.1" 200 None
2020-06-08 12:43:21,444 DEBUG   : https://api.polygon.io:443 "GET /v2/aggs/ticker/TTM/range/1/minute/2020-06-06/2020-06-08?unadjusted=False&limit=1000&apiKey=AKHBM7693SBN740K49B1 HTTP/1.1" 200 None
2020-06-08 12:43:21,501 DEBUG   : https://api.polygon.io:443 "GET /v2/aggs/ticker/ORN/range/1/minute/2020-06-06/2020-06-08?unadjusted=False&limit=1000&apiKey=AKHBM7693SBN740K49B1 HTTP/1.1" 200 None
2020-06-08 12:43:21,673 DEBUG   : https://api.polygon.io:443 "GET /v2/aggs/ticker/OMP/range/1/minute/2020-06-06/2020-06-08?unadjusted=False&limit=1000&apiKey=AKHBM7693SBN740K49B1 HTTP/1.1" 200 None
2020-06-08 12:43:21,718 DEBUG   : https://api.polygon.io:443 "GET /v2/aggs/ticker/SID/range/1/minute/2020-06-06/2020-06-08?unadjusted=False&limit=1000&apiKey=AKHBM7693SBN740K49B1 HTTP/1.1" 200 None
2020-06-08 12:43:21,782 DEBUG   : https://api.polygon.io:443 "GET /v2/aggs/ticker/MERC/range/1/minute/2020-06-06/2020-06-08?unadjusted=False&limit=1000&apiKey=AKHBM7693SBN740K49B1 HTTP/1.1" 200 None
2020-06-08 12:43:21,840 DEBUG   : https://api.polygon.io:443 "GET /v2/aggs/ticker/YPF/range/1/minute/2020-06-06/2020-06-08?unadjusted=False&limit=1000&apiKey=AKHBM7693SBN740K49B1 HTTP/1.1" 200 None
2020-06-08 12:43:21,899 DEBUG   : https://api.polygon.io:443 "GET /v2/aggs/ticker/NLY/range/1/minute/2020-06-06/2020-06-08?unadjusted=False&limit=1000&apiKey=AKHBM7693SBN740K49B1 HTTP/1.1" 200 None
2020-06-08 12:43:21,987 DEBUG   : https://api.polygon.io:443 "GET /v2/aggs/ticker/PAGP/range/1/minute/2020-06-06/2020-06-08?unadjusted=False&limit=1000&apiKey=AKHBM7693SBN740K49B1 HTTP/1.1" 200 None
2020-06-08 12:43:22,103 DEBUG   : https://api.polygon.io:443 "GET /v2/aggs/ticker/RIG/range/1/minute/2020-06-06/2020-06-08?unadjusted=False&limit=1000&apiKey=AKHBM7693SBN740K49B1 HTTP/1.1" 200 None
2020-06-08 12:43:22,173 DEBUG   : https://api.polygon.io:443 "GET /v2/aggs/ticker/SECO/range/1/minute/2020-06-06/2020-06-08?unadjusted=False&limit=1000&apiKey=AKHBM7693SBN740K49B1 HTTP/1.1" 200 None
2020-06-08 12:43:22,228 DEBUG   : https://api.polygon.io:443 "GET /v2/aggs/ticker/CANF/range/1/minute/2020-06-06/2020-06-08?unadjusted=False&limit=1000&apiKey=AKHBM7693SBN740K49B1 HTTP/1.1" 200 None
2020-06-08 12:43:22,316 DEBUG   : https://api.polygon.io:443 "GET /v2/aggs/ticker/STIM/range/1/minute/2020-06-06/2020-06-08?unadjusted=False&limit=1000&apiKey=AKHBM7693SBN740K49B1 HTTP/1.1" 200 None
2020-06-08 12:43:22,371 DEBUG   : https://api.polygon.io:443 "GET /v2/aggs/ticker/EGLE/range/1/minute/2020-06-06/2020-06-08?unadjusted=False&limit=1000&apiKey=AKHBM7693SBN740K49B1 HTTP/1.1" 200 None
2020-06-08 12:43:22,440 DEBUG   : https://api.polygon.io:443 "GET /v2/aggs/ticker/TTMI/range/1/minute/2020-06-06/2020-06-08?unadjusted=False&limit=1000&apiKey=AKHBM7693SBN740K49B1 HTTP/1.1" 200 None
2020-06-08 12:43:22,491 DEBUG   : https://api.polygon.io:443 "GET /v2/aggs/ticker/TSQ/range/1/minute/2020-06-06/2020-06-08?unadjusted=False&limit=1000&apiKey=AKHBM7693SBN740K49B1 HTTP/1.1" 200 None
2020-06-08 12:43:22,560 DEBUG   : https://api.polygon.io:443 "GET /v2/aggs/ticker/VTVT/range/1/minute/2020-06-06/2020-06-08?unadjusted=False&limit=1000&apiKey=AKHBM7693SBN740K49B1 HTTP/1.1" 200 None
2020-06-08 12:43:22,614 DEBUG   : https://api.polygon.io:443 "GET /v2/aggs/ticker/CRK/range/1/minute/2020-06-06/2020-06-08?unadjusted=False&limit=1000&apiKey=AKHBM7693SBN740K49B1 HTTP/1.1" 200 None
2020-06-08 12:43:22,730 DEBUG   : https://api.polygon.io:443 "GET /v2/aggs/ticker/HTZ/range/1/minute/2020-06-06/2020-06-08?unadjusted=False&limit=1000&apiKey=AKHBM7693SBN740K49B1 HTTP/1.1" 200 None
2020-06-08 12:43:22,822 DEBUG   : https://api.polygon.io:443 "GET /v2/aggs/ticker/FTI/range/1/minute/2020-06-06/2020-06-08?unadjusted=False&limit=1000&apiKey=AKHBM7693SBN740K49B1 HTTP/1.1" 200 None
2020-06-08 12:43:22,899 DEBUG   : https://api.polygon.io:443 "GET /v2/aggs/ticker/HCHC/range/1/minute/2020-06-06/2020-06-08?unadjusted=False&limit=1000&apiKey=AKHBM7693SBN740K49B1 HTTP/1.1" 200 None
2020-06-08 12:43:22,977 DEBUG   : https://api.polygon.io:443 "GET /v2/aggs/ticker/EPM/range/1/minute/2020-06-06/2020-06-08?unadjusted=False&limit=1000&apiKey=AKHBM7693SBN740K49B1 HTTP/1.1" 200 None
2020-06-08 12:43:23,092 DEBUG   : https://api.polygon.io:443 "GET /v2/aggs/ticker/RBS/range/1/minute/2020-06-06/2020-06-08?unadjusted=False&limit=1000&apiKey=AKHBM7693SBN740K49B1 HTTP/1.1" 200 None
2020-06-08 12:43:23,153 DEBUG   : https://api.polygon.io:443 "GET /v2/aggs/ticker/GPOR/range/1/minute/2020-06-06/2020-06-08?unadjusted=False&limit=1000&apiKey=AKHBM7693SBN740K49B1 HTTP/1.1" 200 None
2020-06-08 12:43:23,260 DEBUG   : https://api.polygon.io:443 "GET /v2/aggs/ticker/PLX/range/1/minute/2020-06-06/2020-06-08?unadjusted=False&limit=1000&apiKey=AKHBM7693SBN740K49B1 HTTP/1.1" 200 None
2020-06-08 12:43:23,327 DEBUG   : https://api.polygon.io:443 "GET /v2/aggs/ticker/AR/range/1/minute/2020-06-06/2020-06-08?unadjusted=False&limit=1000&apiKey=AKHBM7693SBN740K49B1 HTTP/1.1" 200 None
2020-06-08 12:43:23,406 DEBUG   : https://api.polygon.io:443 "GET /v2/aggs/ticker/MNK/range/1/minute/2020-06-06/2020-06-08?unadjusted=False&limit=1000&apiKey=AKHBM7693SBN740K49B1 HTTP/1.1" 200 None
2020-06-08 12:43:23,493 DEBUG   : https://api.polygon.io:443 "GET /v2/aggs/ticker/UGP/range/1/minute/2020-06-06/2020-06-08?unadjusted=False&limit=1000&apiKey=AKHBM7693SBN740K49B1 HTTP/1.1" 200 None
2020-06-08 12:43:23,572 DEBUG   : https://api.polygon.io:443 "GET /v2/aggs/ticker/SLNO/range/1/minute/2020-06-06/2020-06-08?unadjusted=False&limit=1000&apiKey=AKHBM7693SBN740K49B1 HTTP/1.1" 200 None
