2020-05-20 11:13:46,828 DEBUG   : Debug messages are only sent to the logfile.
2020-05-20 11:13:46,828 INFO    : Info messages are not shown on the console, too.
2020-05-20 11:13:46,828 WARNING : Warnings appear both on the console and in the logfile.
2020-05-20 11:13:46,828 ERROR   : Errors get the same treatment.
2020-05-20 11:13:46,828 CRITICAL: And critical messages, of course.
2020-05-20 11:13:46,895 DEBUG   : Starting new HTTPS connection (1): paper-api.alpaca.markets:443
2020-05-20 11:13:47,167 DEBUG   : https://paper-api.alpaca.markets:443 "GET /v2/calendar?start=2020-05-20&end=2020-05-20 HTTP/1.1" 200 99
2020-05-20 11:13:47,197 DEBUG   : Starting new HTTPS connection (1): api.polygon.io:443
2020-05-20 11:13:48,054 DEBUG   : https://api.polygon.io:443 "GET /v2/snapshot/locale/us/markets/stocks/tickers?apiKey=PKTRG7HFFCPGZEYUJPQR HTTP/1.1" 200 None
2020-05-20 11:13:49,339 DEBUG   : https://paper-api.alpaca.markets:443 "GET /v2/assets HTTP/1.1" 200 None
2020-05-20 11:13:51,541 DEBUG   : Using selector: KqueueSelector
2020-05-20 11:13:51,746 DEBUG   : https://api.polygon.io:443 "GET /v2/aggs/ticker/IMMR/range/1/minute/2020-05-18/2020-05-20?unadjusted=False&limit=1000&apiKey=PKTRG7HFFCPGZEYUJPQR HTTP/1.1" 200 None
2020-05-20 11:13:51,917 DEBUG   : https://api.polygon.io:443 "GET /v2/aggs/ticker/FGB/range/1/minute/2020-05-18/2020-05-20?unadjusted=False&limit=1000&apiKey=PKTRG7HFFCPGZEYUJPQR HTTP/1.1" 200 None
2020-05-20 11:13:52,260 DEBUG   : https://api.polygon.io:443 "GET /v2/aggs/ticker/CFBK/range/1/minute/2020-05-18/2020-05-20?unadjusted=False&limit=1000&apiKey=PKTRG7HFFCPGZEYUJPQR HTTP/1.1" 200 None
2020-05-20 11:13:52,355 DEBUG   : https://api.polygon.io:443 "GET /v2/aggs/ticker/MCRB/range/1/minute/2020-05-18/2020-05-20?unadjusted=False&limit=1000&apiKey=PKTRG7HFFCPGZEYUJPQR HTTP/1.1" 200 None
2020-05-20 11:13:52,470 DEBUG   : https://api.polygon.io:443 "GET /v2/aggs/ticker/CHMA/range/1/minute/2020-05-18/2020-05-20?unadjusted=False&limit=1000&apiKey=PKTRG7HFFCPGZEYUJPQR HTTP/1.1" 200 None
2020-05-20 11:13:52,593 DEBUG   : https://api.polygon.io:443 "GET /v2/aggs/ticker/SCOR/range/1/minute/2020-05-18/2020-05-20?unadjusted=False&limit=1000&apiKey=PKTRG7HFFCPGZEYUJPQR HTTP/1.1" 200 None
2020-05-20 11:13:52,924 DEBUG   : https://api.polygon.io:443 "GET /v2/aggs/ticker/CVTI/range/1/minute/2020-05-18/2020-05-20?unadjusted=False&limit=1000&apiKey=PKTRG7HFFCPGZEYUJPQR HTTP/1.1" 200 None
2020-05-20 11:13:53,017 DEBUG   : https://api.polygon.io:443 "GET /v2/aggs/ticker/IEZ/range/1/minute/2020-05-18/2020-05-20?unadjusted=False&limit=1000&apiKey=PKTRG7HFFCPGZEYUJPQR HTTP/1.1" 200 None
2020-05-20 11:13:53,309 DEBUG   : https://api.polygon.io:443 "GET /v2/aggs/ticker/FI/range/1/minute/2020-05-18/2020-05-20?unadjusted=False&limit=1000&apiKey=PKTRG7HFFCPGZEYUJPQR HTTP/1.1" 200 None
2020-05-20 11:13:53,396 DEBUG   : https://api.polygon.io:443 "GET /v2/aggs/ticker/BZH/range/1/minute/2020-05-18/2020-05-20?unadjusted=False&limit=1000&apiKey=PKTRG7HFFCPGZEYUJPQR HTTP/1.1" 200 None
2020-05-20 11:13:53,497 DEBUG   : https://api.polygon.io:443 "GET /v2/aggs/ticker/ESTE/range/1/minute/2020-05-18/2020-05-20?unadjusted=False&limit=1000&apiKey=PKTRG7HFFCPGZEYUJPQR HTTP/1.1" 200 None
2020-05-20 11:13:53,652 DEBUG   : https://api.polygon.io:443 "GET /v2/aggs/ticker/USAC/range/1/minute/2020-05-18/2020-05-20?unadjusted=False&limit=1000&apiKey=PKTRG7HFFCPGZEYUJPQR HTTP/1.1" 200 None
2020-05-20 11:13:53,879 DEBUG   : https://api.polygon.io:443 "GET /v2/aggs/ticker/SBOW/range/1/minute/2020-05-18/2020-05-20?unadjusted=False&limit=1000&apiKey=PKTRG7HFFCPGZEYUJPQR HTTP/1.1" 200 None
2020-05-20 11:13:53,951 DEBUG   : https://api.polygon.io:443 "GET /v2/aggs/ticker/AGTC/range/1/minute/2020-05-18/2020-05-20?unadjusted=False&limit=1000&apiKey=PKTRG7HFFCPGZEYUJPQR HTTP/1.1" 200 None
2020-05-20 11:13:54,043 DEBUG   : https://api.polygon.io:443 "GET /v2/aggs/ticker/MIST/range/1/minute/2020-05-18/2020-05-20?unadjusted=False&limit=1000&apiKey=PKTRG7HFFCPGZEYUJPQR HTTP/1.1" 200 None
2020-05-20 11:13:54,125 DEBUG   : https://api.polygon.io:443 "GET /v2/aggs/ticker/FSM/range/1/minute/2020-05-18/2020-05-20?unadjusted=False&limit=1000&apiKey=PKTRG7HFFCPGZEYUJPQR HTTP/1.1" 200 None
2020-05-20 11:13:54,510 DEBUG   : https://api.polygon.io:443 "GET /v2/aggs/ticker/APY/range/1/minute/2020-05-18/2020-05-20?unadjusted=False&limit=1000&apiKey=PKTRG7HFFCPGZEYUJPQR HTTP/1.1" 200 None
2020-05-20 11:13:54,582 DEBUG   : https://api.polygon.io:443 "GET /v2/aggs/ticker/KRNY/range/1/minute/2020-05-18/2020-05-20?unadjusted=False&limit=1000&apiKey=PKTRG7HFFCPGZEYUJPQR HTTP/1.1" 200 None
2020-05-20 11:13:54,688 DEBUG   : https://api.polygon.io:443 "GET /v2/aggs/ticker/NMRK/range/1/minute/2020-05-18/2020-05-20?unadjusted=False&limit=1000&apiKey=PKTRG7HFFCPGZEYUJPQR HTTP/1.1" 200 None
2020-05-20 11:13:54,880 DEBUG   : https://api.polygon.io:443 "GET /v2/aggs/ticker/SIGA/range/1/minute/2020-05-18/2020-05-20?unadjusted=False&limit=1000&apiKey=PKTRG7HFFCPGZEYUJPQR HTTP/1.1" 200 None
2020-05-20 11:13:54,961 DEBUG   : https://api.polygon.io:443 "GET /v2/aggs/ticker/VNOM/range/1/minute/2020-05-18/2020-05-20?unadjusted=False&limit=1000&apiKey=PKTRG7HFFCPGZEYUJPQR HTTP/1.1" 200 None
2020-05-20 11:13:55,049 DEBUG   : https://api.polygon.io:443 "GET /v2/aggs/ticker/VUZI/range/1/minute/2020-05-18/2020-05-20?unadjusted=False&limit=1000&apiKey=PKTRG7HFFCPGZEYUJPQR HTTP/1.1" 200 None
2020-05-20 11:13:55,157 DEBUG   : https://api.polygon.io:443 "GET /v2/aggs/ticker/ADMA/range/1/minute/2020-05-18/2020-05-20?unadjusted=False&limit=1000&apiKey=PKTRG7HFFCPGZEYUJPQR HTTP/1.1" 200 None
2020-05-20 11:13:55,462 DEBUG   : https://api.polygon.io:443 "GET /v2/aggs/ticker/IO/range/1/minute/2020-05-18/2020-05-20?unadjusted=False&limit=1000&apiKey=PKTRG7HFFCPGZEYUJPQR HTTP/1.1" 200 None
2020-05-20 11:13:55,548 DEBUG   : https://api.polygon.io:443 "GET /v2/aggs/ticker/NESR/range/1/minute/2020-05-18/2020-05-20?unadjusted=False&limit=1000&apiKey=PKTRG7HFFCPGZEYUJPQR HTTP/1.1" 200 None
2020-05-20 11:13:55,612 DEBUG   : https://api.polygon.io:443 "GET /v2/aggs/ticker/MG/range/1/minute/2020-05-18/2020-05-20?unadjusted=False&limit=1000&apiKey=PKTRG7HFFCPGZEYUJPQR HTTP/1.1" 200 None
2020-05-20 11:13:55,699 DEBUG   : https://api.polygon.io:443 "GET /v2/aggs/ticker/CEQP/range/1/minute/2020-05-18/2020-05-20?unadjusted=False&limit=1000&apiKey=PKTRG7HFFCPGZEYUJPQR HTTP/1.1" 200 None
2020-05-20 11:13:55,929 DEBUG   : https://api.polygon.io:443 "GET /v2/aggs/ticker/EB/range/1/minute/2020-05-18/2020-05-20?unadjusted=False&limit=1000&apiKey=PKTRG7HFFCPGZEYUJPQR HTTP/1.1" 200 None
2020-05-20 11:13:56,066 DEBUG   : https://api.polygon.io:443 "GET /v2/aggs/ticker/JNCE/range/1/minute/2020-05-18/2020-05-20?unadjusted=False&limit=1000&apiKey=PKTRG7HFFCPGZEYUJPQR HTTP/1.1" 200 None
2020-05-20 11:13:56,321 DEBUG   : https://api.polygon.io:443 "GET /v2/aggs/ticker/RC/range/1/minute/2020-05-18/2020-05-20?unadjusted=False&limit=1000&apiKey=PKTRG7HFFCPGZEYUJPQR HTTP/1.1" 200 None
2020-05-20 11:13:56,441 DEBUG   : https://api.polygon.io:443 "GET /v2/aggs/ticker/CFFN/range/1/minute/2020-05-18/2020-05-20?unadjusted=False&limit=1000&apiKey=PKTRG7HFFCPGZEYUJPQR HTTP/1.1" 200 None
2020-05-20 11:13:56,572 DEBUG   : https://api.polygon.io:443 "GET /v2/aggs/ticker/DSKE/range/1/minute/2020-05-18/2020-05-20?unadjusted=False&limit=1000&apiKey=PKTRG7HFFCPGZEYUJPQR HTTP/1.1" 200 None
2020-05-20 11:13:56,669 DEBUG   : https://api.polygon.io:443 "GET /v2/aggs/ticker/BFST/range/1/minute/2020-05-18/2020-05-20?unadjusted=False&limit=1000&apiKey=PKTRG7HFFCPGZEYUJPQR HTTP/1.1" 200 None
2020-05-20 11:13:56,785 DEBUG   : https://api.polygon.io:443 "GET /v2/aggs/ticker/TISI/range/1/minute/2020-05-18/2020-05-20?unadjusted=False&limit=1000&apiKey=PKTRG7HFFCPGZEYUJPQR HTTP/1.1" 200 None
2020-05-20 11:13:56,976 DEBUG   : https://api.polygon.io:443 "GET /v2/aggs/ticker/NFBK/range/1/minute/2020-05-18/2020-05-20?unadjusted=False&limit=1000&apiKey=PKTRG7HFFCPGZEYUJPQR HTTP/1.1" 200 None
2020-05-20 11:13:57,152 DEBUG   : https://api.polygon.io:443 "GET /v2/aggs/ticker/PMT/range/1/minute/2020-05-18/2020-05-20?unadjusted=False&limit=1000&apiKey=PKTRG7HFFCPGZEYUJPQR HTTP/1.1" 200 None
2020-05-20 11:13:57,371 DEBUG   : https://api.polygon.io:443 "GET /v2/aggs/ticker/ECOM/range/1/minute/2020-05-18/2020-05-20?unadjusted=False&limit=1000&apiKey=PKTRG7HFFCPGZEYUJPQR HTTP/1.1" 200 None
2020-05-20 11:13:57,490 DEBUG   : https://api.polygon.io:443 "GET /v2/aggs/ticker/CX/range/1/minute/2020-05-18/2020-05-20?unadjusted=False&limit=1000&apiKey=PKTRG7HFFCPGZEYUJPQR HTTP/1.1" 200 None
2020-05-20 11:13:57,573 DEBUG   : https://api.polygon.io:443 "GET /v2/aggs/ticker/HCFT/range/1/minute/2020-05-18/2020-05-20?unadjusted=False&limit=1000&apiKey=PKTRG7HFFCPGZEYUJPQR HTTP/1.1" 200 None
2020-05-20 11:13:57,662 DEBUG   : https://api.polygon.io:443 "GET /v2/aggs/ticker/OPK/range/1/minute/2020-05-18/2020-05-20?unadjusted=False&limit=1000&apiKey=PKTRG7HFFCPGZEYUJPQR HTTP/1.1" 200 None
2020-05-20 11:13:57,783 DEBUG   : https://api.polygon.io:443 "GET /v2/aggs/ticker/PLYA/range/1/minute/2020-05-18/2020-05-20?unadjusted=False&limit=1000&apiKey=PKTRG7HFFCPGZEYUJPQR HTTP/1.1" 200 None
2020-05-20 11:13:57,851 DEBUG   : https://api.polygon.io:443 "GET /v2/aggs/ticker/EEA/range/1/minute/2020-05-18/2020-05-20?unadjusted=False&limit=1000&apiKey=PKTRG7HFFCPGZEYUJPQR HTTP/1.1" 200 None
2020-05-20 11:13:58,087 DEBUG   : https://api.polygon.io:443 "GET /v2/aggs/ticker/BANC/range/1/minute/2020-05-18/2020-05-20?unadjusted=False&limit=1000&apiKey=PKTRG7HFFCPGZEYUJPQR HTTP/1.1" 200 None
2020-05-20 11:13:58,198 DEBUG   : https://api.polygon.io:443 "GET /v2/aggs/ticker/CVE/range/1/minute/2020-05-18/2020-05-20?unadjusted=False&limit=1000&apiKey=PKTRG7HFFCPGZEYUJPQR HTTP/1.1" 200 None
2020-05-20 11:13:58,270 DEBUG   : https://api.polygon.io:443 "GET /v2/aggs/ticker/DESP/range/1/minute/2020-05-18/2020-05-20?unadjusted=False&limit=1000&apiKey=PKTRG7HFFCPGZEYUJPQR HTTP/1.1" 200 None
2020-05-20 11:13:58,419 DEBUG   : https://api.polygon.io:443 "GET /v2/aggs/ticker/WVE/range/1/minute/2020-05-18/2020-05-20?unadjusted=False&limit=1000&apiKey=PKTRG7HFFCPGZEYUJPQR HTTP/1.1" 200 None
2020-05-20 11:13:58,538 DEBUG   : https://api.polygon.io:443 "GET /v2/aggs/ticker/OSG/range/1/minute/2020-05-18/2020-05-20?unadjusted=False&limit=1000&apiKey=PKTRG7HFFCPGZEYUJPQR HTTP/1.1" 200 None
2020-05-20 11:13:58,622 DEBUG   : https://api.polygon.io:443 "GET /v2/aggs/ticker/HWM/range/1/minute/2020-05-18/2020-05-20?unadjusted=False&limit=1000&apiKey=PKTRG7HFFCPGZEYUJPQR HTTP/1.1" 200 None
2020-05-20 11:13:58,710 DEBUG   : https://api.polygon.io:443 "GET /v2/aggs/ticker/REPH/range/1/minute/2020-05-18/2020-05-20?unadjusted=False&limit=1000&apiKey=PKTRG7HFFCPGZEYUJPQR HTTP/1.1" 200 None
2020-05-20 11:13:58,799 DEBUG   : https://api.polygon.io:443 "GET /v2/aggs/ticker/ET/range/1/minute/2020-05-18/2020-05-20?unadjusted=False&limit=1000&apiKey=PKTRG7HFFCPGZEYUJPQR HTTP/1.1" 200 None
2020-05-20 11:13:58,885 DEBUG   : https://api.polygon.io:443 "GET /v2/aggs/ticker/NK/range/1/minute/2020-05-18/2020-05-20?unadjusted=False&limit=1000&apiKey=PKTRG7HFFCPGZEYUJPQR HTTP/1.1" 200 None
2020-05-20 11:13:59,171 DEBUG   : https://api.polygon.io:443 "GET /v2/aggs/ticker/LPG/range/1/minute/2020-05-18/2020-05-20?unadjusted=False&limit=1000&apiKey=PKTRG7HFFCPGZEYUJPQR HTTP/1.1" 200 None
2020-05-20 11:13:59,310 DEBUG   : https://api.polygon.io:443 "GET /v2/aggs/ticker/WTI/range/1/minute/2020-05-18/2020-05-20?unadjusted=False&limit=1000&apiKey=PKTRG7HFFCPGZEYUJPQR HTTP/1.1" 200 None
2020-05-20 11:13:59,469 DEBUG   : https://api.polygon.io:443 "GET /v2/aggs/ticker/FNHC/range/1/minute/2020-05-18/2020-05-20?unadjusted=False&limit=1000&apiKey=PKTRG7HFFCPGZEYUJPQR HTTP/1.1" 200 None
2020-05-20 11:13:59,589 DEBUG   : https://api.polygon.io:443 "GET /v2/aggs/ticker/APA/range/1/minute/2020-05-18/2020-05-20?unadjusted=False&limit=1000&apiKey=PKTRG7HFFCPGZEYUJPQR HTTP/1.1" 200 None
2020-05-20 11:13:59,692 DEBUG   : https://api.polygon.io:443 "GET /v2/aggs/ticker/FPRX/range/1/minute/2020-05-18/2020-05-20?unadjusted=False&limit=1000&apiKey=PKTRG7HFFCPGZEYUJPQR HTTP/1.1" 200 None
2020-05-20 11:13:59,804 DEBUG   : https://api.polygon.io:443 "GET /v2/aggs/ticker/PBI/range/1/minute/2020-05-18/2020-05-20?unadjusted=False&limit=1000&apiKey=PKTRG7HFFCPGZEYUJPQR HTTP/1.1" 200 None
2020-05-20 11:13:59,879 DEBUG   : https://api.polygon.io:443 "GET /v2/aggs/ticker/AXL/range/1/minute/2020-05-18/2020-05-20?unadjusted=False&limit=1000&apiKey=PKTRG7HFFCPGZEYUJPQR HTTP/1.1" 200 None
2020-05-20 11:14:00,121 DEBUG   : https://api.polygon.io:443 "GET /v2/aggs/ticker/AROC/range/1/minute/2020-05-18/2020-05-20?unadjusted=False&limit=1000&apiKey=PKTRG7HFFCPGZEYUJPQR HTTP/1.1" 200 None
2020-05-20 11:14:00,192 DEBUG   : https://api.polygon.io:443 "GET /v2/aggs/ticker/CTRA/range/1/minute/2020-05-18/2020-05-20?unadjusted=False&limit=1000&apiKey=PKTRG7HFFCPGZEYUJPQR HTTP/1.1" 200 None
2020-05-20 11:14:00,276 DEBUG   : https://api.polygon.io:443 "GET /v2/aggs/ticker/SYRS/range/1/minute/2020-05-18/2020-05-20?unadjusted=False&limit=1000&apiKey=PKTRG7HFFCPGZEYUJPQR HTTP/1.1" 200 None
2020-05-20 11:14:00,518 DEBUG   : https://api.polygon.io:443 "GET /v2/aggs/ticker/FMNB/range/1/minute/2020-05-18/2020-05-20?unadjusted=False&limit=1000&apiKey=PKTRG7HFFCPGZEYUJPQR HTTP/1.1" 200 None
2020-05-20 11:14:00,633 DEBUG   : https://api.polygon.io:443 "GET /v2/aggs/ticker/STL/range/1/minute/2020-05-18/2020-05-20?unadjusted=False&limit=1000&apiKey=PKTRG7HFFCPGZEYUJPQR HTTP/1.1" 200 None
2020-05-20 11:14:00,712 DEBUG   : https://api.polygon.io:443 "GET /v2/aggs/ticker/CHNG/range/1/minute/2020-05-18/2020-05-20?unadjusted=False&limit=1000&apiKey=PKTRG7HFFCPGZEYUJPQR HTTP/1.1" 200 None
2020-05-20 11:14:00,822 DEBUG   : https://api.polygon.io:443 "GET /v2/aggs/ticker/GTES/range/1/minute/2020-05-18/2020-05-20?unadjusted=False&limit=1000&apiKey=PKTRG7HFFCPGZEYUJPQR HTTP/1.1" 200 None
2020-05-20 11:14:00,913 DEBUG   : https://api.polygon.io:443 "GET /v2/aggs/ticker/ENZ/range/1/minute/2020-05-18/2020-05-20?unadjusted=False&limit=1000&apiKey=PKTRG7HFFCPGZEYUJPQR HTTP/1.1" 200 None
2020-05-20 11:14:00,997 DEBUG   : https://api.polygon.io:443 "GET /v2/aggs/ticker/PRQR/range/1/minute/2020-05-18/2020-05-20?unadjusted=False&limit=1000&apiKey=PKTRG7HFFCPGZEYUJPQR HTTP/1.1" 200 None
2020-05-20 11:14:01,215 DEBUG   : https://api.polygon.io:443 "GET /v2/aggs/ticker/MGTA/range/1/minute/2020-05-18/2020-05-20?unadjusted=False&limit=1000&apiKey=PKTRG7HFFCPGZEYUJPQR HTTP/1.1" 200 None
2020-05-20 11:14:01,292 DEBUG   : https://api.polygon.io:443 "GET /v2/aggs/ticker/RBB/range/1/minute/2020-05-18/2020-05-20?unadjusted=False&limit=1000&apiKey=PKTRG7HFFCPGZEYUJPQR HTTP/1.1" 200 None
2020-05-20 11:14:01,390 DEBUG   : https://api.polygon.io:443 "GET /v2/aggs/ticker/SMM/range/1/minute/2020-05-18/2020-05-20?unadjusted=False&limit=1000&apiKey=PKTRG7HFFCPGZEYUJPQR HTTP/1.1" 200 None
2020-05-20 11:14:01,567 DEBUG   : https://api.polygon.io:443 "GET /v2/aggs/ticker/CPLG/range/1/minute/2020-05-18/2020-05-20?unadjusted=False&limit=1000&apiKey=PKTRG7HFFCPGZEYUJPQR HTTP/1.1" 200 None
2020-05-20 11:14:02,236 DEBUG   : https://api.polygon.io:443 "GET /v2/aggs/ticker/KIN/range/1/minute/2020-05-18/2020-05-20?unadjusted=False&limit=1000&apiKey=PKTRG7HFFCPGZEYUJPQR HTTP/1.1" 200 None
2020-05-20 11:14:02,373 DEBUG   : https://api.polygon.io:443 "GET /v2/aggs/ticker/LBAI/range/1/minute/2020-05-18/2020-05-20?unadjusted=False&limit=1000&apiKey=PKTRG7HFFCPGZEYUJPQR HTTP/1.1" 200 None
2020-05-20 11:14:02,948 DEBUG   : https://api.polygon.io:443 "GET /v2/aggs/ticker/FFIC/range/1/minute/2020-05-18/2020-05-20?unadjusted=False&limit=1000&apiKey=PKTRG7HFFCPGZEYUJPQR HTTP/1.1" 200 None
2020-05-20 11:14:03,088 DEBUG   : https://api.polygon.io:443 "GET /v2/aggs/ticker/SBLK/range/1/minute/2020-05-18/2020-05-20?unadjusted=False&limit=1000&apiKey=PKTRG7HFFCPGZEYUJPQR HTTP/1.1" 200 None
2020-05-20 11:14:03,342 DEBUG   : https://api.polygon.io:443 "GET /v2/aggs/ticker/EIGR/range/1/minute/2020-05-18/2020-05-20?unadjusted=False&limit=1000&apiKey=PKTRG7HFFCPGZEYUJPQR HTTP/1.1" 200 None
2020-05-20 11:14:03,449 DEBUG   : https://api.polygon.io:443 "GET /v2/aggs/ticker/OMP/range/1/minute/2020-05-18/2020-05-20?unadjusted=False&limit=1000&apiKey=PKTRG7HFFCPGZEYUJPQR HTTP/1.1" 200 None
2020-05-20 11:14:03,537 DEBUG   : https://api.polygon.io:443 "GET /v2/aggs/ticker/XNET/range/1/minute/2020-05-18/2020-05-20?unadjusted=False&limit=1000&apiKey=PKTRG7HFFCPGZEYUJPQR HTTP/1.1" 200 None
2020-05-20 11:14:03,664 DEBUG   : https://api.polygon.io:443 "GET /v2/aggs/ticker/AGS/range/1/minute/2020-05-18/2020-05-20?unadjusted=False&limit=1000&apiKey=PKTRG7HFFCPGZEYUJPQR HTTP/1.1" 200 None
2020-05-20 11:14:03,785 DEBUG   : https://api.polygon.io:443 "GET /v2/aggs/ticker/PQG/range/1/minute/2020-05-18/2020-05-20?unadjusted=False&limit=1000&apiKey=PKTRG7HFFCPGZEYUJPQR HTTP/1.1" 200 None
2020-05-20 11:14:03,865 DEBUG   : https://api.polygon.io:443 "GET /v2/aggs/ticker/PZN/range/1/minute/2020-05-18/2020-05-20?unadjusted=False&limit=1000&apiKey=PKTRG7HFFCPGZEYUJPQR HTTP/1.1" 200 None
2020-05-20 11:14:03,942 DEBUG   : https://api.polygon.io:443 "GET /v2/aggs/ticker/WMC/range/1/minute/2020-05-18/2020-05-20?unadjusted=False&limit=1000&apiKey=PKTRG7HFFCPGZEYUJPQR HTTP/1.1" 200 None
2020-05-20 11:14:04,050 DEBUG   : https://api.polygon.io:443 "GET /v2/aggs/ticker/HT/range/1/minute/2020-05-18/2020-05-20?unadjusted=False&limit=1000&apiKey=PKTRG7HFFCPGZEYUJPQR HTTP/1.1" 200 None
2020-05-20 11:14:04,122 DEBUG   : https://api.polygon.io:443 "GET /v2/aggs/ticker/FSTR/range/1/minute/2020-05-18/2020-05-20?unadjusted=False&limit=1000&apiKey=PKTRG7HFFCPGZEYUJPQR HTTP/1.1" 200 None
2020-05-20 11:14:04,318 DEBUG   : https://api.polygon.io:443 "GET /v2/aggs/ticker/PDCE/range/1/minute/2020-05-18/2020-05-20?unadjusted=False&limit=1000&apiKey=PKTRG7HFFCPGZEYUJPQR HTTP/1.1" 200 None
2020-05-20 11:14:04,406 DEBUG   : https://api.polygon.io:443 "GET /v2/aggs/ticker/SRG/range/1/minute/2020-05-18/2020-05-20?unadjusted=False&limit=1000&apiKey=PKTRG7HFFCPGZEYUJPQR HTTP/1.1" 200 None
2020-05-20 11:14:04,495 DEBUG   : https://api.polygon.io:443 "GET /v2/aggs/ticker/APPS/range/1/minute/2020-05-18/2020-05-20?unadjusted=False&limit=1000&apiKey=PKTRG7HFFCPGZEYUJPQR HTTP/1.1" 200 None
2020-05-20 11:14:04,588 DEBUG   : https://api.polygon.io:443 "GET /v2/aggs/ticker/EZPW/range/1/minute/2020-05-18/2020-05-20?unadjusted=False&limit=1000&apiKey=PKTRG7HFFCPGZEYUJPQR HTTP/1.1" 200 None
2020-05-20 11:14:04,679 DEBUG   : https://api.polygon.io:443 "GET /v2/aggs/ticker/SHSP/range/1/minute/2020-05-18/2020-05-20?unadjusted=False&limit=1000&apiKey=PKTRG7HFFCPGZEYUJPQR HTTP/1.1" 200 None
2020-05-20 11:14:04,761 DEBUG   : https://api.polygon.io:443 "GET /v2/aggs/ticker/APTX/range/1/minute/2020-05-18/2020-05-20?unadjusted=False&limit=1000&apiKey=PKTRG7HFFCPGZEYUJPQR HTTP/1.1" 200 None
2020-05-20 11:14:04,827 DEBUG   : https://api.polygon.io:443 "GET /v2/aggs/ticker/HBNC/range/1/minute/2020-05-18/2020-05-20?unadjusted=False&limit=1000&apiKey=PKTRG7HFFCPGZEYUJPQR HTTP/1.1" 200 None
2020-05-20 11:14:04,931 DEBUG   : https://api.polygon.io:443 "GET /v2/aggs/ticker/TUP/range/1/minute/2020-05-18/2020-05-20?unadjusted=False&limit=1000&apiKey=PKTRG7HFFCPGZEYUJPQR HTTP/1.1" 200 None
2020-05-20 11:14:05,064 DEBUG   : https://api.polygon.io:443 "GET /v2/aggs/ticker/GEL/range/1/minute/2020-05-18/2020-05-20?unadjusted=False&limit=1000&apiKey=PKTRG7HFFCPGZEYUJPQR HTTP/1.1" 200 None
2020-05-20 11:14:05,223 DEBUG   : https://api.polygon.io:443 "GET /v2/aggs/ticker/LGF.B/range/1/minute/2020-05-18/2020-05-20?unadjusted=False&limit=1000&apiKey=PKTRG7HFFCPGZEYUJPQR HTTP/1.1" 200 None
2020-05-20 11:14:05,355 DEBUG   : https://api.polygon.io:443 "GET /v2/aggs/ticker/OXFD/range/1/minute/2020-05-18/2020-05-20?unadjusted=False&limit=1000&apiKey=PKTRG7HFFCPGZEYUJPQR HTTP/1.1" 200 None
2020-05-20 11:14:05,450 DEBUG   : https://api.polygon.io:443 "GET /v2/aggs/ticker/USDP/range/1/minute/2020-05-18/2020-05-20?unadjusted=False&limit=1000&apiKey=PKTRG7HFFCPGZEYUJPQR HTTP/1.1" 200 None
2020-05-20 11:14:05,541 DEBUG   : https://api.polygon.io:443 "GET /v2/aggs/ticker/SSL/range/1/minute/2020-05-18/2020-05-20?unadjusted=False&limit=1000&apiKey=PKTRG7HFFCPGZEYUJPQR HTTP/1.1" 200 None
2020-05-20 11:14:05,651 DEBUG   : https://api.polygon.io:443 "GET /v2/aggs/ticker/TPRE/range/1/minute/2020-05-18/2020-05-20?unadjusted=False&limit=1000&apiKey=PKTRG7HFFCPGZEYUJPQR HTTP/1.1" 200 None
2020-05-20 11:14:05,833 DEBUG   : https://api.polygon.io:443 "GET /v2/aggs/ticker/LC/range/1/minute/2020-05-18/2020-05-20?unadjusted=False&limit=1000&apiKey=PKTRG7HFFCPGZEYUJPQR HTTP/1.1" 200 None
2020-05-20 11:14:05,910 DEBUG   : Resetting dropped connection: api.polygon.io
2020-05-20 11:14:06,176 DEBUG   : https://api.polygon.io:443 "GET /v2/aggs/ticker/IMAX/range/1/minute/2020-05-18/2020-05-20?unadjusted=False&limit=1000&apiKey=PKTRG7HFFCPGZEYUJPQR HTTP/1.1" 200 None
2020-05-20 11:14:06,474 DEBUG   : https://api.polygon.io:443 "GET /v2/aggs/ticker/ALOT/range/1/minute/2020-05-18/2020-05-20?unadjusted=False&limit=1000&apiKey=PKTRG7HFFCPGZEYUJPQR HTTP/1.1" 200 None
2020-05-20 11:14:06,581 DEBUG   : https://api.polygon.io:443 "GET /v2/aggs/ticker/FTI/range/1/minute/2020-05-18/2020-05-20?unadjusted=False&limit=1000&apiKey=PKTRG7HFFCPGZEYUJPQR HTTP/1.1" 200 None
2020-05-20 11:14:06,710 DEBUG   : https://api.polygon.io:443 "GET /v2/aggs/ticker/PSNL/range/1/minute/2020-05-18/2020-05-20?unadjusted=False&limit=1000&apiKey=PKTRG7HFFCPGZEYUJPQR HTTP/1.1" 200 None
2020-05-20 11:14:06,799 DEBUG   : https://api.polygon.io:443 "GET /v2/aggs/ticker/VLRS/range/1/minute/2020-05-18/2020-05-20?unadjusted=False&limit=1000&apiKey=PKTRG7HFFCPGZEYUJPQR HTTP/1.1" 200 None
2020-05-20 11:14:06,893 DEBUG   : https://api.polygon.io:443 "GET /v2/aggs/ticker/IGT/range/1/minute/2020-05-18/2020-05-20?unadjusted=False&limit=1000&apiKey=PKTRG7HFFCPGZEYUJPQR HTTP/1.1" 200 None
2020-05-20 11:14:07,100 DEBUG   : https://api.polygon.io:443 "GET /v2/aggs/ticker/PHX/range/1/minute/2020-05-18/2020-05-20?unadjusted=False&limit=1000&apiKey=PKTRG7HFFCPGZEYUJPQR HTTP/1.1" 200 None
2020-05-20 11:14:07,221 DEBUG   : https://api.polygon.io:443 "GET /v2/aggs/ticker/RWT/range/1/minute/2020-05-18/2020-05-20?unadjusted=False&limit=1000&apiKey=PKTRG7HFFCPGZEYUJPQR HTTP/1.1" 200 None
2020-05-20 11:14:07,324 DEBUG   : https://api.polygon.io:443 "GET /v2/aggs/ticker/HONE/range/1/minute/2020-05-18/2020-05-20?unadjusted=False&limit=1000&apiKey=PKTRG7HFFCPGZEYUJPQR HTTP/1.1" 200 None
2020-05-20 11:14:07,484 DEBUG   : https://api.polygon.io:443 "GET /v2/aggs/ticker/MOD/range/1/minute/2020-05-18/2020-05-20?unadjusted=False&limit=1000&apiKey=PKTRG7HFFCPGZEYUJPQR HTTP/1.1" 200 None
2020-05-20 11:14:07,622 DEBUG   : https://api.polygon.io:443 "GET /v2/aggs/ticker/LIQT/range/1/minute/2020-05-18/2020-05-20?unadjusted=False&limit=1000&apiKey=PKTRG7HFFCPGZEYUJPQR HTTP/1.1" 200 None
2020-05-20 11:14:07,743 DEBUG   : https://api.polygon.io:443 "GET /v2/aggs/ticker/AHH/range/1/minute/2020-05-18/2020-05-20?unadjusted=False&limit=1000&apiKey=PKTRG7HFFCPGZEYUJPQR HTTP/1.1" 200 None
2020-05-20 11:14:08,004 DEBUG   : https://api.polygon.io:443 "GET /v2/aggs/ticker/EVOK/range/1/minute/2020-05-18/2020-05-20?unadjusted=False&limit=1000&apiKey=PKTRG7HFFCPGZEYUJPQR HTTP/1.1" 200 None
2020-05-20 11:14:08,139 DEBUG   : https://api.polygon.io:443 "GET /v2/aggs/ticker/XERS/range/1/minute/2020-05-18/2020-05-20?unadjusted=False&limit=1000&apiKey=PKTRG7HFFCPGZEYUJPQR HTTP/1.1" 200 None
2020-05-20 11:14:08,252 DEBUG   : https://api.polygon.io:443 "GET /v2/aggs/ticker/OVID/range/1/minute/2020-05-18/2020-05-20?unadjusted=False&limit=1000&apiKey=PKTRG7HFFCPGZEYUJPQR HTTP/1.1" 200 None
2020-05-20 11:14:08,348 DEBUG   : https://api.polygon.io:443 "GET /v2/aggs/ticker/BRP/range/1/minute/2020-05-18/2020-05-20?unadjusted=False&limit=1000&apiKey=PKTRG7HFFCPGZEYUJPQR HTTP/1.1" 200 None
2020-05-20 11:14:08,434 DEBUG   : https://api.polygon.io:443 "GET /v2/aggs/ticker/FFBC/range/1/minute/2020-05-18/2020-05-20?unadjusted=False&limit=1000&apiKey=PKTRG7HFFCPGZEYUJPQR HTTP/1.1" 200 None
2020-05-20 11:14:08,518 DEBUG   : https://api.polygon.io:443 "GET /v2/aggs/ticker/ARDX/range/1/minute/2020-05-18/2020-05-20?unadjusted=False&limit=1000&apiKey=PKTRG7HFFCPGZEYUJPQR HTTP/1.1" 200 None
2020-05-20 11:14:08,659 DEBUG   : https://api.polygon.io:443 "GET /v2/aggs/ticker/SCWX/range/1/minute/2020-05-18/2020-05-20?unadjusted=False&limit=1000&apiKey=PKTRG7HFFCPGZEYUJPQR HTTP/1.1" 200 None
2020-05-20 11:14:08,773 DEBUG   : https://api.polygon.io:443 "GET /v2/aggs/ticker/TGI/range/1/minute/2020-05-18/2020-05-20?unadjusted=False&limit=1000&apiKey=PKTRG7HFFCPGZEYUJPQR HTTP/1.1" 200 None
2020-05-20 11:14:09,055 DEBUG   : https://api.polygon.io:443 "GET /v2/aggs/ticker/TALO/range/1/minute/2020-05-18/2020-05-20?unadjusted=False&limit=1000&apiKey=PKTRG7HFFCPGZEYUJPQR HTTP/1.1" 200 None
2020-05-20 11:14:09,226 DEBUG   : https://api.polygon.io:443 "GET /v2/aggs/ticker/CADE/range/1/minute/2020-05-18/2020-05-20?unadjusted=False&limit=1000&apiKey=PKTRG7HFFCPGZEYUJPQR HTTP/1.1" 200 None
2020-05-20 11:14:09,396 DEBUG   : https://api.polygon.io:443 "GET /v2/aggs/ticker/DFIN/range/1/minute/2020-05-18/2020-05-20?unadjusted=False&limit=1000&apiKey=PKTRG7HFFCPGZEYUJPQR HTTP/1.1" 200 None
2020-05-20 11:14:09,524 DEBUG   : https://api.polygon.io:443 "GET /v2/aggs/ticker/CARS/range/1/minute/2020-05-18/2020-05-20?unadjusted=False&limit=1000&apiKey=PKTRG7HFFCPGZEYUJPQR HTTP/1.1" 200 None
2020-05-20 11:14:09,648 DEBUG   : https://api.polygon.io:443 "GET /v2/aggs/ticker/ACEL/range/1/minute/2020-05-18/2020-05-20?unadjusted=False&limit=1000&apiKey=PKTRG7HFFCPGZEYUJPQR HTTP/1.1" 200 None
2020-05-20 11:14:09,752 DEBUG   : https://api.polygon.io:443 "GET /v2/aggs/ticker/MBIO/range/1/minute/2020-05-18/2020-05-20?unadjusted=False&limit=1000&apiKey=PKTRG7HFFCPGZEYUJPQR HTTP/1.1" 200 None
2020-05-20 11:14:09,852 DEBUG   : https://api.polygon.io:443 "GET /v2/aggs/ticker/REV/range/1/minute/2020-05-18/2020-05-20?unadjusted=False&limit=1000&apiKey=PKTRG7HFFCPGZEYUJPQR HTTP/1.1" 200 None
2020-05-20 11:14:09,967 DEBUG   : https://api.polygon.io:443 "GET /v2/aggs/ticker/NR/range/1/minute/2020-05-18/2020-05-20?unadjusted=False&limit=1000&apiKey=PKTRG7HFFCPGZEYUJPQR HTTP/1.1" 200 None
2020-05-20 11:14:10,177 DEBUG   : https://api.polygon.io:443 "GET /v2/aggs/ticker/JMIA/range/1/minute/2020-05-18/2020-05-20?unadjusted=False&limit=1000&apiKey=PKTRG7HFFCPGZEYUJPQR HTTP/1.1" 200 None
2020-05-20 11:14:10,332 DEBUG   : https://api.polygon.io:443 "GET /v2/aggs/ticker/GOGL/range/1/minute/2020-05-18/2020-05-20?unadjusted=False&limit=1000&apiKey=PKTRG7HFFCPGZEYUJPQR HTTP/1.1" 200 None
2020-05-20 11:14:10,478 DEBUG   : https://api.polygon.io:443 "GET /v2/aggs/ticker/AVEO/range/1/minute/2020-05-18/2020-05-20?unadjusted=False&limit=1000&apiKey=PKTRG7HFFCPGZEYUJPQR HTTP/1.1" 200 None
2020-05-20 11:14:10,757 DEBUG   : https://api.polygon.io:443 "GET /v2/aggs/ticker/FPL/range/1/minute/2020-05-18/2020-05-20?unadjusted=False&limit=1000&apiKey=PKTRG7HFFCPGZEYUJPQR HTTP/1.1" 200 None
2020-05-20 11:14:10,836 DEBUG   : https://api.polygon.io:443 "GET /v2/aggs/ticker/BCBP/range/1/minute/2020-05-18/2020-05-20?unadjusted=False&limit=1000&apiKey=PKTRG7HFFCPGZEYUJPQR HTTP/1.1" 200 None
2020-05-20 11:14:10,935 DEBUG   : https://api.polygon.io:443 "GET /v2/aggs/ticker/BGCP/range/1/minute/2020-05-18/2020-05-20?unadjusted=False&limit=1000&apiKey=PKTRG7HFFCPGZEYUJPQR HTTP/1.1" 200 None
2020-05-20 11:14:11,033 DEBUG   : https://api.polygon.io:443 "GET /v2/aggs/ticker/GENC/range/1/minute/2020-05-18/2020-05-20?unadjusted=False&limit=1000&apiKey=PKTRG7HFFCPGZEYUJPQR HTTP/1.1" 200 None
2020-05-20 11:14:11,153 DEBUG   : https://api.polygon.io:443 "GET /v2/aggs/ticker/MEIP/range/1/minute/2020-05-18/2020-05-20?unadjusted=False&limit=1000&apiKey=PKTRG7HFFCPGZEYUJPQR HTTP/1.1" 200 None
2020-05-20 11:14:11,340 DEBUG   : https://api.polygon.io:443 "GET /v2/aggs/ticker/HSC/range/1/minute/2020-05-18/2020-05-20?unadjusted=False&limit=1000&apiKey=PKTRG7HFFCPGZEYUJPQR HTTP/1.1" 200 None
2020-05-20 11:14:11,420 DEBUG   : https://api.polygon.io:443 "GET /v2/aggs/ticker/MCBC/range/1/minute/2020-05-18/2020-05-20?unadjusted=False&limit=1000&apiKey=PKTRG7HFFCPGZEYUJPQR HTTP/1.1" 200 None
2020-05-20 11:14:11,545 DEBUG   : https://api.polygon.io:443 "GET /v2/aggs/ticker/WES/range/1/minute/2020-05-18/2020-05-20?unadjusted=False&limit=1000&apiKey=PKTRG7HFFCPGZEYUJPQR HTTP/1.1" 200 None
2020-05-20 11:14:11,672 DEBUG   : https://api.polygon.io:443 "GET /v2/aggs/ticker/AVXL/range/1/minute/2020-05-18/2020-05-20?unadjusted=False&limit=1000&apiKey=PKTRG7HFFCPGZEYUJPQR HTTP/1.1" 200 None
2020-05-20 11:14:11,768 DEBUG   : https://api.polygon.io:443 "GET /v2/aggs/ticker/ALDX/range/1/minute/2020-05-18/2020-05-20?unadjusted=False&limit=1000&apiKey=PKTRG7HFFCPGZEYUJPQR HTTP/1.1" 200 None
2020-05-20 11:14:11,943 DEBUG   : https://api.polygon.io:443 "GET /v2/aggs/ticker/DUSL/range/1/minute/2020-05-18/2020-05-20?unadjusted=False&limit=1000&apiKey=PKTRG7HFFCPGZEYUJPQR HTTP/1.1" 200 None
2020-05-20 11:14:12,341 DEBUG   : https://api.polygon.io:443 "GET /v2/aggs/ticker/MITT/range/1/minute/2020-05-18/2020-05-20?unadjusted=False&limit=1000&apiKey=PKTRG7HFFCPGZEYUJPQR HTTP/1.1" 200 None
2020-05-20 11:14:12,519 DEBUG   : https://api.polygon.io:443 "GET /v2/aggs/ticker/OII/range/1/minute/2020-05-18/2020-05-20?unadjusted=False&limit=1000&apiKey=PKTRG7HFFCPGZEYUJPQR HTTP/1.1" 200 None
2020-05-20 11:14:12,747 DEBUG   : https://api.polygon.io:443 "GET /v2/aggs/ticker/RIOT/range/1/minute/2020-05-18/2020-05-20?unadjusted=False&limit=1000&apiKey=PKTRG7HFFCPGZEYUJPQR HTTP/1.1" 200 None
2020-05-20 11:14:13,342 DEBUG   : https://api.polygon.io:443 "GET /v2/aggs/ticker/KMDA/range/1/minute/2020-05-18/2020-05-20?unadjusted=False&limit=1000&apiKey=PKTRG7HFFCPGZEYUJPQR HTTP/1.1" 200 None
2020-05-20 11:14:13,461 DEBUG   : https://api.polygon.io:443 "GET /v2/aggs/ticker/FLR/range/1/minute/2020-05-18/2020-05-20?unadjusted=False&limit=1000&apiKey=PKTRG7HFFCPGZEYUJPQR HTTP/1.1" 200 None
2020-05-20 11:14:13,650 DEBUG   : https://api.polygon.io:443 "GET /v2/aggs/ticker/QUAD/range/1/minute/2020-05-18/2020-05-20?unadjusted=False&limit=1000&apiKey=PKTRG7HFFCPGZEYUJPQR HTTP/1.1" 200 None
2020-05-20 11:14:14,068 DEBUG   : https://api.polygon.io:443 "GET /v2/aggs/ticker/NPTN/range/1/minute/2020-05-18/2020-05-20?unadjusted=False&limit=1000&apiKey=PKTRG7HFFCPGZEYUJPQR HTTP/1.1" 200 None
2020-05-20 11:14:14,207 DEBUG   : https://api.polygon.io:443 "GET /v2/aggs/ticker/TESS/range/1/minute/2020-05-18/2020-05-20?unadjusted=False&limit=1000&apiKey=PKTRG7HFFCPGZEYUJPQR HTTP/1.1" 200 None
2020-05-20 11:14:14,298 DEBUG   : https://api.polygon.io:443 "GET /v2/aggs/ticker/ARNC/range/1/minute/2020-05-18/2020-05-20?unadjusted=False&limit=1000&apiKey=PKTRG7HFFCPGZEYUJPQR HTTP/1.1" 200 None
2020-05-20 11:14:14,411 DEBUG   : https://api.polygon.io:443 "GET /v2/aggs/ticker/FULT/range/1/minute/2020-05-18/2020-05-20?unadjusted=False&limit=1000&apiKey=PKTRG7HFFCPGZEYUJPQR HTTP/1.1" 200 None
2020-05-20 11:14:14,519 DEBUG   : https://api.polygon.io:443 "GET /v2/aggs/ticker/CMLS/range/1/minute/2020-05-18/2020-05-20?unadjusted=False&limit=1000&apiKey=PKTRG7HFFCPGZEYUJPQR HTTP/1.1" 200 None
2020-05-20 11:14:14,594 DEBUG   : https://api.polygon.io:443 "GET /v2/aggs/ticker/BRY/range/1/minute/2020-05-18/2020-05-20?unadjusted=False&limit=1000&apiKey=PKTRG7HFFCPGZEYUJPQR HTTP/1.1" 200 None
2020-05-20 11:14:14,837 DEBUG   : https://api.polygon.io:443 "GET /v2/aggs/ticker/SVRA/range/1/minute/2020-05-18/2020-05-20?unadjusted=False&limit=1000&apiKey=PKTRG7HFFCPGZEYUJPQR HTTP/1.1" 200 None
2020-05-20 11:14:14,932 DEBUG   : https://api.polygon.io:443 "GET /v2/aggs/ticker/GPMT/range/1/minute/2020-05-18/2020-05-20?unadjusted=False&limit=1000&apiKey=PKTRG7HFFCPGZEYUJPQR HTTP/1.1" 200 None
2020-05-20 11:14:15,137 DEBUG   : https://api.polygon.io:443 "GET /v2/aggs/ticker/ONB/range/1/minute/2020-05-18/2020-05-20?unadjusted=False&limit=1000&apiKey=PKTRG7HFFCPGZEYUJPQR HTTP/1.1" 200 None
2020-05-20 11:14:15,340 DEBUG   : https://api.polygon.io:443 "GET /v2/aggs/ticker/AKTS/range/1/minute/2020-05-18/2020-05-20?unadjusted=False&limit=1000&apiKey=PKTRG7HFFCPGZEYUJPQR HTTP/1.1" 200 None
2020-05-20 11:14:15,432 DEBUG   : https://api.polygon.io:443 "GET /v2/aggs/ticker/TTMI/range/1/minute/2020-05-18/2020-05-20?unadjusted=False&limit=1000&apiKey=PKTRG7HFFCPGZEYUJPQR HTTP/1.1" 200 None
2020-05-20 11:14:15,520 DEBUG   : https://api.polygon.io:443 "GET /v2/aggs/ticker/RES/range/1/minute/2020-05-18/2020-05-20?unadjusted=False&limit=1000&apiKey=PKTRG7HFFCPGZEYUJPQR HTTP/1.1" 200 None
2020-05-20 11:14:15,619 DEBUG   : https://api.polygon.io:443 "GET /v2/aggs/ticker/ACY/range/1/minute/2020-05-18/2020-05-20?unadjusted=False&limit=1000&apiKey=PKTRG7HFFCPGZEYUJPQR HTTP/1.1" 200 None
2020-05-20 11:14:15,706 DEBUG   : https://api.polygon.io:443 "GET /v2/aggs/ticker/GLRE/range/1/minute/2020-05-18/2020-05-20?unadjusted=False&limit=1000&apiKey=PKTRG7HFFCPGZEYUJPQR HTTP/1.1" 200 None
2020-05-20 11:14:15,781 DEBUG   : https://api.polygon.io:443 "GET /v2/aggs/ticker/GLNG/range/1/minute/2020-05-18/2020-05-20?unadjusted=False&limit=1000&apiKey=PKTRG7HFFCPGZEYUJPQR HTTP/1.1" 200 None
2020-05-20 11:14:15,934 DEBUG   : https://api.polygon.io:443 "GET /v2/aggs/ticker/ATI/range/1/minute/2020-05-18/2020-05-20?unadjusted=False&limit=1000&apiKey=PKTRG7HFFCPGZEYUJPQR HTTP/1.1" 200 None
2020-05-20 11:14:16,026 DEBUG   : https://api.polygon.io:443 "GET /v2/aggs/ticker/ATIF/range/1/minute/2020-05-18/2020-05-20?unadjusted=False&limit=1000&apiKey=PKTRG7HFFCPGZEYUJPQR HTTP/1.1" 200 None
2020-05-20 11:14:16,167 DEBUG   : https://api.polygon.io:443 "GET /v2/aggs/ticker/WPX/range/1/minute/2020-05-18/2020-05-20?unadjusted=False&limit=1000&apiKey=PKTRG7HFFCPGZEYUJPQR HTTP/1.1" 200 None
2020-05-20 11:14:16,291 DEBUG   : https://api.polygon.io:443 "GET /v2/aggs/ticker/MBI/range/1/minute/2020-05-18/2020-05-20?unadjusted=False&limit=1000&apiKey=PKTRG7HFFCPGZEYUJPQR HTTP/1.1" 200 None
2020-05-20 11:14:16,443 DEBUG   : https://api.polygon.io:443 "GET /v2/aggs/ticker/MTW/range/1/minute/2020-05-18/2020-05-20?unadjusted=False&limit=1000&apiKey=PKTRG7HFFCPGZEYUJPQR HTTP/1.1" 200 None
2020-05-20 11:14:16,518 DEBUG   : https://api.polygon.io:443 "GET /v2/aggs/ticker/RGP/range/1/minute/2020-05-18/2020-05-20?unadjusted=False&limit=1000&apiKey=PKTRG7HFFCPGZEYUJPQR HTTP/1.1" 200 None
2020-05-20 11:14:16,621 DEBUG   : https://api.polygon.io:443 "GET /v2/aggs/ticker/INN/range/1/minute/2020-05-18/2020-05-20?unadjusted=False&limit=1000&apiKey=PKTRG7HFFCPGZEYUJPQR HTTP/1.1" 200 None
2020-05-20 11:14:16,714 DEBUG   : https://api.polygon.io:443 "GET /v2/aggs/ticker/AXTI/range/1/minute/2020-05-18/2020-05-20?unadjusted=False&limit=1000&apiKey=PKTRG7HFFCPGZEYUJPQR HTTP/1.1" 200 None
2020-05-20 11:14:16,823 DEBUG   : https://api.polygon.io:443 "GET /v2/aggs/ticker/KEY/range/1/minute/2020-05-18/2020-05-20?unadjusted=False&limit=1000&apiKey=PKTRG7HFFCPGZEYUJPQR HTTP/1.1" 200 None
2020-05-20 11:14:16,932 DEBUG   : https://api.polygon.io:443 "GET /v2/aggs/ticker/VERI/range/1/minute/2020-05-18/2020-05-20?unadjusted=False&limit=1000&apiKey=PKTRG7HFFCPGZEYUJPQR HTTP/1.1" 200 None
2020-05-20 11:14:17,013 DEBUG   : https://api.polygon.io:443 "GET /v2/aggs/ticker/NERV/range/1/minute/2020-05-18/2020-05-20?unadjusted=False&limit=1000&apiKey=PKTRG7HFFCPGZEYUJPQR HTTP/1.1" 200 None
2020-05-20 11:14:17,122 DEBUG   : https://api.polygon.io:443 "GET /v2/aggs/ticker/FARM/range/1/minute/2020-05-18/2020-05-20?unadjusted=False&limit=1000&apiKey=PKTRG7HFFCPGZEYUJPQR HTTP/1.1" 200 None
2020-05-20 11:14:17,194 DEBUG   : https://api.polygon.io:443 "GET /v2/aggs/ticker/HTBK/range/1/minute/2020-05-18/2020-05-20?unadjusted=False&limit=1000&apiKey=PKTRG7HFFCPGZEYUJPQR HTTP/1.1" 200 None
2020-05-20 11:14:17,290 DEBUG   : https://api.polygon.io:443 "GET /v2/aggs/ticker/FMBI/range/1/minute/2020-05-18/2020-05-20?unadjusted=False&limit=1000&apiKey=PKTRG7HFFCPGZEYUJPQR HTTP/1.1" 200 None
2020-05-20 11:14:17,382 DEBUG   : https://api.polygon.io:443 "GET /v2/aggs/ticker/ISDR/range/1/minute/2020-05-18/2020-05-20?unadjusted=False&limit=1000&apiKey=PKTRG7HFFCPGZEYUJPQR HTTP/1.1" 200 None
2020-05-20 11:14:17,469 DEBUG   : https://api.polygon.io:443 "GET /v2/aggs/ticker/SCS/range/1/minute/2020-05-18/2020-05-20?unadjusted=False&limit=1000&apiKey=PKTRG7HFFCPGZEYUJPQR HTTP/1.1" 200 None
2020-05-20 11:14:17,637 DEBUG   : https://api.polygon.io:443 "GET /v2/aggs/ticker/NOV/range/1/minute/2020-05-18/2020-05-20?unadjusted=False&limit=1000&apiKey=PKTRG7HFFCPGZEYUJPQR HTTP/1.1" 200 None
2020-05-20 11:14:17,932 DEBUG   : https://api.polygon.io:443 "GET /v2/aggs/ticker/RF/range/1/minute/2020-05-18/2020-05-20?unadjusted=False&limit=1000&apiKey=PKTRG7HFFCPGZEYUJPQR HTTP/1.1" 200 None
2020-05-20 11:14:18,060 DEBUG   : https://api.polygon.io:443 "GET /v2/aggs/ticker/ASC/range/1/minute/2020-05-18/2020-05-20?unadjusted=False&limit=1000&apiKey=PKTRG7HFFCPGZEYUJPQR HTTP/1.1" 200 None
2020-05-20 11:14:18,276 DEBUG   : https://api.polygon.io:443 "GET /v2/aggs/ticker/GSIT/range/1/minute/2020-05-18/2020-05-20?unadjusted=False&limit=1000&apiKey=PKTRG7HFFCPGZEYUJPQR HTTP/1.1" 200 None
2020-05-20 11:14:18,437 DEBUG   : https://api.polygon.io:443 "GET /v2/aggs/ticker/INFN/range/1/minute/2020-05-18/2020-05-20?unadjusted=False&limit=1000&apiKey=PKTRG7HFFCPGZEYUJPQR HTTP/1.1" 200 None
2020-05-20 11:14:18,519 DEBUG   : https://api.polygon.io:443 "GET /v2/aggs/ticker/ALLT/range/1/minute/2020-05-18/2020-05-20?unadjusted=False&limit=1000&apiKey=PKTRG7HFFCPGZEYUJPQR HTTP/1.1" 200 None
2020-05-20 11:14:18,626 DEBUG   : https://api.polygon.io:443 "GET /v2/aggs/ticker/GPRE/range/1/minute/2020-05-18/2020-05-20?unadjusted=False&limit=1000&apiKey=PKTRG7HFFCPGZEYUJPQR HTTP/1.1" 200 None
2020-05-20 11:14:18,740 DEBUG   : https://api.polygon.io:443 "GET /v2/aggs/ticker/GOGO/range/1/minute/2020-05-18/2020-05-20?unadjusted=False&limit=1000&apiKey=PKTRG7HFFCPGZEYUJPQR HTTP/1.1" 200 None
2020-05-20 11:14:18,834 DEBUG   : https://api.polygon.io:443 "GET /v2/aggs/ticker/CMRE/range/1/minute/2020-05-18/2020-05-20?unadjusted=False&limit=1000&apiKey=PKTRG7HFFCPGZEYUJPQR HTTP/1.1" 200 None
2020-05-20 11:14:18,917 DEBUG   : https://api.polygon.io:443 "GET /v2/aggs/ticker/MTG/range/1/minute/2020-05-18/2020-05-20?unadjusted=False&limit=1000&apiKey=PKTRG7HFFCPGZEYUJPQR HTTP/1.1" 200 None
2020-05-20 11:14:19,025 DEBUG   : https://api.polygon.io:443 "GET /v2/aggs/ticker/AR/range/1/minute/2020-05-18/2020-05-20?unadjusted=False&limit=1000&apiKey=PKTRG7HFFCPGZEYUJPQR HTTP/1.1" 200 None
2020-05-20 11:14:19,141 DEBUG   : https://api.polygon.io:443 "GET /v2/aggs/ticker/PVAC/range/1/minute/2020-05-18/2020-05-20?unadjusted=False&limit=1000&apiKey=PKTRG7HFFCPGZEYUJPQR HTTP/1.1" 200 None
2020-05-20 11:14:19,215 DEBUG   : https://api.polygon.io:443 "GET /v2/aggs/ticker/CUBI/range/1/minute/2020-05-18/2020-05-20?unadjusted=False&limit=1000&apiKey=PKTRG7HFFCPGZEYUJPQR HTTP/1.1" 200 None
2020-05-20 11:14:19,300 DEBUG   : https://api.polygon.io:443 "GET /v2/aggs/ticker/PACK/range/1/minute/2020-05-18/2020-05-20?unadjusted=False&limit=1000&apiKey=PKTRG7HFFCPGZEYUJPQR HTTP/1.1" 200 None
2020-05-20 11:14:19,367 DEBUG   : https://api.polygon.io:443 "GET /v2/aggs/ticker/GNK/range/1/minute/2020-05-18/2020-05-20?unadjusted=False&limit=1000&apiKey=PKTRG7HFFCPGZEYUJPQR HTTP/1.1" 200 None
2020-05-20 11:14:19,448 DEBUG   : https://api.polygon.io:443 "GET /v2/aggs/ticker/INSE/range/1/minute/2020-05-18/2020-05-20?unadjusted=False&limit=1000&apiKey=PKTRG7HFFCPGZEYUJPQR HTTP/1.1" 200 None
2020-05-20 11:14:19,526 DEBUG   : https://api.polygon.io:443 "GET /v2/aggs/ticker/NAT/range/1/minute/2020-05-18/2020-05-20?unadjusted=False&limit=1000&apiKey=PKTRG7HFFCPGZEYUJPQR HTTP/1.1" 200 None
2020-05-20 11:14:19,633 DEBUG   : https://api.polygon.io:443 "GET /v2/aggs/ticker/VFF/range/1/minute/2020-05-18/2020-05-20?unadjusted=False&limit=1000&apiKey=PKTRG7HFFCPGZEYUJPQR HTTP/1.1" 200 None
2020-05-20 11:14:19,747 DEBUG   : https://api.polygon.io:443 "GET /v2/aggs/ticker/CONN/range/1/minute/2020-05-18/2020-05-20?unadjusted=False&limit=1000&apiKey=PKTRG7HFFCPGZEYUJPQR HTTP/1.1" 200 None
2020-05-20 11:14:19,832 DEBUG   : https://api.polygon.io:443 "GET /v2/aggs/ticker/OVV/range/1/minute/2020-05-18/2020-05-20?unadjusted=False&limit=1000&apiKey=PKTRG7HFFCPGZEYUJPQR HTTP/1.1" 200 None
2020-05-20 11:14:19,923 DEBUG   : https://api.polygon.io:443 "GET /v2/aggs/ticker/NAVI/range/1/minute/2020-05-18/2020-05-20?unadjusted=False&limit=1000&apiKey=PKTRG7HFFCPGZEYUJPQR HTTP/1.1" 200 None
2020-05-20 11:14:19,943 DEBUG   : Resetting dropped connection: api.polygon.io
2020-05-20 11:14:20,112 DEBUG   : https://api.polygon.io:443 "GET /v2/aggs/ticker/ALTG/range/1/minute/2020-05-18/2020-05-20?unadjusted=False&limit=1000&apiKey=PKTRG7HFFCPGZEYUJPQR HTTP/1.1" 200 None
2020-05-20 11:14:20,220 DEBUG   : https://api.polygon.io:443 "GET /v2/aggs/ticker/FRBK/range/1/minute/2020-05-18/2020-05-20?unadjusted=False&limit=1000&apiKey=PKTRG7HFFCPGZEYUJPQR HTTP/1.1" 200 None
2020-05-20 11:14:20,320 DEBUG   : https://api.polygon.io:443 "GET /v2/aggs/ticker/DB/range/1/minute/2020-05-18/2020-05-20?unadjusted=False&limit=1000&apiKey=PKTRG7HFFCPGZEYUJPQR HTTP/1.1" 200 None
2020-05-20 11:14:20,448 DEBUG   : https://api.polygon.io:443 "GET /v2/aggs/ticker/IMGN/range/1/minute/2020-05-18/2020-05-20?unadjusted=False&limit=1000&apiKey=PKTRG7HFFCPGZEYUJPQR HTTP/1.1" 200 None
2020-05-20 11:14:20,728 DEBUG   : https://api.polygon.io:443 "GET /v2/aggs/ticker/CASI/range/1/minute/2020-05-18/2020-05-20?unadjusted=False&limit=1000&apiKey=PKTRG7HFFCPGZEYUJPQR HTTP/1.1" 200 None
2020-05-20 11:14:20,841 DEBUG   : https://api.polygon.io:443 "GET /v2/aggs/ticker/AA/range/1/minute/2020-05-18/2020-05-20?unadjusted=False&limit=1000&apiKey=PKTRG7HFFCPGZEYUJPQR HTTP/1.1" 200 None
2020-05-20 11:14:21,189 DEBUG   : https://api.polygon.io:443 "GET /v2/aggs/ticker/TGP/range/1/minute/2020-05-18/2020-05-20?unadjusted=False&limit=1000&apiKey=PKTRG7HFFCPGZEYUJPQR HTTP/1.1" 200 None
2020-05-20 11:14:21,299 DEBUG   : https://api.polygon.io:443 "GET /v2/aggs/ticker/PFS/range/1/minute/2020-05-18/2020-05-20?unadjusted=False&limit=1000&apiKey=PKTRG7HFFCPGZEYUJPQR HTTP/1.1" 200 None
2020-05-20 11:14:21,453 DEBUG   : https://api.polygon.io:443 "GET /v2/aggs/ticker/NRGU/range/1/minute/2020-05-18/2020-05-20?unadjusted=False&limit=1000&apiKey=PKTRG7HFFCPGZEYUJPQR HTTP/1.1" 200 None
2020-05-20 11:14:21,610 DEBUG   : https://api.polygon.io:443 "GET /v2/aggs/ticker/CTSO/range/1/minute/2020-05-18/2020-05-20?unadjusted=False&limit=1000&apiKey=PKTRG7HFFCPGZEYUJPQR HTTP/1.1" 200 None
2020-05-20 11:14:21,748 DEBUG   : https://api.polygon.io:443 "GET /v2/aggs/ticker/TDW/range/1/minute/2020-05-18/2020-05-20?unadjusted=False&limit=1000&apiKey=PKTRG7HFFCPGZEYUJPQR HTTP/1.1" 200 None
2020-05-20 11:14:21,864 DEBUG   : https://api.polygon.io:443 "GET /v2/aggs/ticker/BY/range/1/minute/2020-05-18/2020-05-20?unadjusted=False&limit=1000&apiKey=PKTRG7HFFCPGZEYUJPQR HTTP/1.1" 200 None
2020-05-20 11:14:21,969 DEBUG   : https://api.polygon.io:443 "GET /v2/aggs/ticker/COOP/range/1/minute/2020-05-18/2020-05-20?unadjusted=False&limit=1000&apiKey=PKTRG7HFFCPGZEYUJPQR HTTP/1.1" 200 None
2020-05-20 11:14:22,107 DEBUG   : https://api.polygon.io:443 "GET /v2/aggs/ticker/VKTX/range/1/minute/2020-05-18/2020-05-20?unadjusted=False&limit=1000&apiKey=PKTRG7HFFCPGZEYUJPQR HTTP/1.1" 200 None
2020-05-20 11:14:22,254 DEBUG   : https://api.polygon.io:443 "GET /v2/aggs/ticker/ATRA/range/1/minute/2020-05-18/2020-05-20?unadjusted=False&limit=1000&apiKey=PKTRG7HFFCPGZEYUJPQR HTTP/1.1" 200 None
2020-05-20 11:14:22,379 DEBUG   : https://api.polygon.io:443 "GET /v2/aggs/ticker/STXB/range/1/minute/2020-05-18/2020-05-20?unadjusted=False&limit=1000&apiKey=PKTRG7HFFCPGZEYUJPQR HTTP/1.1" 200 None
2020-05-20 11:14:22,492 DEBUG   : https://api.polygon.io:443 "GET /v2/aggs/ticker/ZUO/range/1/minute/2020-05-18/2020-05-20?unadjusted=False&limit=1000&apiKey=PKTRG7HFFCPGZEYUJPQR HTTP/1.1" 200 None
2020-05-20 11:14:22,590 DEBUG   : https://api.polygon.io:443 "GET /v2/aggs/ticker/HOME/range/1/minute/2020-05-18/2020-05-20?unadjusted=False&limit=1000&apiKey=PKTRG7HFFCPGZEYUJPQR HTTP/1.1" 200 None
2020-05-20 11:14:22,678 DEBUG   : https://api.polygon.io:443 "GET /v2/aggs/ticker/ERA/range/1/minute/2020-05-18/2020-05-20?unadjusted=False&limit=1000&apiKey=PKTRG7HFFCPGZEYUJPQR HTTP/1.1" 200 None
2020-05-20 11:14:22,761 DEBUG   : https://api.polygon.io:443 "GET /v2/aggs/ticker/NWBI/range/1/minute/2020-05-18/2020-05-20?unadjusted=False&limit=1000&apiKey=PKTRG7HFFCPGZEYUJPQR HTTP/1.1" 200 None
2020-05-20 11:14:22,883 DEBUG   : https://api.polygon.io:443 "GET /v2/aggs/ticker/MESA/range/1/minute/2020-05-18/2020-05-20?unadjusted=False&limit=1000&apiKey=PKTRG7HFFCPGZEYUJPQR HTTP/1.1" 200 None
2020-05-20 11:14:23,040 DEBUG   : https://api.polygon.io:443 "GET /v2/aggs/ticker/NLTX/range/1/minute/2020-05-18/2020-05-20?unadjusted=False&limit=1000&apiKey=PKTRG7HFFCPGZEYUJPQR HTTP/1.1" 200 None
2020-05-20 11:14:23,177 DEBUG   : https://api.polygon.io:443 "GET /v2/aggs/ticker/CLPR/range/1/minute/2020-05-18/2020-05-20?unadjusted=False&limit=1000&apiKey=PKTRG7HFFCPGZEYUJPQR HTTP/1.1" 200 None
2020-05-20 11:14:23,393 DEBUG   : https://api.polygon.io:443 "GET /v2/aggs/ticker/MAT/range/1/minute/2020-05-18/2020-05-20?unadjusted=False&limit=1000&apiKey=PKTRG7HFFCPGZEYUJPQR HTTP/1.1" 200 None
2020-05-20 11:14:23,635 DEBUG   : https://api.polygon.io:443 "GET /v2/aggs/ticker/PUMP/range/1/minute/2020-05-18/2020-05-20?unadjusted=False&limit=1000&apiKey=PKTRG7HFFCPGZEYUJPQR HTTP/1.1" 200 None
2020-05-20 11:14:23,948 DEBUG   : https://api.polygon.io:443 "GET /v2/aggs/ticker/FTSI/range/1/minute/2020-05-18/2020-05-20?unadjusted=False&limit=1000&apiKey=PKTRG7HFFCPGZEYUJPQR HTTP/1.1" 200 None
2020-05-20 11:14:24,117 DEBUG   : https://api.polygon.io:443 "GET /v2/aggs/ticker/SLCA/range/1/minute/2020-05-18/2020-05-20?unadjusted=False&limit=1000&apiKey=PKTRG7HFFCPGZEYUJPQR HTTP/1.1" 200 None
2020-05-20 11:14:24,444 DEBUG   : https://api.polygon.io:443 "GET /v2/aggs/ticker/BCRX/range/1/minute/2020-05-18/2020-05-20?unadjusted=False&limit=1000&apiKey=PKTRG7HFFCPGZEYUJPQR HTTP/1.1" 200 None
2020-05-20 11:14:24,637 DEBUG   : https://api.polygon.io:443 "GET /v2/aggs/ticker/LAC/range/1/minute/2020-05-18/2020-05-20?unadjusted=False&limit=1000&apiKey=PKTRG7HFFCPGZEYUJPQR HTTP/1.1" 200 None
2020-05-20 11:14:24,760 DEBUG   : https://api.polygon.io:443 "GET /v2/aggs/ticker/IBN/range/1/minute/2020-05-18/2020-05-20?unadjusted=False&limit=1000&apiKey=PKTRG7HFFCPGZEYUJPQR HTTP/1.1" 200 None
2020-05-20 11:14:25,150 DEBUG   : https://api.polygon.io:443 "GET /v2/aggs/ticker/PBF/range/1/minute/2020-05-18/2020-05-20?unadjusted=False&limit=1000&apiKey=PKTRG7HFFCPGZEYUJPQR HTTP/1.1" 200 None
2020-05-20 11:14:25,350 DEBUG   : https://api.polygon.io:443 "GET /v2/aggs/ticker/TBBK/range/1/minute/2020-05-18/2020-05-20?unadjusted=False&limit=1000&apiKey=PKTRG7HFFCPGZEYUJPQR HTTP/1.1" 200 None
2020-05-20 11:14:25,447 DEBUG   : https://api.polygon.io:443 "GET /v2/aggs/ticker/EBSB/range/1/minute/2020-05-18/2020-05-20?unadjusted=False&limit=1000&apiKey=PKTRG7HFFCPGZEYUJPQR HTTP/1.1" 200 None
2020-05-20 11:14:25,582 DEBUG   : https://api.polygon.io:443 "GET /v2/aggs/ticker/CHK/range/1/minute/2020-05-18/2020-05-20?unadjusted=False&limit=1000&apiKey=PKTRG7HFFCPGZEYUJPQR HTTP/1.1" 200 None
2020-05-20 11:14:25,850 DEBUG   : https://api.polygon.io:443 "GET /v2/aggs/ticker/PDLI/range/1/minute/2020-05-18/2020-05-20?unadjusted=False&limit=1000&apiKey=PKTRG7HFFCPGZEYUJPQR HTTP/1.1" 200 None
2020-05-20 11:14:25,940 DEBUG   : https://api.polygon.io:443 "GET /v2/aggs/ticker/FLXS/range/1/minute/2020-05-18/2020-05-20?unadjusted=False&limit=1000&apiKey=PKTRG7HFFCPGZEYUJPQR HTTP/1.1" 200 None
2020-05-20 11:14:26,050 DEBUG   : https://api.polygon.io:443 "GET /v2/aggs/ticker/NML/range/1/minute/2020-05-18/2020-05-20?unadjusted=False&limit=1000&apiKey=PKTRG7HFFCPGZEYUJPQR HTTP/1.1" 200 None
2020-05-20 11:14:26,164 DEBUG   : https://api.polygon.io:443 "GET /v2/aggs/ticker/VET/range/1/minute/2020-05-18/2020-05-20?unadjusted=False&limit=1000&apiKey=PKTRG7HFFCPGZEYUJPQR HTTP/1.1" 200 None
2020-05-20 11:14:26,253 DEBUG   : https://api.polygon.io:443 "GET /v2/aggs/ticker/AFI/range/1/minute/2020-05-18/2020-05-20?unadjusted=False&limit=1000&apiKey=PKTRG7HFFCPGZEYUJPQR HTTP/1.1" 200 None
2020-05-20 11:14:26,350 DEBUG   : https://api.polygon.io:443 "GET /v2/aggs/ticker/NVGS/range/1/minute/2020-05-18/2020-05-20?unadjusted=False&limit=1000&apiKey=PKTRG7HFFCPGZEYUJPQR HTTP/1.1" 200 None
2020-05-20 11:14:26,508 DEBUG   : https://api.polygon.io:443 "GET /v2/aggs/ticker/DCP/range/1/minute/2020-05-18/2020-05-20?unadjusted=False&limit=1000&apiKey=PKTRG7HFFCPGZEYUJPQR HTTP/1.1" 200 None
2020-05-20 11:14:26,650 DEBUG   : https://api.polygon.io:443 "GET /v2/aggs/ticker/FBP/range/1/minute/2020-05-18/2020-05-20?unadjusted=False&limit=1000&apiKey=PKTRG7HFFCPGZEYUJPQR HTTP/1.1" 200 None
2020-05-20 11:14:26,836 DEBUG   : https://api.polygon.io:443 "GET /v2/aggs/ticker/TRTX/range/1/minute/2020-05-18/2020-05-20?unadjusted=False&limit=1000&apiKey=PKTRG7HFFCPGZEYUJPQR HTTP/1.1" 200 None
2020-05-20 11:14:26,941 DEBUG   : https://api.polygon.io:443 "GET /v2/aggs/ticker/LQDA/range/1/minute/2020-05-18/2020-05-20?unadjusted=False&limit=1000&apiKey=PKTRG7HFFCPGZEYUJPQR HTTP/1.1" 200 None
2020-05-20 11:14:27,148 DEBUG   : https://api.polygon.io:443 "GET /v2/aggs/ticker/VRRM/range/1/minute/2020-05-18/2020-05-20?unadjusted=False&limit=1000&apiKey=PKTRG7HFFCPGZEYUJPQR HTTP/1.1" 200 None
2020-05-20 11:14:27,247 DEBUG   : https://api.polygon.io:443 "GET /v2/aggs/ticker/SFE/range/1/minute/2020-05-18/2020-05-20?unadjusted=False&limit=1000&apiKey=PKTRG7HFFCPGZEYUJPQR HTTP/1.1" 200 None
2020-05-20 11:14:27,318 DEBUG   : https://api.polygon.io:443 "GET /v2/aggs/ticker/MWA/range/1/minute/2020-05-18/2020-05-20?unadjusted=False&limit=1000&apiKey=PKTRG7HFFCPGZEYUJPQR HTTP/1.1" 200 None
2020-05-20 11:14:27,669 DEBUG   : https://api.polygon.io:443 "GET /v2/aggs/ticker/DENN/range/1/minute/2020-05-18/2020-05-20?unadjusted=False&limit=1000&apiKey=PKTRG7HFFCPGZEYUJPQR HTTP/1.1" 200 None
2020-05-20 11:14:27,951 DEBUG   : https://api.polygon.io:443 "GET /v2/aggs/ticker/BCOR/range/1/minute/2020-05-18/2020-05-20?unadjusted=False&limit=1000&apiKey=PKTRG7HFFCPGZEYUJPQR HTTP/1.1" 200 None
2020-05-20 11:14:28,112 DEBUG   : https://api.polygon.io:443 "GET /v2/aggs/ticker/PGNX/range/1/minute/2020-05-18/2020-05-20?unadjusted=False&limit=1000&apiKey=PKTRG7HFFCPGZEYUJPQR HTTP/1.1" 200 None
2020-05-20 11:14:28,192 DEBUG   : https://api.polygon.io:443 "GET /v2/aggs/ticker/MRAM/range/1/minute/2020-05-18/2020-05-20?unadjusted=False&limit=1000&apiKey=PKTRG7HFFCPGZEYUJPQR HTTP/1.1" 200 None
2020-05-20 11:14:29,156 DEBUG   : https://api.polygon.io:443 "GET /v2/aggs/ticker/CAMT/range/1/minute/2020-05-18/2020-05-20?unadjusted=False&limit=1000&apiKey=PKTRG7HFFCPGZEYUJPQR HTTP/1.1" 200 None
2020-05-20 11:14:29,282 DEBUG   : https://api.polygon.io:443 "GET /v2/aggs/ticker/DBD/range/1/minute/2020-05-18/2020-05-20?unadjusted=False&limit=1000&apiKey=PKTRG7HFFCPGZEYUJPQR HTTP/1.1" 200 None
2020-05-20 11:14:29,379 DEBUG   : https://api.polygon.io:443 "GET /v2/aggs/ticker/USX/range/1/minute/2020-05-18/2020-05-20?unadjusted=False&limit=1000&apiKey=PKTRG7HFFCPGZEYUJPQR HTTP/1.1" 200 None
2020-05-20 11:14:29,953 DEBUG   : https://api.polygon.io:443 "GET /v2/aggs/ticker/ING/range/1/minute/2020-05-18/2020-05-20?unadjusted=False&limit=1000&apiKey=PKTRG7HFFCPGZEYUJPQR HTTP/1.1" 200 None
2020-05-20 11:14:31,039 DEBUG   : https://api.polygon.io:443 "GET /v2/aggs/ticker/CWK/range/1/minute/2020-05-18/2020-05-20?unadjusted=False&limit=1000&apiKey=PKTRG7HFFCPGZEYUJPQR HTTP/1.1" 200 None
2020-05-20 11:14:31,164 DEBUG   : https://api.polygon.io:443 "GET /v2/aggs/ticker/DBVT/range/1/minute/2020-05-18/2020-05-20?unadjusted=False&limit=1000&apiKey=PKTRG7HFFCPGZEYUJPQR HTTP/1.1" 200 None
2020-05-20 11:14:31,445 DEBUG   : https://api.polygon.io:443 "GET /v2/aggs/ticker/HLX/range/1/minute/2020-05-18/2020-05-20?unadjusted=False&limit=1000&apiKey=PKTRG7HFFCPGZEYUJPQR HTTP/1.1" 200 None
2020-05-20 11:14:31,838 DEBUG   : https://api.polygon.io:443 "GET /v2/aggs/ticker/FNB/range/1/minute/2020-05-18/2020-05-20?unadjusted=False&limit=1000&apiKey=PKTRG7HFFCPGZEYUJPQR HTTP/1.1" 200 None
2020-05-20 11:14:32,143 DEBUG   : https://api.polygon.io:443 "GET /v2/aggs/ticker/AUTL/range/1/minute/2020-05-18/2020-05-20?unadjusted=False&limit=1000&apiKey=PKTRG7HFFCPGZEYUJPQR HTTP/1.1" 200 None
2020-05-20 11:14:32,230 DEBUG   : https://api.polygon.io:443 "GET /v2/aggs/ticker/ETRN/range/1/minute/2020-05-18/2020-05-20?unadjusted=False&limit=1000&apiKey=PKTRG7HFFCPGZEYUJPQR HTTP/1.1" 200 None
2020-05-20 11:14:32,365 DEBUG   : https://api.polygon.io:443 "GET /v2/aggs/ticker/SMHB/range/1/minute/2020-05-18/2020-05-20?unadjusted=False&limit=1000&apiKey=PKTRG7HFFCPGZEYUJPQR HTTP/1.1" 200 None
2020-05-20 11:14:32,462 DEBUG   : https://api.polygon.io:443 "GET /v2/aggs/ticker/LEU/range/1/minute/2020-05-18/2020-05-20?unadjusted=False&limit=1000&apiKey=PKTRG7HFFCPGZEYUJPQR HTTP/1.1" 200 None
2020-05-20 11:14:32,571 DEBUG   : https://api.polygon.io:443 "GET /v2/aggs/ticker/TPC/range/1/minute/2020-05-18/2020-05-20?unadjusted=False&limit=1000&apiKey=PKTRG7HFFCPGZEYUJPQR HTTP/1.1" 200 None
2020-05-20 11:14:32,724 DEBUG   : https://api.polygon.io:443 "GET /v2/aggs/ticker/KZR/range/1/minute/2020-05-18/2020-05-20?unadjusted=False&limit=1000&apiKey=PKTRG7HFFCPGZEYUJPQR HTTP/1.1" 200 None
2020-05-20 11:14:32,826 DEBUG   : https://api.polygon.io:443 "GET /v2/aggs/ticker/FHN/range/1/minute/2020-05-18/2020-05-20?unadjusted=False&limit=1000&apiKey=PKTRG7HFFCPGZEYUJPQR HTTP/1.1" 200 None
2020-05-20 11:14:32,925 DEBUG   : https://api.polygon.io:443 "GET /v2/aggs/ticker/ATEC/range/1/minute/2020-05-18/2020-05-20?unadjusted=False&limit=1000&apiKey=PKTRG7HFFCPGZEYUJPQR HTTP/1.1" 200 None
2020-05-20 11:14:33,068 DEBUG   : https://api.polygon.io:443 "GET /v2/aggs/ticker/CMRX/range/1/minute/2020-05-18/2020-05-20?unadjusted=False&limit=1000&apiKey=PKTRG7HFFCPGZEYUJPQR HTTP/1.1" 200 None
2020-05-20 11:14:33,208 DEBUG   : https://api.polygon.io:443 "GET /v2/aggs/ticker/ARR/range/1/minute/2020-05-18/2020-05-20?unadjusted=False&limit=1000&apiKey=PKTRG7HFFCPGZEYUJPQR HTTP/1.1" 200 None
2020-05-20 11:14:33,312 DEBUG   : https://api.polygon.io:443 "GET /v2/aggs/ticker/PBR.A/range/1/minute/2020-05-18/2020-05-20?unadjusted=False&limit=1000&apiKey=PKTRG7HFFCPGZEYUJPQR HTTP/1.1" 200 None
2020-05-20 11:14:33,405 DEBUG   : https://api.polygon.io:443 "GET /v2/aggs/ticker/BXRX/range/1/minute/2020-05-18/2020-05-20?unadjusted=False&limit=1000&apiKey=PKTRG7HFFCPGZEYUJPQR HTTP/1.1" 200 None
2020-05-20 11:14:33,490 DEBUG   : https://api.polygon.io:443 "GET /v2/aggs/ticker/PROS/range/1/minute/2020-05-18/2020-05-20?unadjusted=False&limit=1000&apiKey=PKTRG7HFFCPGZEYUJPQR HTTP/1.1" 200 None
2020-05-20 11:14:33,582 DEBUG   : https://api.polygon.io:443 "GET /v2/aggs/ticker/DOYU/range/1/minute/2020-05-18/2020-05-20?unadjusted=False&limit=1000&apiKey=PKTRG7HFFCPGZEYUJPQR HTTP/1.1" 200 None
2020-05-20 11:14:33,700 DEBUG   : https://api.polygon.io:443 "GET /v2/aggs/ticker/FRTA/range/1/minute/2020-05-18/2020-05-20?unadjusted=False&limit=1000&apiKey=PKTRG7HFFCPGZEYUJPQR HTTP/1.1" 200 None
2020-05-20 11:14:33,946 DEBUG   : https://api.polygon.io:443 "GET /v2/aggs/ticker/ZIOP/range/1/minute/2020-05-18/2020-05-20?unadjusted=False&limit=1000&apiKey=PKTRG7HFFCPGZEYUJPQR HTTP/1.1" 200 None
2020-05-20 11:14:34,101 DEBUG   : https://api.polygon.io:443 "GET /v2/aggs/ticker/EOLS/range/1/minute/2020-05-18/2020-05-20?unadjusted=False&limit=1000&apiKey=PKTRG7HFFCPGZEYUJPQR HTTP/1.1" 200 None
2020-05-20 11:14:34,254 DEBUG   : https://api.polygon.io:443 "GET /v2/aggs/ticker/TK/range/1/minute/2020-05-18/2020-05-20?unadjusted=False&limit=1000&apiKey=PKTRG7HFFCPGZEYUJPQR HTTP/1.1" 200 None
2020-05-20 11:14:34,403 DEBUG   : https://api.polygon.io:443 "GET /v2/aggs/ticker/ARCO/range/1/minute/2020-05-18/2020-05-20?unadjusted=False&limit=1000&apiKey=PKTRG7HFFCPGZEYUJPQR HTTP/1.1" 200 None
2020-05-20 11:14:34,532 DEBUG   : https://api.polygon.io:443 "GET /v2/aggs/ticker/ATHX/range/1/minute/2020-05-18/2020-05-20?unadjusted=False&limit=1000&apiKey=PKTRG7HFFCPGZEYUJPQR HTTP/1.1" 200 None
2020-05-20 11:14:34,669 DEBUG   : https://api.polygon.io:443 "GET /v2/aggs/ticker/HOOK/range/1/minute/2020-05-18/2020-05-20?unadjusted=False&limit=1000&apiKey=PKTRG7HFFCPGZEYUJPQR HTTP/1.1" 200 None
2020-05-20 11:14:34,775 DEBUG   : https://api.polygon.io:443 "GET /v2/aggs/ticker/TWO/range/1/minute/2020-05-18/2020-05-20?unadjusted=False&limit=1000&apiKey=PKTRG7HFFCPGZEYUJPQR HTTP/1.1" 200 None
2020-05-20 11:14:34,900 DEBUG   : https://api.polygon.io:443 "GET /v2/aggs/ticker/FCF/range/1/minute/2020-05-18/2020-05-20?unadjusted=False&limit=1000&apiKey=PKTRG7HFFCPGZEYUJPQR HTTP/1.1" 200 None
2020-05-20 11:14:35,030 DEBUG   : https://api.polygon.io:443 "GET /v2/aggs/ticker/KDMN/range/1/minute/2020-05-18/2020-05-20?unadjusted=False&limit=1000&apiKey=PKTRG7HFFCPGZEYUJPQR HTTP/1.1" 200 None
2020-05-20 11:14:35,142 DEBUG   : https://api.polygon.io:443 "GET /v2/aggs/ticker/HAFC/range/1/minute/2020-05-18/2020-05-20?unadjusted=False&limit=1000&apiKey=PKTRG7HFFCPGZEYUJPQR HTTP/1.1" 200 None
2020-05-20 11:14:35,238 DEBUG   : https://api.polygon.io:443 "GET /v2/aggs/ticker/MSON/range/1/minute/2020-05-18/2020-05-20?unadjusted=False&limit=1000&apiKey=PKTRG7HFFCPGZEYUJPQR HTTP/1.1" 200 None
2020-05-20 11:14:35,334 DEBUG   : https://api.polygon.io:443 "GET /v2/aggs/ticker/MGY/range/1/minute/2020-05-18/2020-05-20?unadjusted=False&limit=1000&apiKey=PKTRG7HFFCPGZEYUJPQR HTTP/1.1" 200 None
2020-05-20 11:14:35,428 DEBUG   : https://api.polygon.io:443 "GET /v2/aggs/ticker/GRTX/range/1/minute/2020-05-18/2020-05-20?unadjusted=False&limit=1000&apiKey=PKTRG7HFFCPGZEYUJPQR HTTP/1.1" 200 None
2020-05-20 11:14:35,509 DEBUG   : https://api.polygon.io:443 "GET /v2/aggs/ticker/LOV/range/1/minute/2020-05-18/2020-05-20?unadjusted=False&limit=1000&apiKey=PKTRG7HFFCPGZEYUJPQR HTTP/1.1" 200 None
2020-05-20 11:14:35,603 DEBUG   : https://api.polygon.io:443 "GET /v2/aggs/ticker/RRR/range/1/minute/2020-05-18/2020-05-20?unadjusted=False&limit=1000&apiKey=PKTRG7HFFCPGZEYUJPQR HTTP/1.1" 200 None
2020-05-20 11:14:35,700 DEBUG   : https://api.polygon.io:443 "GET /v2/aggs/ticker/OMI/range/1/minute/2020-05-18/2020-05-20?unadjusted=False&limit=1000&apiKey=PKTRG7HFFCPGZEYUJPQR HTTP/1.1" 200 None
2020-05-20 11:14:35,814 DEBUG   : https://api.polygon.io:443 "GET /v2/aggs/ticker/IRWD/range/1/minute/2020-05-18/2020-05-20?unadjusted=False&limit=1000&apiKey=PKTRG7HFFCPGZEYUJPQR HTTP/1.1" 200 None
2020-05-20 11:14:35,917 DEBUG   : https://api.polygon.io:443 "GET /v2/aggs/ticker/RLGY/range/1/minute/2020-05-18/2020-05-20?unadjusted=False&limit=1000&apiKey=PKTRG7HFFCPGZEYUJPQR HTTP/1.1" 200 None
2020-05-20 11:14:36,081 DEBUG   : https://api.polygon.io:443 "GET /v2/aggs/ticker/CLDR/range/1/minute/2020-05-18/2020-05-20?unadjusted=False&limit=1000&apiKey=PKTRG7HFFCPGZEYUJPQR HTTP/1.1" 200 None
2020-05-20 11:14:36,239 DEBUG   : https://api.polygon.io:443 "GET /v2/aggs/ticker/RMBL/range/1/minute/2020-05-18/2020-05-20?unadjusted=False&limit=1000&apiKey=PKTRG7HFFCPGZEYUJPQR HTTP/1.1" 200 None
2020-05-20 11:14:36,339 DEBUG   : https://api.polygon.io:443 "GET /v2/aggs/ticker/WTTR/range/1/minute/2020-05-18/2020-05-20?unadjusted=False&limit=1000&apiKey=PKTRG7HFFCPGZEYUJPQR HTTP/1.1" 200 None
2020-05-20 11:14:36,421 DEBUG   : https://api.polygon.io:443 "GET /v2/aggs/ticker/WBK/range/1/minute/2020-05-18/2020-05-20?unadjusted=False&limit=1000&apiKey=PKTRG7HFFCPGZEYUJPQR HTTP/1.1" 200 None
2020-05-20 11:14:36,523 DEBUG   : https://api.polygon.io:443 "GET /v2/aggs/ticker/FXN/range/1/minute/2020-05-18/2020-05-20?unadjusted=False&limit=1000&apiKey=PKTRG7HFFCPGZEYUJPQR HTTP/1.1" 200 None
2020-05-20 11:14:36,601 DEBUG   : https://api.polygon.io:443 "GET /v2/aggs/ticker/MNLO/range/1/minute/2020-05-18/2020-05-20?unadjusted=False&limit=1000&apiKey=PKTRG7HFFCPGZEYUJPQR HTTP/1.1" 200 None
2020-05-20 11:14:36,686 DEBUG   : https://api.polygon.io:443 "GET /v2/aggs/ticker/MRC/range/1/minute/2020-05-18/2020-05-20?unadjusted=False&limit=1000&apiKey=PKTRG7HFFCPGZEYUJPQR HTTP/1.1" 200 None
2020-05-20 11:14:36,778 DEBUG   : https://api.polygon.io:443 "GET /v2/aggs/ticker/ODP/range/1/minute/2020-05-18/2020-05-20?unadjusted=False&limit=1000&apiKey=PKTRG7HFFCPGZEYUJPQR HTTP/1.1" 200 None
2020-05-20 11:14:36,802 DEBUG   : Resetting dropped connection: api.polygon.io
2020-05-20 11:14:36,962 DEBUG   : https://api.polygon.io:443 "GET /v2/aggs/ticker/SONA/range/1/minute/2020-05-18/2020-05-20?unadjusted=False&limit=1000&apiKey=PKTRG7HFFCPGZEYUJPQR HTTP/1.1" 200 None
2020-05-20 11:14:37,038 DEBUG   : https://api.polygon.io:443 "GET /v2/aggs/ticker/PEB/range/1/minute/2020-05-18/2020-05-20?unadjusted=False&limit=1000&apiKey=PKTRG7HFFCPGZEYUJPQR HTTP/1.1" 200 None
2020-05-20 11:14:37,175 DEBUG   : https://api.polygon.io:443 "GET /v2/aggs/ticker/VNDA/range/1/minute/2020-05-18/2020-05-20?unadjusted=False&limit=1000&apiKey=PKTRG7HFFCPGZEYUJPQR HTTP/1.1" 200 None
2020-05-20 11:14:37,267 DEBUG   : https://api.polygon.io:443 "GET /v2/aggs/ticker/TNP/range/1/minute/2020-05-18/2020-05-20?unadjusted=False&limit=1000&apiKey=PKTRG7HFFCPGZEYUJPQR HTTP/1.1" 200 None
2020-05-20 11:14:37,376 DEBUG   : https://api.polygon.io:443 "GET /v2/aggs/ticker/LTRPA/range/1/minute/2020-05-18/2020-05-20?unadjusted=False&limit=1000&apiKey=PKTRG7HFFCPGZEYUJPQR HTTP/1.1" 200 None
2020-05-20 11:14:37,466 DEBUG   : https://api.polygon.io:443 "GET /v2/aggs/ticker/JAX/range/1/minute/2020-05-18/2020-05-20?unadjusted=False&limit=1000&apiKey=PKTRG7HFFCPGZEYUJPQR HTTP/1.1" 200 None
2020-05-20 11:14:37,542 DEBUG   : https://api.polygon.io:443 "GET /v2/aggs/ticker/WBT/range/1/minute/2020-05-18/2020-05-20?unadjusted=False&limit=1000&apiKey=PKTRG7HFFCPGZEYUJPQR HTTP/1.1" 200 None
2020-05-20 11:14:37,700 DEBUG   : https://api.polygon.io:443 "GET /v2/aggs/ticker/XHR/range/1/minute/2020-05-18/2020-05-20?unadjusted=False&limit=1000&apiKey=PKTRG7HFFCPGZEYUJPQR HTTP/1.1" 200 None
2020-05-20 11:14:37,817 DEBUG   : https://api.polygon.io:443 "GET /v2/aggs/ticker/BB/range/1/minute/2020-05-18/2020-05-20?unadjusted=False&limit=1000&apiKey=PKTRG7HFFCPGZEYUJPQR HTTP/1.1" 200 None
2020-05-20 11:14:37,922 DEBUG   : https://api.polygon.io:443 "GET /v2/aggs/ticker/PIRS/range/1/minute/2020-05-18/2020-05-20?unadjusted=False&limit=1000&apiKey=PKTRG7HFFCPGZEYUJPQR HTTP/1.1" 200 None
2020-05-20 11:14:38,003 DEBUG   : https://api.polygon.io:443 "GET /v2/aggs/ticker/WOW/range/1/minute/2020-05-18/2020-05-20?unadjusted=False&limit=1000&apiKey=PKTRG7HFFCPGZEYUJPQR HTTP/1.1" 200 None
2020-05-20 11:14:38,075 DEBUG   : https://api.polygon.io:443 "GET /v2/aggs/ticker/RLGT/range/1/minute/2020-05-18/2020-05-20?unadjusted=False&limit=1000&apiKey=PKTRG7HFFCPGZEYUJPQR HTTP/1.1" 200 None
2020-05-20 11:14:38,147 DEBUG   : https://api.polygon.io:443 "GET /v2/aggs/ticker/ENLC/range/1/minute/2020-05-18/2020-05-20?unadjusted=False&limit=1000&apiKey=PKTRG7HFFCPGZEYUJPQR HTTP/1.1" 200 None
2020-05-20 11:14:38,244 DEBUG   : https://api.polygon.io:443 "GET /v2/aggs/ticker/SAN/range/1/minute/2020-05-18/2020-05-20?unadjusted=False&limit=1000&apiKey=PKTRG7HFFCPGZEYUJPQR HTTP/1.1" 200 None
2020-05-20 11:14:38,343 DEBUG   : https://api.polygon.io:443 "GET /v2/aggs/ticker/TRST/range/1/minute/2020-05-18/2020-05-20?unadjusted=False&limit=1000&apiKey=PKTRG7HFFCPGZEYUJPQR HTTP/1.1" 200 None
